cp: cannot stat 'sub-0008_ses-02task-faces_run-01-age_TEMPbeh.csv': No such file or directory
cp: cannot stat 'sub-0008_ses-02task-faces_run-03-intensity_TEMPbeh.csv': No such file or directory
[master 5fd9504b] DOC: copy over temporary data sub-0008 ses-02 run-01 task-faces
 1 file changed, 97 insertions(+)
 create mode 100644 sub-0008/task-faces/sub-0008_ses-02_task-faces_run-01_beh_TEMP.csv
cp: cannot stat 'sub-0008_ses-02task-faces_run-01-age_TEMPbeh.csv': No such file or directory
cp: cannot stat 'sub-0008_ses-02task-faces_run-03-intensity_TEMPbeh.csv': No such file or directory
[master 310d1222] DOC: copy over temporary data sub-0008 ses-02 run-02 task-faces
 1 file changed, 97 insertions(+)
 create mode 100644 sub-0008/task-faces/sub-0008_ses-02_task-faces_run-02_beh_TEMP.csv
cp: cannot stat 'sub-0008_ses-02task-faces_run-01-age_TEMPbeh.csv': No such file or directory
cp: cannot stat 'sub-0008_ses-02task-faces_run-03-intensity_TEMPbeh.csv': No such file or directory
[master cf9defa2] DOC: copy over temporary data sub-0008 ses-02 run-03 task-faces
 1 file changed, 97 insertions(+)
 create mode 100644 sub-0008/task-faces/sub-0008_ses-02_task-faces_run-03_beh_TEMP.csv
[master 9a1a6e19] DOC: copy over temporary data sub-0008 ses-04 run-05 task-social
 1 file changed, 13 insertions(+)
 create mode 100644 sub-0008/task-social/ses-04/sub-0008_ses-04_task-social_run-05_beh_TEMP.csv
cp: cannot stat 'sub-0011_run-02_task-narratives_TEMPbeh.csv': No such file or directory
cp: cannot stat 'sub-0011_run-01_task-narratives_TEMPbeh.csv': No such file or directory
cp: cannot stat 'sub-0011_run-04_task-narratives_TEMPbeh.csv': No such file or directory
[master cfa3c6ad] DOC: copy over temporary data sub-0011 ses-02 run-02 task-narratives
 1 file changed, 19 insertions(+)
 create mode 100644 sub-0011/task-narratives/sub-0011_ses-02_task-narratives_run-02_beh_TEMP.csv
[master aa09792c] DOC: copy over temporary data sub-0011 ses-03 run-02 task-social
 1 file changed, 13 insertions(+)
 create mode 100644 sub-0011/task-social/ses-03/sub-0011_ses-03_task-social_run-02_beh_TEMP.csv
[master 51fd06cb] DOC: copy over temporary data sub-0011 ses-04 run-01 task-social
 1 file changed, 13 insertions(+)
 create mode 100644 sub-0011/task-social/ses-04/sub-0011_ses-04_task-social_run-01_beh_TEMP.csv
[master b0b94f76] DOC: copy over temporary data sub-0013 ses-01 run-03 task-social
 1 file changed, 13 insertions(+)
 create mode 100644 sub-0013/task-social/ses-01/sub-0013_ses-01_task-social_run-03_beh_TEMP.csv
[master 956c7ff1] DOC: copy over temporary data sub-0014 ses-01 run-02 task-social
 1 file changed, 13 insertions(+)
 create mode 100644 sub-0014/task-social/ses-01/sub-0014_ses-01_task-social_run-02_beh_TEMP.csv
[master 7fdf1b7d] DOC: copy over temporary data sub-0016 ses-04 run-03 task-social
 1 file changed, 13 insertions(+)
 create mode 100644 sub-0016/task-social/ses-04/sub-0016_ses-04_task-social_run-03_beh_TEMP.csv
cp: cannot stat 'sub-0017_ses-01_task-alignvideos_run-02_TEMP_beh.csv': No such file or directory
cp: cannot stat 'sub-0017_ses-01_task-alignvideos_run-04_TEMP_beh.csv': No such file or directory
cp: cannot stat 'sub-0017_ses-01_task-alignvideos_run-03_TEMP_beh.csv': No such file or directory
[master 206d702d] DOC: copy over temporary data sub-0017 ses-01 run-04 task-alignvideo
 1 file changed, 5 insertions(+)
 create mode 100644 sub-0017/task-alignvideos/ses-01/sub-0017_ses-01_task-alignvideos_run-04_beh_TEMP.csv
cp: cannot stat 'sub-0017_ses-02_task-alignvideos_run-04_TEMP_beh.csv': No such file or directory
cp: cannot stat 'sub-0017_ses-02_task-alignvideos_run-03_TEMP_beh.csv': No such file or directory
cp: cannot stat 'sub-0017_ses-02_task-alignvideos_run-01_TEMP_beh.csv': No such file or directory
[master 18298641] DOC: copy over temporary data sub-0017 ses-02 run-01 task-alignvideo
 1 file changed, 5 insertions(+)
 create mode 100644 sub-0017/task-alignvideos/ses-02/sub-0017_ses-02_task-alignvideos_run-01_beh_TEMP.csv
[master c40bfe62] DOC: copy over temporary data sub-0019 ses-03 run-02 task-social
 1 file changed, 13 insertions(+)
 create mode 100644 sub-0019/task-social/ses-03/sub-0019_ses-03_task-social_run-02_beh_TEMP.csv
[master e9f7002b] DOC: copy over temporary data sub-0020 ses-04 run-06 task-social
 1 file changed, 13 insertions(+)
 create mode 100644 sub-0020/task-social/ses-04/sub-0020_ses-04_task-social_run-06_beh_TEMP.csv
cp: cannot stat 'sub-0021_ses-01_task-alignvideos_run-01_TEMP_beh.csv': No such file or directory
cp: cannot stat 'sub-0021_ses-01_task-alignvideos_run-03_TEMP_beh.csv': No such file or directory
cp: cannot stat 'sub-0021_ses-01_task-alignvideos_run-02_TEMP_beh.csv': No such file or directory
[master 7fe4d6ed] DOC: copy over temporary data sub-0021 ses-01 run-03 task-alignvideo
 1 file changed, 3 insertions(+)
 create mode 100644 sub-0021/task-alignvideos/ses-01/sub-0021_ses-01_task-alignvideos_run-03_beh_TEMP.csv
[master 3a88cb49] DOC: copy over temporary data sub-0023 ses-04 run-02 task-social
 1 file changed, 13 insertions(+)
 create mode 100644 sub-0023/task-social/ses-04/sub-0023_ses-04_task-social_run-02_beh_TEMP.csv
[master 8fff6896] DOC: copy over temporary data sub-0024 ses-03 run-05 task-social
 1 file changed, 13 insertions(+)
 create mode 100644 sub-0024/task-social/ses-03/sub-0024_ses-03_task-social_run-05_beh_TEMP.csv
cp: cannot stat 'sub-0038_run-01_task-narratives_TEMPbeh.csv': No such file or directory
cp: cannot stat 'sub-0038_run-04_task-narratives_TEMPbeh.csv': No such file or directory
cp: cannot stat 'sub-0038_run-03_task-narratives_TEMPbeh.csv': No such file or directory
[master 96596462] DOC: copy over temporary data sub-0038 ses-02 run-03 task-narratives
 1 file changed, 19 insertions(+)
 create mode 100644 sub-0038/task-narratives/sub-0038_ses-02_task-narratives_run-03_beh_TEMP.csv
cp: cannot stat 'sub-0065_ses-04_task-alignvideos_run-02_TEMP_beh.csv': No such file or directory
[master a8891cfe] DOC: copy over temporary data sub-0065 ses-04 run-02 task-alignvideo
 1 file changed, 5 insertions(+)
 create mode 100644 sub-0065/task-alignvideos/ses-04/sub-0065_ses-04_task-alignvideos_run-02_beh_TEMP.csv
[master 2b58778c] DOC: copy over temporary data sub-0066 ses-04 run-06 task-social
 1 file changed, 13 insertions(+)
 create mode 100644 sub-0066/task-social/ses-04/sub-0066_ses-04_task-social_run-06_beh_TEMP.csv
cp: cannot stat 'sub-0069_ses-02_task-alignvideos_run-03_TEMP_beh.csv': No such file or directory
cp: cannot stat 'sub-0069_ses-02_task-alignvideos_run-02_TEMP_beh.csv': No such file or directory
cp: cannot stat 'sub-0069_ses-02_task-alignvideos_run-01_TEMP_beh.csv': No such file or directory
[master ae1fccbc] DOC: copy over temporary data sub-0069 ses-02 run-04 task-alignvideo
 1 file changed, 5 insertions(+)
 create mode 100644 sub-0069/task-alignvideos/ses-02/sub-0069_ses-02_task-alignvideos_run-04_beh_TEMP.csv
cp: cannot stat 'sub-0069_run-01_task-narratives_TEMPbeh.csv': No such file or directory
cp: cannot stat 'sub-0069_run-03_task-narratives_TEMPbeh.csv': No such file or directory
cp: cannot stat 'sub-0069_run-04_task-narratives_TEMPbeh.csv': No such file or directory
[master 38db3d6e] DOC: copy over temporary data sub-0069 ses-02 run-03 task-narratives
 1 file changed, 19 insertions(+)
 create mode 100644 sub-0069/task-narratives/sub-0069_ses-02_task-narratives_run-03_beh_TEMP.csv
cp: cannot stat 'sub-0076_ses-02_task-faces_run-02-sex_TEMPbeh.csv': No such file or directory
cp: cannot stat 'sub-0076_ses-02_task-faces_run-03-intensity_TEMPbeh.csv': No such file or directory
[master 7cc86121] DOC: copy over temporary data sub-0076 ses-02 run-03 task-faces
 1 file changed, 97 insertions(+)
 create mode 100644 sub-0076/task-faces/sub-0076_ses-02_task-faces_run-03_beh_TEMP.csv
[master e17576f2] DOC: copy over temporary data sub-0083 ses-04 run-02 task-social
 1 file changed, 13 insertions(+)
 create mode 100644 sub-0083/task-social/ses-04/sub-0083_ses-04_task-social_run-02_beh_TEMP.csv
cp: cannot stat 'sub-0084_ses-03_task-alignvideos_run-01_TEMP_beh.csv': No such file or directory
cp: cannot stat 'sub-0084_ses-03_task-alignvideos_run-03_TEMP_beh.csv': No such file or directory
[master 40f82e90] DOC: copy over temporary data sub-0084 ses-03 run-01 task-alignvideo
 1 file changed, 5 insertions(+)
 create mode 100644 sub-0084/task-alignvideos/ses-03/sub-0084_ses-03_task-alignvideos_run-01_beh_TEMP.csv
cp: cannot stat 'sub-0087_ses-01_task-alignvideos_run-02_TEMP_beh.csv': No such file or directory
cp: cannot stat 'sub-0087_ses-01_task-alignvideos_run-04_TEMP_beh.csv': No such file or directory
cp: cannot stat 'sub-0087_ses-01_task-alignvideos_run-03_TEMP_beh.csv': No such file or directory
[master 2e68f008] DOC: copy over temporary data sub-0087 ses-01 run-01 task-alignvideo
 1 file changed, 5 insertions(+)
 create mode 100644 sub-0087/task-alignvideos/ses-01/sub-0087_ses-01_task-alignvideos_run-01_beh_TEMP.csv
[master 439c6b49] DOC: copy over temporary data sub-0088 ses-03 run-03 task-social
 1 file changed, 13 insertions(+)
 create mode 100644 sub-0088/task-social/ses-03/sub-0088_ses-03_task-social_run-03_beh_TEMP.csv
[master 0293ce2e] DOC: copy over temporary data sub-0089 ses-01 run-04 task-social
 1 file changed, 13 insertions(+)
 create mode 100644 sub-0089/task-social/ses-01/sub-0089_ses-01_task-social_run-04_beh_TEMP.csv
cp: cannot stat 'sub-0094_ses-04_task-alignvideos_run-01_TEMP_beh.csv': No such file or directory
[master 5e482173] DOC: copy over temporary data sub-0094 ses-04 run-01 task-alignvideo
 1 file changed, 5 insertions(+)
 create mode 100644 sub-0094/task-alignvideos/ses-04/sub-0094_ses-04_task-alignvideos_run-01_beh_TEMP.csv
cp: cannot stat 'sub-0105_ses-02_task-alignvideos_run-02_TEMP_beh.csv': No such file or directory
cp: cannot stat 'sub-0105_ses-02_task-alignvideos_run-03_TEMP_beh.csv': No such file or directory
cp: cannot stat 'sub-0105_ses-02_task-alignvideos_run-04_TEMP_beh.csv': No such file or directory
[master 5b560a1d] DOC: copy over temporary data sub-0105 ses-02 run-02 task-alignvideo
 1 file changed, 5 insertions(+)
 create mode 100644 sub-0105/task-alignvideos/ses-02/sub-0105_ses-02_task-alignvideos_run-02_beh_TEMP.csv
[master 6640de84] DOC: copy over temporary data sub-0112 ses-04 run-03 task-social
 1 file changed, 13 insertions(+)
 create mode 100644 sub-0112/task-social/ses-04/sub-0112_ses-04_task-social_run-03_beh_TEMP.csv
[master a7a77857] BUG: resolve typo and update BIDS fields from sub-0156 to sub-0016
 4 files changed, 20 insertions(+)
 create mode 100644 sub-0016/task-alignvideos/ses-04/sub-0016_ses-04_task-alignvideos_run-01_TEMP_beh.csv
 create mode 100644 sub-0016/task-alignvideos/ses-04/sub-0016_ses-04_task-alignvideos_run-01_beh.csv
 create mode 100644 sub-0016/task-alignvideos/ses-04/sub-0016_ses-04_task-alignvideos_run-02_TEMP_beh.csv
 create mode 100644 sub-0016/task-alignvideos/ses-04/sub-0016_ses-04_task-alignvideos_run-02_beh.csv
[master 2f21ace2] BUG: resolve typo and update BIDS fields from sub-0098 to sub-0021
 5 files changed, 65 insertions(+)
 create mode 100644 sub-0021/task-social/ses-01/sub-0021_ses-01_task-social_run-01-pain_beh.csv
 create mode 100644 sub-0021/task-social/ses-01/sub-0021_ses-01_task-social_run-02-cognitive_beh.csv
 create mode 100644 sub-0021/task-social/ses-01/sub-0021_ses-01_task-social_run-03-vicarious_beh.csv
 create mode 100644 sub-0021/task-social/ses-01/sub-0021_ses-01_task-social_run-04-cognitive_beh.csv
 create mode 100644 sub-0021/task-social/ses-01/sub-0021_ses-01_task-social_run-05-pain_beh.csv
[master 3c7a154d] BUG: resolve typo and update BIDS fields from ses-19 to ses-04
 2 files changed, 378 insertions(+)
 create mode 100644 sub-0019/task-fractional/sub-0019_ses-04_task-fractional_run-01-tomspunt_beh.csv
 create mode 100644 sub-0019/task-fractional/sub-0019_ses-04_task-fractional_run-02-posner_beh.csv
complete
