INFO - main:111 - ['sub-00007']
INFO - main:134 - __________________sub-00007 ses-01 __________________
INFO - main:135 - file exists! -- starting transformation: 
INFO - main:162 - number of spikes within experiment: 8784
INFO - main:183 - * start_df: [1294275, 1308715, 1342373, 1356813, 1686174, 2668741, 3666637, 4834093, 4848533, 4882176, 4896616, 5560814, 9541290, 10547898]
INFO - main:184 - * stop_df: [1296274, 1310714, 1344372, 1358812, 2570450, 3553016, 4550912, 4836092, 4850532, 4884175, 4898615, 9330196, 10370365, 11376973]
INFO - main:185 - * total of 14 runs
INFO - main:200 - * adjusted start_df: [1687094, 2669661, 3667557, 5561734, 9542210, 10548818]
INFO - main:201 - * adjusted stop_df: [2570451, 3553017, 4550913, 9330198, 10370366, 11376974]
INFO - main:202 - * total of 6 runs
INFO - main:229 - __________________ :+: FINISHED :+: __________________
INFO - main:134 - __________________sub-00007 ses-02 __________________
INFO - main:135 - file exists! -- starting transformation: 
INFO - main:162 - number of spikes within experiment: 704
INFO - main:183 - * start_df: [1347671, 1362111, 1395787, 1410227, 1806342]
INFO - main:184 - * stop_df: [1349670, 1364110, 1397785, 1412225, 2451418]
INFO - main:185 - * total of 5 runs
INFO - main:200 - * adjusted start_df: [1807262]
INFO - main:201 - * adjusted stop_df: [2451419]
INFO - main:202 - * total of 1 runs
INFO - main:229 - __________________ :+: FINISHED :+: __________________
INFO - main:134 - __________________sub-00007 ses-03 __________________
INFO - main:135 - file exists! -- starting transformation: 
INFO - main:162 - number of spikes within experiment: 1220
INFO - main:183 - * start_df: [1189622, 1204062, 1237638, 1252078, 1746334, 2722896, 3382430, 5837587]
INFO - main:184 - * stop_df: [1191621, 1206061, 1239636, 1254076, 2012371, 2763535, 3553708, 6482662]
INFO - main:185 - * total of 8 runs
INFO - main:200 - * adjusted start_df: [1747254, 2723816, 3383350, 5838507]
INFO - main:201 - * adjusted stop_df: [2012372, 2763536, 3553710, 6482664]
INFO - main:202 - * total of 4 runs
INFO - main:217 - runs shorter than 300 sec: sub-00007 ses-03 [0, 1, 2] - run number in python order
INFO - main:229 - __________________ :+: FINISHED :+: __________________
INFO - main:134 - __________________sub-00007 ses-04 __________________
INFO - main:135 - file exists! -- starting transformation: 
INFO - main:162 - number of spikes within experiment: 4644
INFO - main:183 - * start_df: [3462236, 3476676, 3510275, 3524715, 3816862, 5441921, 6962880, 8508698]
INFO - main:184 - * stop_df: [3464234, 3478674, 3512274, 3526714, 4885136, 6510195, 8031153, 9576972]
INFO - main:185 - * total of 8 runs
INFO - main:200 - * adjusted start_df: [3817782, 5442841, 6963800, 8509618]
INFO - main:201 - * adjusted stop_df: [4885137, 6510196, 8031155, 9576973]
INFO - main:202 - * total of 4 runs
INFO - main:229 - __________________ :+: FINISHED :+: __________________
INFO - main:134 - __________________sub-00007 ses-05 __________________
INFO - main:135 - file exists! -- starting transformation: 
INFO - main:162 - number of spikes within experiment: 5344
INFO - main:183 - * start_df: [1387681, 1402121, 1435854, 1450293, 1722794, 3190824, 4934031, 6576195, 8051936]
INFO - main:184 - * stop_df: [1389680, 1404119, 1437852, 1452292, 2791068, 4259097, 6002305, 7644469, 8697011]
INFO - main:185 - * total of 9 runs
INFO - main:200 - * adjusted start_df: [1723714, 3191744, 4934951, 6577115, 8052856]
INFO - main:201 - * adjusted stop_df: [2791070, 4259099, 6002306, 7644470, 8697013]
INFO - main:202 - * total of 5 runs
INFO - main:229 - __________________ :+: FINISHED :+: __________________
INFO - main:134 - __________________sub-00007 ses-06 __________________
INFO - main:135 - file exists! -- starting transformation: 
INFO - main:162 - number of spikes within experiment: 4644
INFO - main:183 - * start_df: [772101, 786541, 820212, 834652, 944847, 2279183, 3688424, 5081739]
INFO - main:184 - * stop_df: [774100, 788540, 822211, 836651, 2013121, 3347456, 4756697, 6150012]
INFO - main:185 - * total of 8 runs
INFO - main:200 - * adjusted start_df: [945767, 2280103, 3689344, 5082659]
INFO - main:201 - * adjusted stop_df: [2013122, 3347458, 4756698, 6150014]
INFO - main:202 - * total of 4 runs
INFO - main:229 - __________________ :+: FINISHED :+: __________________
INFO - main:134 - __________________sub-00007 ses-07 __________________
INFO - main:135 - file exists! -- starting transformation: 
INFO - main:162 - number of spikes within experiment: 5344
INFO - main:183 - * start_df: [985097, 999537, 1033335, 1047774, 1230800, 2640696, 4032299, 5501776, 7005569]
INFO - main:184 - * stop_df: [987095, 1001535, 1035333, 1049773, 2299073, 3708969, 5100572, 6570049, 7650644]
INFO - main:185 - * total of 9 runs
INFO - main:200 - * adjusted start_df: [1231720, 2641616, 4033219, 5502696, 7006489]
INFO - main:201 - * adjusted stop_df: [2299074, 3708971, 5100574, 6570050, 7650645]
INFO - main:202 - * total of 5 runs
INFO - main:229 - __________________ :+: FINISHED :+: __________________
INFO - main:134 - __________________sub-00007 ses-08 __________________
INFO - main:135 - file exists! -- starting transformation: 
INFO - main:162 - number of spikes within experiment: 5395
INFO - main:183 - * start_df: [2221216, 2235656, 2269507, 2283946, 2424603, 3883129, 5324324, 6727537, 8037793, 8448316]
INFO - main:184 - * stop_df: [2223215, 2237655, 2271505, 2285945, 3492877, 4951402, 6392597, 7795810, 8085792, 9093391]
INFO - main:185 - * total of 10 runs
INFO - main:200 - * adjusted start_df: [2425523, 3884049, 5325244, 6728457, 8038713, 8449236]
INFO - main:201 - * adjusted stop_df: [3492878, 4951404, 6392599, 7795811, 8085793, 9093392]
INFO - main:202 - * total of 6 runs
INFO - main:217 - runs shorter than 300 sec: sub-00007 ses-08 [4] - run number in python order
INFO - main:229 - __________________ :+: FINISHED :+: __________________
INFO - main:134 - __________________sub-00007 ses-10 __________________
INFO - main:135 - file exists! -- starting transformation: 
INFO - main:162 - number of spikes within experiment: 4640
INFO - main:183 - * start_df: [534410, 1908793, 3219153, 4569028]
INFO - main:184 - * stop_df: [1602684, 2977066, 4287427, 5637301]
INFO - main:185 - * total of 4 runs
INFO - main:200 - * adjusted start_df: [535330, 1909713, 3220073, 4569948]
INFO - main:201 - * adjusted stop_df: [1602685, 2977068, 4287428, 5637302]
INFO - main:202 - * total of 4 runs
INFO - main:229 - __________________ :+: FINISHED :+: __________________
INFO - main:134 - __________________sub-00007 ses-11 __________________
INFO - main:135 - file exists! -- starting transformation: 
INFO - main:162 - number of spikes within experiment: 5344
INFO - main:183 - * start_df: [2859171, 2873611, 2907269, 2921709, 3170815, 4621015, 5989915, 7335475, 8720654]
INFO - main:184 - * stop_df: [2861170, 2875610, 2909268, 2923708, 4239090, 5689289, 7058189, 8403749, 9365730]
INFO - main:185 - * total of 9 runs
INFO - main:200 - * adjusted start_df: [3171735, 4621935, 5990835, 7336395, 8721574]
INFO - main:201 - * adjusted stop_df: [4239091, 5689291, 7058191, 8403750, 9365731]
INFO - main:202 - * total of 5 runs
INFO - main:229 - __________________ :+: FINISHED :+: __________________
INFO - main:134 - __________________sub-00007 ses-12 __________________
INFO - main:135 - file exists! -- starting transformation: 
INFO - main:162 - number of spikes within experiment: 4644
INFO - main:183 - * start_df: [992993, 1007433, 1041134, 1055574, 1573152, 2996178, 4479476, 5945523]
INFO - main:184 - * stop_df: [994992, 1009431, 1043133, 1057573, 2641427, 4064453, 5547750, 7013797]
INFO - main:185 - * total of 8 runs
INFO - main:200 - * adjusted start_df: [1574072, 2997098, 4480396, 5946443]
INFO - main:201 - * adjusted stop_df: [2641428, 4064454, 5547751, 7013799]
INFO - main:202 - * total of 4 runs
INFO - main:229 - __________________ :+: FINISHED :+: __________________
INFO - main:134 - __________________sub-00007 ses-13 __________________
INFO - main:135 - file exists! -- starting transformation: 
INFO - main:162 - number of spikes within experiment: 5344
INFO - main:183 - * start_df: [1260948, 1275387, 1309184, 1323623, 2722907, 4607664, 6067444, 7383025, 8772501]
INFO - main:184 - * stop_df: [1262948, 1277386, 1311183, 1325624, 3791161, 5675918, 7135698, 8451279, 9417564]
INFO - main:185 - * total of 9 runs
INFO - main:200 - * adjusted start_df: [1275388, 1309185, 1323624, 2722908, 4607665, 6067445, 7383026, 8772502]
INFO - main:201 - * adjusted stop_df: [1277388, 1311185, 1325624, 3791161, 5675918, 7135698, 8451279, 9417566]
INFO - main:202 - * total of 8 runs
INFO - main:217 - runs shorter than 300 sec: sub-00007 ses-13 [0, 1, 2] - run number in python order
INFO - main:229 - __________________ :+: FINISHED :+: __________________
INFO - main:134 - __________________sub-00007 ses-14 __________________
INFO - main:135 - file exists! -- starting transformation: 
INFO - main:162 - number of spikes within experiment: 3484
INFO - main:183 - * start_df: [3337146, 3351585, 3385184, 3399623, 3990167, 5350662, 6853475]
INFO - main:184 - * stop_df: [3339144, 3353584, 3387183, 3401622, 5058420, 6418913, 7921727]
INFO - main:185 - * total of 7 runs
INFO - main:200 - * adjusted start_df: [3990168, 5351582, 6854395]
INFO - main:201 - * adjusted stop_df: [5058421, 6418914, 7921728]
INFO - main:202 - * total of 3 runs
INFO - main:229 - __________________ :+: FINISHED :+: __________________
INFO - main:134 - __________________sub-00007 ses-15 __________________
INFO - main:135 - file exists! -- starting transformation: 
INFO - main:162 - number of spikes within experiment: 2783
INFO - main:183 - * start_df: [989081, 1003521, 1037201, 1051641, 2978150, 4458322, 5850276]
INFO - main:184 - * stop_df: [991082, 1005522, 1039202, 1053642, 4166001, 5646172, 6034433]
INFO - main:185 - * total of 7 runs
INFO - main:200 - * adjusted start_df: [989082, 1003522, 1037202, 1051642, 2978151, 4458323, 5850277]
INFO - main:201 - * adjusted stop_df: [991082, 1005522, 1039202, 1053642, 4166001, 5646172, 6034433]
INFO - main:202 - * total of 7 runs
INFO - main:217 - runs shorter than 300 sec: sub-00007 ses-15 [0, 1, 2, 3, 6] - run number in python order
INFO - main:229 - __________________ :+: FINISHED :+: __________________
INFO - main:134 - __________________sub-00007 ses-16 __________________
INFO - main:135 - file exists! -- starting transformation: 
INFO - main:162 - number of spikes within experiment: 5344
INFO - main:183 - * start_df: [1484477, 1498917, 1532629, 1547069, 2078100, 3559187, 4990932, 6542067, 7828284]
INFO - main:184 - * stop_df: [1486476, 1500916, 1534628, 1549068, 3146351, 4627439, 6059184, 7610318, 8473347]
INFO - main:185 - * total of 9 runs
INFO - main:200 - * adjusted start_df: [2079020, 3560107, 4991852, 6542987, 7829204]
INFO - main:201 - * adjusted stop_df: [3146352, 4627440, 6059185, 7610319, 8473348]
INFO - main:202 - * total of 5 runs
INFO - main:229 - __________________ :+: FINISHED :+: __________________
INFO - main:134 - __________________sub-00007 ses-17 __________________
INFO - main:135 - file exists! -- starting transformation: 
INFO - main:162 - number of spikes within experiment: 5383
INFO - main:183 - * start_df: [330705, 345145, 378954, 393393, 2442026, 2731720, 3034480, 4454223, 5852961, 7271932]
INFO - main:184 - * stop_df: [332706, 347146, 380954, 395394, 2594901, 2782479, 4222331, 5642073, 7040811, 8459782]
INFO - main:185 - * total of 10 runs
INFO - main:200 - * adjusted start_df: [330706, 345146, 378955, 393394, 2442946, 2731721, 3034481, 4454224, 5852962, 7271933]
INFO - main:201 - * adjusted stop_df: [332706, 347146, 380955, 395394, 2594902, 2782479, 4222331, 5642073, 7040812, 8459783]
INFO - main:202 - * total of 10 runs
INFO - main:217 - runs shorter than 300 sec: sub-00007 ses-17 [0, 1, 2, 3, 4, 5] - run number in python order
INFO - main:229 - __________________ :+: FINISHED :+: __________________
INFO - main:134 - __________________sub-00007 ses-18 __________________
INFO - main:135 - file exists! -- starting transformation: 
INFO - main:162 - number of spikes within experiment: 14520
INFO - main:183 - * start_df: [1633972, 3397776, 4968470, 6453397, 10214725, 11098596, 12061157, 13021891, 14208951, 18300388]
INFO - main:184 - * stop_df: [3002181, 4765985, 6336680, 7821606, 10859811, 11982882, 12945444, 13906177, 17978377, 19129475]
INFO - main:185 - * total of 10 runs
INFO - main:200 - * adjusted start_df: [1633973, 3397777, 4968471, 6453398, 10214726, 11098597, 12061158, 13021892, 14208952, 18300389]
INFO - main:201 - * adjusted stop_df: [3002181, 4765986, 6336680, 7821607, 10859811, 11982883, 12945444, 13906178, 17978377, 19129475]
INFO - main:202 - * total of 10 runs
ERROR - main:231 - number of complete runs do not match scan notes
ERROR - main:232 - clean_runlist: [0, 1, 2, 3, 4, 5, 6, 7, 8, 9], scannote_reference.columns: Index(['run-1', 'run-2', 'run-3', 'run-4', 'run-5', 'run-6', 'run-7', 'run-8',
       'run-9'],
      dtype='object')
INFO - main:134 - __________________sub-00007 ses-19 __________________
INFO - main:135 - file exists! -- starting transformation: 
INFO - main:162 - number of spikes within experiment: 6654
INFO - main:183 - * start_df: [2764068, 2778508, 2812095, 2826535, 3253673, 4863821, 6359578, 7904144, 9729577, 9744017, 9777719, 9792159, 10626143]
INFO - main:184 - * stop_df: [2766069, 2780509, 2814096, 2828536, 4441560, 6051709, 7547465, 9092032, 9731577, 9746018, 9779720, 9794160, 11994352]
INFO - main:185 - * total of 13 runs
INFO - main:200 - * adjusted start_df: [2764069, 2778509, 2812096, 2826536, 3253674, 4863822, 6359579, 7904145, 9729578, 9744018, 9777720, 9792160, 10626144]
INFO - main:201 - * adjusted stop_df: [2766069, 2780509, 2814096, 2828536, 4441560, 6051709, 7547466, 9092032, 9731578, 9746018, 9779720, 9794160, 11994352]
INFO - main:202 - * total of 13 runs
INFO - main:217 - runs shorter than 300 sec: sub-00007 ses-19 [0, 1, 2, 3, 8, 9, 10, 11] - run number in python order
INFO - main:229 - __________________ :+: FINISHED :+: __________________
