INFO - main:111 - ['sub-00003']
INFO - main:134 - __________________sub-00003 ses-01 __________________
INFO - main:135 - file exists! -- starting transformation: 
INFO - main:162 - number of spikes within experiment: 335
INFO - main:183 - * start_df: [310169, 313849, 317529, 321209, 324889, 328569, 332249, 335929, 339609, 343289, 346969, 350649, 354329, 358009, 361689, 365369, 369049, 372729, 376410, 380090, 383770, 387450, 391130, 394810, 398490, 402170, 405850, 409530, 413210, 416890, 420570, 424250, 427930, 431610, 435290, 438970, 442650, 446330, 450010, 453690, 457370, 461050, 464730, 468410, 472090, 475770, 479450, 483130, 486810, 490490, 494170, 497850, 501530, 505211, 508891, 512571, 516251, 519931, 523611, 527291, 530971, 534651, 538331, 542011, 545691, 549371, 553051, 556731, 560411, 564091, 567771, 571451, 575131, 578811, 582491, 586171, 589851, 593531, 597211, 600891, 604571, 608251, 611931, 615611, 619291, 622971, 626651, 630332, 634011, 637692, 641372, 645052, 648732, 652412, 656092, 659772, 663452, 667132, 670812, 674492, 678172, 681852, 685532, 689212, 692892, 696572, 700252, 703932, 1060479, 1064159, 1067839, 1071519, 1075199, 1078879, 1082559, 1086239, 1089919, 1093599, 1097279, 1100959, 1104639, 1108319, 1111999, 1115679, 1119359, 1123039, 1126719, 1130399, 1134079, 1137759, 1141439, 1145119, 1148800, 1152480, 1156160, 1159840, 1163520, 1167200, 1170880, 1174560, 1178240, 1181920, 1185600, 1189280, 1192960, 1196640, 1200320, 1204000, 1207680, 1211360, 1215040, 1218720, 1222400, 1226080, 1229760, 1233440, 1237120, 1240800, 1244480, 1248160, 1251840, 1255520, 1259200, 1262880, 1266560, 1270240, 1273920, 1277601, 1281281, 1284961, 1288641, 1292321, 1296001, 1299681, 1303361, 1307041, 1310721, 1314401, 1318081, 1321761, 1325441, 1329121, 1332801, 1336481, 1340161, 1343841, 1347521, 1351201, 1354881, 1358561, 1362241, 1365921, 1369601, 1373281, 1376961, 1380641, 1384321, 1388001, 1391681, 1395361, 1399041, 1402721, 1406401, 1410082, 1413762, 1417442, 1421122, 1424802, 1428482, 1432162, 1435842, 1913509, 1917189, 1920870, 1924550, 1928230, 1931910, 1935590, 1939270, 1942950, 1946630, 1950310, 1953990, 1957670, 1961350, 1965030, 1968710, 1972390, 1976070, 1979750, 1983430, 1987110, 1990790, 1994470, 1998150, 2001830, 2005510, 2009190, 2012870, 2016550, 2020230, 2023910, 2027590, 2031270, 2034950, 2038630, 2042310, 2045990, 2049671, 2053351, 2057031, 2060711, 2064391, 2068071, 2071751, 2075431, 2079111, 2082791, 2086471, 2090151, 2093831, 2097511, 2101191, 2104871, 2108551, 2112231, 2115911, 2119591, 2123271, 2126951, 2130631, 2134311, 2137991, 2141671, 2145351, 2149031, 2152711, 2156391, 2160071, 2163751, 2167431, 2171111, 2174791, 2178471, 2182152, 2185832, 2189512, 2193192, 2196872, 2200552, 2204232, 2207912, 2211592, 2215272, 2218952, 2222632, 2226312, 2229992, 2233672, 2237352, 2241032, 2244712, 2248392, 2252072, 2255752, 2259432, 2263112, 2266792, 2270472, 2274152, 2277832, 2608779, 2612459, 2616139, 2619819, 2623499, 2627179, 2630859, 2634539, 2638219, 2641899, 2645579, 2649259, 2652939, 2656619, 2660299, 2663979, 2667659, 2671339, 2675019, 2678699, 2682379, 2686059, 2689739, 2693420]
INFO - main:184 - * stop_df: [311188, 314868, 318548, 322228, 325908, 329588, 333268, 336948, 340628, 344308, 347988, 351668, 355348, 359028, 362708, 366388, 370068, 373748, 377428, 381108, 384788, 388468, 392148, 395828, 399508, 403189, 406869, 410549, 414229, 417909, 421589, 425269, 428949, 432629, 436309, 439989, 443669, 447349, 451029, 454709, 458389, 462069, 465749, 469429, 473109, 476789, 480469, 484149, 487829, 491509, 495189, 498869, 502549, 506229, 509909, 513589, 517269, 520949, 524629, 528309, 531990, 535670, 539350, 543030, 546710, 550390, 554070, 557750, 561430, 565110, 568790, 572470, 576150, 579830, 583510, 587190, 590870, 594550, 598230, 601910, 605590, 609270, 612950, 616630, 620310, 623990, 627670, 631350, 635030, 638710, 642390, 646070, 649750, 653430, 657110, 660791, 664471, 668151, 671831, 675511, 679191, 682871, 686551, 690231, 693911, 697591, 701271, 704951, 1061498, 1065178, 1068858, 1072538, 1076218, 1079898, 1083578, 1087258, 1090938, 1094618, 1098298, 1101978, 1105658, 1109338, 1113018, 1116698, 1120378, 1124058, 1127738, 1131418, 1135098, 1138778, 1142458, 1146138, 1149818, 1153498, 1157178, 1160858, 1164538, 1168218, 1171898, 1175578, 1179259, 1182939, 1186619, 1190299, 1193979, 1197659, 1201339, 1205019, 1208699, 1212379, 1216059, 1219739, 1223419, 1227099, 1230779, 1234459, 1238139, 1241819, 1245499, 1249179, 1252859, 1256539, 1260219, 1263899, 1267579, 1271259, 1274939, 1278619, 1282299, 1285979, 1289659, 1293339, 1297019, 1300699, 1304380, 1308059, 1311740, 1315420, 1319100, 1322780, 1326460, 1330140, 1333820, 1337500, 1341180, 1344860, 1348540, 1352220, 1355900, 1359580, 1363260, 1366940, 1370620, 1374300, 1377980, 1381660, 1385340, 1389020, 1392700, 1396380, 1400060, 1403740, 1407420, 1411100, 1414780, 1418460, 1422140, 1425820, 1429500, 1433180, 1436861, 1914528, 1918208, 1921888, 1925568, 1929248, 1932928, 1936608, 1940288, 1943968, 1947648, 1951328, 1955008, 1958689, 1962369, 1966049, 1969729, 1973409, 1977089, 1980769, 1984449, 1988129, 1991809, 1995489, 1999169, 2002849, 2006529, 2010209, 2013889, 2017569, 2021249, 2024929, 2028609, 2032289, 2035969, 2039649, 2043329, 2047009, 2050689, 2054369, 2058049, 2061729, 2065409, 2069089, 2072769, 2076449, 2080129, 2083810, 2087490, 2091170, 2094850, 2098530, 2102210, 2105890, 2109570, 2113250, 2116930, 2120610, 2124290, 2127970, 2131650, 2135330, 2139010, 2142690, 2146370, 2150050, 2153730, 2157410, 2161090, 2164770, 2168450, 2172130, 2175810, 2179490, 2183170, 2186850, 2190530, 2194210, 2197890, 2201570, 2205250, 2208930, 2212611, 2216291, 2219971, 2223651, 2227331, 2231011, 2234691, 2238371, 2242051, 2245731, 2249411, 2253091, 2256771, 2260451, 2264131, 2267811, 2271491, 2275171, 2278851, 2609798, 2613478, 2617158, 2620838, 2624518, 2628198, 2631878, 2635558, 2639238, 2642918, 2646598, 2650278, 2653958, 2657638, 2661318, 2664998, 2668678, 2672358, 2676038, 2679718, 2683398, 2687078, 2690758, 2694438]
INFO - main:185 - * total of 335 runs
INFO - main:200 - * adjusted start_df: [310170, 313850, 317530, 321210, 324890, 328570, 332250, 335930, 339610, 343290, 346970, 350650, 354330, 358010, 361690, 365370, 369050, 372730, 402171, 405851, 409531, 413211, 416891, 420571, 424251, 427931, 431611, 435291, 438971, 442651, 446331, 450011, 453691, 457371, 461051, 464731, 468411, 472091, 475771, 479451, 483131, 486811, 490491, 494171, 497851, 501531, 530972, 534652, 538332, 542012, 545692, 549372, 553052, 556732, 560412, 564092, 567772, 571452, 575132, 578812, 582492, 586172, 589852, 593532, 597212, 600892, 604572, 608252, 611932, 615612, 619292, 622972, 626652, 634012, 656093, 659773, 663453, 667133, 670813, 674493, 678173, 681853, 685533, 689213, 692893, 696573, 700253, 703933, 1060480, 1064160, 1067840, 1071520, 1075200, 1078880, 1082560, 1086240, 1089920, 1093600, 1097280, 1100960, 1104640, 1108320, 1112000, 1115680, 1119360, 1123040, 1126720, 1130400, 1134080, 1137760, 1141440, 1145120, 1170881, 1174561, 1178241, 1181921, 1185601, 1189281, 1192961, 1196641, 1200321, 1204001, 1207681, 1211361, 1215041, 1218721, 1222401, 1226081, 1229761, 1233441, 1237121, 1240801, 1244481, 1248161, 1251841, 1255521, 1259201, 1262881, 1266561, 1270241, 1273921, 1307042, 1310722, 1314402, 1318082, 1321762, 1325442, 1329122, 1332802, 1336482, 1340162, 1343842, 1347522, 1351202, 1354882, 1358562, 1362242, 1365922, 1369602, 1373282, 1376962, 1380642, 1384322, 1388002, 1391682, 1395362, 1399042, 1402722, 1406402, 1435843, 1913510, 1917190, 1946631, 1950311, 1953991, 1957671, 1961351, 1965031, 1968711, 1972391, 1976071, 1979751, 1983431, 1987111, 1990791, 1994471, 1998151, 2001831, 2005511, 2009191, 2012871, 2016551, 2020231, 2023911, 2027591, 2031271, 2034951, 2038631, 2042311, 2045991, 2079112, 2082792, 2086472, 2090152, 2093832, 2097512, 2101192, 2104872, 2108552, 2112232, 2115912, 2119592, 2123272, 2126952, 2130632, 2134312, 2137992, 2141672, 2145352, 2149032, 2152712, 2156392, 2160072, 2163752, 2167432, 2171112, 2174792, 2178472, 2207913, 2211593, 2215273, 2218953, 2222633, 2226313, 2229993, 2233673, 2237353, 2241033, 2244713, 2248393, 2252073, 2255753, 2259433, 2263113, 2266793, 2270473, 2274153, 2277833, 2608780, 2612460, 2616140, 2619820, 2623500, 2627180, 2630860, 2634540, 2638220, 2641900, 2645580, 2649260, 2652940, 2656620, 2660300, 2663980, 2667660, 2671340, 2675020, 2678700, 2682380, 2686060, 2689740]
INFO - main:201 - * adjusted stop_df: [311170, 314850, 318530, 322210, 325890, 329570, 333250, 336930, 340610, 344290, 347970, 351650, 355330, 359010, 362690, 366370, 370050, 373730, 403171, 406851, 410531, 414211, 417891, 421571, 425251, 428931, 432611, 436291, 439971, 443651, 447331, 451011, 454691, 458371, 462051, 465731, 469411, 473091, 476771, 480451, 484131, 487811, 491491, 495171, 498851, 502531, 531972, 535652, 539332, 543012, 546692, 550372, 554052, 557732, 561412, 565092, 568772, 572452, 576132, 579812, 583492, 587172, 590852, 594532, 598212, 601892, 605572, 609252, 612932, 616612, 620292, 623972, 627652, 635012, 657093, 660773, 664453, 668133, 671813, 675493, 679173, 682853, 686533, 690213, 693893, 697573, 701253, 704933, 1061480, 1065160, 1068840, 1072520, 1076200, 1079880, 1083560, 1087240, 1090920, 1094600, 1098280, 1101960, 1105640, 1109320, 1113000, 1116680, 1120360, 1124040, 1127720, 1131400, 1135080, 1138760, 1142440, 1146120, 1171881, 1175561, 1179241, 1182921, 1186601, 1190281, 1193961, 1197641, 1201321, 1205001, 1208681, 1212361, 1216041, 1219721, 1223401, 1227081, 1230761, 1234441, 1238121, 1241801, 1245481, 1249161, 1252841, 1256521, 1260201, 1263881, 1267561, 1271241, 1274921, 1308042, 1311722, 1315402, 1319082, 1322762, 1326442, 1330122, 1333802, 1337482, 1341162, 1344842, 1348522, 1352202, 1355882, 1359562, 1363242, 1366922, 1370602, 1374282, 1377962, 1381642, 1385322, 1389002, 1392682, 1396362, 1400042, 1403722, 1407402, 1436843, 1914510, 1918190, 1947631, 1951311, 1954991, 1958671, 1962351, 1966031, 1969711, 1973391, 1977071, 1980751, 1984431, 1988111, 1991791, 1995471, 1999151, 2002831, 2006511, 2010191, 2013871, 2017551, 2021231, 2024911, 2028591, 2032271, 2035951, 2039631, 2043311, 2046991, 2080112, 2083792, 2087472, 2091152, 2094832, 2098512, 2102192, 2105872, 2109552, 2113232, 2116912, 2120592, 2124272, 2127952, 2131632, 2135312, 2138992, 2142672, 2146352, 2150032, 2153712, 2157392, 2161072, 2164752, 2168432, 2172112, 2175792, 2179472, 2208913, 2212593, 2216273, 2219953, 2223633, 2227313, 2230993, 2234673, 2238353, 2242033, 2245713, 2249393, 2253073, 2256753, 2260433, 2264113, 2267793, 2271473, 2275153, 2278833, 2609780, 2613460, 2617140, 2620820, 2624500, 2628180, 2631860, 2635540, 2639220, 2642900, 2646580, 2650260, 2653940, 2657620, 2661300, 2664980, 2668660, 2672340, 2676020, 2679700, 2683380, 2687060, 2690740]
INFO - main:202 - * total of 271 runs
INFO - main:217 - runs shorter than 300 sec: sub-00003 ses-01 [0, 1, 2, 3, 4, 5, 6, 7, 8, 9, 10, 11, 12, 13, 14, 15, 16, 17, 18, 19, 20, 21, 22, 23, 24, 25, 26, 27, 28, 29, 30, 31, 32, 33, 34, 35, 36, 37, 38, 39, 40, 41, 42, 43, 44, 45, 46, 47, 48, 49, 50, 51, 52, 53, 54, 55, 56, 57, 58, 59, 60, 61, 62, 63, 64, 65, 66, 67, 68, 69, 70, 71, 72, 73, 74, 75, 76, 77, 78, 79, 80, 81, 82, 83, 84, 85, 86, 87, 88, 89, 90, 91, 92, 93, 94, 95, 96, 97, 98, 99, 100, 101, 102, 103, 104, 105, 106, 107, 108, 109, 110, 111, 112, 113, 114, 115, 116, 117, 118, 119, 120, 121, 122, 123, 124, 125, 126, 127, 128, 129, 130, 131, 132, 133, 134, 135, 136, 137, 138, 139, 140, 141, 142, 143, 144, 145, 146, 147, 148, 149, 150, 151, 152, 153, 154, 155, 156, 157, 158, 159, 160, 161, 162, 163, 164, 165, 166, 167, 168, 169, 170, 171, 172, 173, 174, 175, 176, 177, 178, 179, 180, 181, 182, 183, 184, 185, 186, 187, 188, 189, 190, 191, 192, 193, 194, 195, 196, 197, 198, 199, 200, 201, 202, 203, 204, 205, 206, 207, 208, 209, 210, 211, 212, 213, 214, 215, 216, 217, 218, 219, 220, 221, 222, 223, 224, 225, 226, 227, 228, 229, 230, 231, 232, 233, 234, 235, 236, 237, 238, 239, 240, 241, 242, 243, 244, 245, 246, 247, 248, 249, 250, 251, 252, 253, 254, 255, 256, 257, 258, 259, 260, 261, 262, 263, 264, 265, 266, 267, 268, 269, 270] - run number in python order
ERROR - main:231 - number of complete runs do not match scan notes
ERROR - main:232 - clean_runlist: [], scannote_reference.columns: Index(['run-1', 'run-2', 'run-3', 'run-4', 'run-5'], dtype='object')
INFO - main:134 - __________________sub-00003 ses-02 __________________
INFO - main:135 - file exists! -- starting transformation: 
INFO - main:162 - number of spikes within experiment: 316
INFO - main:183 - * start_df: [650812, 758877, 762557, 766237, 769917, 773597, 777277, 780957, 784637, 788317, 791997, 795677, 799357, 803037, 806717, 810397, 814077, 817757, 821437, 825117, 828797, 832477, 1242336, 1246016, 1249696, 1253376, 1257056, 1260736, 1264416, 1268096, 1271777, 1275457, 1279137, 1282817, 1286497, 1290177, 1293857, 1297537, 1301217, 1304897, 1308577, 1312257, 1315937, 1319617, 1323297, 1326977, 1330657, 1334337, 1338017, 1341697, 1345377, 1843365, 1847045, 1850725, 1854405, 1858085, 1861765, 1865445, 1869125, 1872805, 1876485, 1880165, 1883845, 1887525, 1891205, 1894885, 1898565, 1902245, 1905925, 1909605, 1913286, 1916966, 1920646, 1924326, 1928006, 1931686, 1935366, 1939046, 1942726, 1946406, 1950086, 1953766, 1957446, 1961126, 1964806, 1968486, 1972166, 1975846, 1979526, 1983206, 1986886, 1990566, 1994246, 1997926, 2001606, 2005286, 2008966, 2012646, 2016326, 2020006, 2023686, 2027366, 2031046, 2034726, 2038406, 2042087, 2045767, 2049447, 2053127, 2056807, 2060487, 2064167, 2067847, 2071527, 2075207, 2078887, 2082567, 2086247, 2089927, 2093607, 2097287, 2100967, 2104647, 2108327, 2112007, 2115687, 2119367, 2123047, 2126727, 2405129, 2408809, 2412489, 2416169, 2419849, 2423530, 2427210, 2430890, 2434570, 2438250, 2441930, 2445610, 2449290, 2452970, 2456650, 2460330, 2464010, 2467690, 2471370, 2475050, 2478730, 2482410, 2486090, 2489770, 2493450, 2497130, 2500810, 2504490, 2508170, 2511850, 2515530, 2519210, 2522890, 2526570, 2530250, 2533930, 2537610, 2541290, 2544970, 2548650, 2552331, 2556011, 2559691, 2563371, 2567051, 2570731, 2574411, 2578091, 2581771, 2585451, 2589131, 2592811, 2596491, 2600171, 2603851, 2607531, 2611211, 2614891, 2618571, 2622251, 2625931, 2629611, 2633291, 2636971, 2640651, 2644331, 2648011, 2651691, 2655371, 2659051, 2662731, 2666411, 2670091, 2673771, 2677451, 2681132, 2684812, 2688492, 2692172, 2695852, 2699532, 2703212, 2706892, 2710572, 2714252, 2717932, 2721612, 2725292, 2728972, 2732652, 2736332, 2740012, 2743692, 2747372, 3325553, 3329233, 3332913, 3336593, 3340273, 3343953, 3347633, 3351313, 3354993, 3358673, 3362353, 3366033, 3369713, 3373393, 3377073, 3380753, 3384433, 3388113, 3391793, 3395473, 3399153, 3402833, 3406513, 3410193, 3413873, 3417553, 3421233, 3424913, 3428593, 3432273, 3435953, 3439633, 3443313, 3446993, 3450674, 3454354, 3458034, 3461714, 3465394, 3469074, 3472754, 3476434, 3480114, 3483794, 3487474, 3491154, 3494834, 3498514, 3502194, 3505874, 3509554, 3513234, 3516914, 3520594, 3524274, 3527954, 3531634, 3535314, 3538994, 3542674, 3546354, 3550034, 3553714, 3557394, 3561074, 3564754, 3568434, 3572114, 3575795, 3579475, 3583155, 3586835, 3590515, 3594195, 3597875, 3601555, 3605235, 3608915, 3612595, 3616275, 3619955, 3623635, 3627315, 3630995, 3634675, 3638355, 3642035, 3645715, 3649395, 3653075, 3656755, 3660435, 3664115]
INFO - main:184 - * stop_df: [651830, 759895, 763575, 767255, 770935, 774615, 778295, 781975, 785656, 789336, 793016, 796696, 800376, 804056, 807736, 811416, 815096, 818776, 822456, 826136, 829816, 833496, 1243355, 1247035, 1250715, 1254395, 1258075, 1261755, 1265435, 1269115, 1272795, 1276475, 1280155, 1283835, 1287515, 1291195, 1294875, 1298556, 1302236, 1305916, 1309596, 1313276, 1316956, 1320636, 1324316, 1327996, 1331676, 1335356, 1339036, 1342716, 1346396, 1844384, 1848064, 1851744, 1855424, 1859104, 1862784, 1866464, 1870144, 1873824, 1877504, 1881184, 1884864, 1888544, 1892224, 1895904, 1899584, 1903264, 1906944, 1910624, 1914304, 1917984, 1921664, 1925344, 1929024, 1932704, 1936385, 1940064, 1943745, 1947425, 1951105, 1954785, 1958465, 1962145, 1965825, 1969505, 1973185, 1976865, 1980545, 1984225, 1987905, 1991585, 1995265, 1998945, 2002625, 2006305, 2009985, 2013665, 2017345, 2021025, 2024705, 2028385, 2032065, 2035745, 2039425, 2043105, 2046785, 2050465, 2054145, 2057825, 2061505, 2065185, 2068866, 2072546, 2076226, 2079906, 2083586, 2087266, 2090946, 2094626, 2098306, 2101986, 2105666, 2109346, 2113026, 2116706, 2120386, 2124066, 2127746, 2406148, 2409828, 2413508, 2417188, 2420868, 2424548, 2428228, 2431908, 2435588, 2439268, 2442948, 2446628, 2450308, 2453989, 2457669, 2461349, 2465029, 2468709, 2472389, 2476069, 2479749, 2483429, 2487109, 2490789, 2494469, 2498149, 2501829, 2505509, 2509189, 2512869, 2516549, 2520229, 2523909, 2527589, 2531269, 2534949, 2538629, 2542309, 2545989, 2549669, 2553349, 2557029, 2560709, 2564389, 2568069, 2571749, 2575429, 2579109, 2582790, 2586470, 2590150, 2593830, 2597510, 2601190, 2604870, 2608550, 2612230, 2615910, 2619590, 2623270, 2626950, 2630630, 2634310, 2637990, 2641670, 2645350, 2649030, 2652710, 2656390, 2660070, 2663750, 2667430, 2671110, 2674790, 2678470, 2682150, 2685830, 2689510, 2693190, 2696870, 2700550, 2704230, 2707910, 2711591, 2715271, 2718951, 2722631, 2726311, 2729991, 2733671, 2737351, 2741031, 2744711, 2748391, 3326571, 3330251, 3333931, 3337611, 3341291, 3344971, 3348651, 3352332, 3356012, 3359692, 3363372, 3367052, 3370732, 3374412, 3378092, 3381772, 3385452, 3389132, 3392812, 3396492, 3400172, 3403852, 3407532, 3411212, 3414892, 3418572, 3422252, 3425932, 3429612, 3433292, 3436972, 3440652, 3444332, 3448012, 3451692, 3455372, 3459052, 3462732, 3466412, 3470092, 3473772, 3477453, 3481133, 3484813, 3488493, 3492173, 3495853, 3499533, 3503213, 3506893, 3510573, 3514253, 3517933, 3521613, 3525293, 3528973, 3532653, 3536333, 3540013, 3543693, 3547373, 3551053, 3554733, 3558413, 3562093, 3565773, 3569453, 3573133, 3576813, 3580493, 3584173, 3587853, 3591533, 3595213, 3598893, 3602573, 3606253, 3609934, 3613614, 3617294, 3620974, 3624654, 3628334, 3632014, 3635694, 3639374, 3643054, 3646734, 3650414, 3654094, 3657774, 3661454, 3665134]
INFO - main:185 - * total of 316 runs
INFO - main:200 - * adjusted start_df: [650813, 784638, 788318, 791998, 795678, 799358, 803038, 806718, 810398, 814078, 817758, 821438, 825118, 828798, 832478, 1242337, 1246017, 1249697, 1253377, 1257057, 1260737, 1264417, 1268097, 1301218, 1304898, 1308578, 1312258, 1315938, 1319618, 1323298, 1326978, 1330658, 1334338, 1338018, 1341698, 1345378, 1843366, 1847046, 1850726, 1854406, 1858086, 1861766, 1865446, 1869126, 1872806, 1876486, 1880166, 1883846, 1887526, 1891206, 1894886, 1898566, 1902246, 1905926, 1909606, 1942727, 1946407, 1950087, 1953767, 1957447, 1961127, 1964807, 1968487, 1972167, 1975847, 1979527, 1983207, 1986887, 1990567, 1994247, 1997927, 2001607, 2005287, 2008967, 2012647, 2016327, 2020007, 2023687, 2027367, 2031047, 2034727, 2038407, 2064168, 2067848, 2071528, 2075208, 2078888, 2082568, 2086248, 2089928, 2093608, 2097288, 2100968, 2104648, 2108328, 2112008, 2115688, 2119368, 2123048, 2126728, 2405130, 2408810, 2412490, 2416170, 2419850, 2449291, 2452971, 2456651, 2460331, 2464011, 2467691, 2471371, 2475051, 2478731, 2482411, 2486091, 2489771, 2493451, 2497131, 2500811, 2504491, 2508171, 2511851, 2515531, 2519211, 2522891, 2526571, 2530251, 2533931, 2537611, 2541291, 2544971, 2548651, 2578092, 2581772, 2585452, 2589132, 2592812, 2596492, 2600172, 2603852, 2607532, 2611212, 2614892, 2618572, 2622252, 2625932, 2629612, 2633292, 2636972, 2640652, 2644332, 2648012, 2651692, 2655372, 2659052, 2662732, 2666412, 2670092, 2673772, 2677452, 2710573, 2714253, 2717933, 2721613, 2725293, 2728973, 2732653, 2736333, 2740013, 2743693, 2747373, 3343954, 3347634, 3351314, 3354994, 3358674, 3362354, 3366034, 3369714, 3373394, 3377074, 3380754, 3384434, 3388114, 3391794, 3395474, 3399154, 3402834, 3406514, 3410194, 3413874, 3417554, 3421234, 3424914, 3428594, 3432274, 3435954, 3439634, 3443314, 3446994, 3465395, 3469075, 3472755, 3476435, 3480115, 3483795, 3487475, 3491155, 3494835, 3498515, 3502195, 3505875, 3509555, 3513235, 3516915, 3520595, 3524275, 3527955, 3531635, 3535315, 3538995, 3542675, 3546355, 3550035, 3553715, 3557395, 3561075, 3564755, 3568435, 3572115, 3597876, 3601556, 3605236, 3608916, 3612596, 3616276, 3619956, 3623636, 3627316, 3630996, 3634676, 3638356, 3642036, 3645716, 3649396, 3653076, 3656756, 3660436, 3664116]
INFO - main:201 - * adjusted stop_df: [651813, 785638, 789318, 792998, 796678, 800358, 804038, 807718, 811398, 815078, 818758, 822438, 826118, 829798, 833478, 1243337, 1247017, 1250697, 1254377, 1258057, 1261737, 1265417, 1269097, 1302218, 1305898, 1309578, 1313258, 1316938, 1320618, 1324298, 1327978, 1331658, 1335338, 1339018, 1342698, 1346378, 1844366, 1848046, 1851726, 1855406, 1859086, 1862766, 1866446, 1870126, 1873806, 1877486, 1881166, 1884846, 1888526, 1892206, 1895886, 1899566, 1903246, 1906926, 1910606, 1943727, 1947407, 1951087, 1954767, 1958447, 1962127, 1965807, 1969487, 1973167, 1976847, 1980527, 1984207, 1987887, 1991567, 1995247, 1998927, 2002607, 2006287, 2009967, 2013647, 2017327, 2021007, 2024687, 2028367, 2032047, 2035727, 2039407, 2065168, 2068848, 2072528, 2076208, 2079888, 2083568, 2087248, 2090928, 2094608, 2098288, 2101968, 2105648, 2109328, 2113008, 2116688, 2120368, 2124048, 2127728, 2406130, 2409810, 2413490, 2417170, 2420850, 2450291, 2453971, 2457651, 2461331, 2465011, 2468691, 2472371, 2476051, 2479731, 2483411, 2487091, 2490771, 2494451, 2498131, 2501811, 2505491, 2509171, 2512851, 2516531, 2520211, 2523891, 2527571, 2531251, 2534931, 2538611, 2542291, 2545971, 2549651, 2579092, 2582772, 2586452, 2590132, 2593812, 2597492, 2601172, 2604852, 2608532, 2612212, 2615892, 2619572, 2623252, 2626932, 2630612, 2634292, 2637972, 2641652, 2645332, 2649012, 2652692, 2656372, 2660052, 2663732, 2667412, 2671092, 2674772, 2678452, 2711573, 2715253, 2718933, 2722613, 2726293, 2729973, 2733653, 2737333, 2741013, 2744693, 2748373, 3344954, 3348634, 3352314, 3355994, 3359674, 3363354, 3367034, 3370714, 3374394, 3378074, 3381754, 3385434, 3389114, 3392794, 3396474, 3400154, 3403834, 3407514, 3411194, 3414874, 3418554, 3422234, 3425914, 3429594, 3433274, 3436954, 3440634, 3444314, 3447994, 3466395, 3470075, 3473755, 3477435, 3481115, 3484795, 3488475, 3492155, 3495835, 3499515, 3503195, 3506875, 3510555, 3514235, 3517915, 3521595, 3525275, 3528955, 3532635, 3536315, 3539995, 3543675, 3547355, 3551035, 3554715, 3558395, 3562075, 3565755, 3569435, 3573115, 3598876, 3602556, 3606236, 3609916, 3613596, 3617276, 3620956, 3624636, 3628316, 3631996, 3635676, 3639356, 3643036, 3646716, 3650396, 3654076, 3657756, 3661436, 3665116]
INFO - main:202 - * total of 250 runs
INFO - main:217 - runs shorter than 300 sec: sub-00003 ses-02 [0, 1, 2, 3, 4, 5, 6, 7, 8, 9, 10, 11, 12, 13, 14, 15, 16, 17, 18, 19, 20, 21, 22, 23, 24, 25, 26, 27, 28, 29, 30, 31, 32, 33, 34, 35, 36, 37, 38, 39, 40, 41, 42, 43, 44, 45, 46, 47, 48, 49, 50, 51, 52, 53, 54, 55, 56, 57, 58, 59, 60, 61, 62, 63, 64, 65, 66, 67, 68, 69, 70, 71, 72, 73, 74, 75, 76, 77, 78, 79, 80, 81, 82, 83, 84, 85, 86, 87, 88, 89, 90, 91, 92, 93, 94, 95, 96, 97, 98, 99, 100, 101, 102, 103, 104, 105, 106, 107, 108, 109, 110, 111, 112, 113, 114, 115, 116, 117, 118, 119, 120, 121, 122, 123, 124, 125, 126, 127, 128, 129, 130, 131, 132, 133, 134, 135, 136, 137, 138, 139, 140, 141, 142, 143, 144, 145, 146, 147, 148, 149, 150, 151, 152, 153, 154, 155, 156, 157, 158, 159, 160, 161, 162, 163, 164, 165, 166, 167, 168, 169, 170, 171, 172, 173, 174, 175, 176, 177, 178, 179, 180, 181, 182, 183, 184, 185, 186, 187, 188, 189, 190, 191, 192, 193, 194, 195, 196, 197, 198, 199, 200, 201, 202, 203, 204, 205, 206, 207, 208, 209, 210, 211, 212, 213, 214, 215, 216, 217, 218, 219, 220, 221, 222, 223, 224, 225, 226, 227, 228, 229, 230, 231, 232, 233, 234, 235, 236, 237, 238, 239, 240, 241, 242, 243, 244, 245, 246, 247, 248, 249] - run number in python order
ERROR - main:231 - number of complete runs do not match scan notes
ERROR - main:232 - clean_runlist: [], scannote_reference.columns: Index(['run-1', 'run-2', 'run-3', 'run-4'], dtype='object')
INFO - main:134 - __________________sub-00003 ses-03 __________________
INFO - main:135 - file exists! -- starting transformation: 
INFO - main:162 - number of spikes within experiment: 5478
INFO - main:183 - * start_df: [1397564, 1412004, 1445531, 1459970, 1646379, 3378187, 5092765, 6554379, 10466602, 10481041, 10514892, 10529332, 10596643]
INFO - main:184 - * stop_df: [1399563, 1414003, 1447529, 1461969, 2834253, 4446461, 6161039, 7622653, 10468600, 10483040, 10516891, 10531331, 11241719]
INFO - main:185 - * total of 13 runs
INFO - main:200 - * adjusted start_df: [1647299, 3379107, 5093685, 6555299, 10597563]
INFO - main:201 - * adjusted stop_df: [2834254, 4446462, 6161040, 7622654, 11241720]
INFO - main:202 - * total of 5 runs
INFO - main:229 - __________________ :+: FINISHED :+: __________________
INFO - main:134 - __________________sub-00003 ses-04 __________________
INFO - main:135 - file exists! -- starting transformation: 
INFO - main:162 - number of spikes within experiment: 4644
INFO - main:183 - * start_df: [4489667, 4504107, 4537932, 4552372, 4657952, 6118008, 7573485, 9451078]
INFO - main:184 - * stop_df: [4491666, 4506106, 4539930, 4554370, 5726225, 7186282, 8641758, 10519351]
INFO - main:185 - * total of 8 runs
INFO - main:200 - * adjusted start_df: [4658872, 6118928, 7574405, 9451998]
INFO - main:201 - * adjusted stop_df: [5726226, 7186283, 8641760, 10519352]
INFO - main:202 - * total of 4 runs
INFO - main:229 - __________________ :+: FINISHED :+: __________________
INFO - main:134 - __________________sub-00003 ses-05 __________________
INFO - main:135 - file exists! -- starting transformation: 
INFO - main:162 - number of spikes within experiment: 3794
INFO - main:183 - * start_df: [3806434, 3820874, 3855076, 3869516, 4592487, 5743225, 6768561, 8253489]
INFO - main:184 - * stop_df: [3808432, 3822872, 3857074, 3871514, 5541162, 6691900, 7717236, 8898565]
INFO - main:185 - * total of 8 runs
INFO - main:200 - * adjusted start_df: [4593407, 5744145, 6769481, 8254409]
INFO - main:201 - * adjusted stop_df: [5541163, 6691902, 7717237, 8898567]
INFO - main:202 - * total of 4 runs
INFO - main:229 - __________________ :+: FINISHED :+: __________________
INFO - main:134 - __________________sub-00003 ses-06 __________________
INFO - main:135 - file exists! -- starting transformation: 
INFO - main:162 - number of spikes within experiment: 3584
INFO - main:183 - * start_df: [4993749, 5008189, 5041670, 5056110, 5241205, 6197629, 7142623, 8447793]
INFO - main:184 - * stop_df: [4995747, 5010187, 5043669, 5058109, 6125481, 7081904, 8026898, 9092870]
INFO - main:185 - * total of 8 runs
INFO - main:200 - * adjusted start_df: [5242125, 6198549, 7143543, 8448713]
INFO - main:201 - * adjusted stop_df: [6125482, 7081906, 8026900, 9092871]
INFO - main:202 - * total of 4 runs
INFO - main:229 - __________________ :+: FINISHED :+: __________________
INFO - main:134 - __________________sub-00003 ses-07 __________________
INFO - main:135 - file exists! -- starting transformation: 
INFO - main:162 - number of spikes within experiment: 5344
INFO - main:183 - * start_df: [1921837, 1936277, 1969794, 1984234, 2198791, 3983561, 5601708, 7103092, 8668490]
INFO - main:184 - * stop_df: [1923836, 1938276, 1971792, 1986232, 3267065, 5051835, 6669982, 8171366, 9313566]
INFO - main:185 - * total of 9 runs
INFO - main:200 - * adjusted start_df: [2199711, 3984481, 5602628, 7104012, 8669410]
INFO - main:201 - * adjusted stop_df: [3267067, 5051836, 6669984, 8171367, 9313567]
INFO - main:202 - * total of 5 runs
INFO - main:229 - __________________ :+: FINISHED :+: __________________
INFO - main:134 - __________________sub-00003 ses-08 __________________
INFO - main:135 - file exists! -- starting transformation: 
INFO - main:162 - number of spikes within experiment: 4968
INFO - main:183 - * start_df: [1967376, 1981816, 2015227, 2029667, 2296501, 3654512, 4863723, 6563787, 8125744]
INFO - main:184 - * stop_df: [1969375, 1983815, 2017226, 2031666, 3364775, 3953669, 5931996, 7632060, 9194018]
INFO - main:185 - * total of 9 runs
INFO - main:200 - * adjusted start_df: [2297421, 3655432, 4864643, 6564707, 8126664]
INFO - main:201 - * adjusted stop_df: [3364776, 3953670, 5931998, 7632062, 9194019]
INFO - main:202 - * total of 5 runs
INFO - main:217 - runs shorter than 300 sec: sub-00003 ses-08 [1] - run number in python order
INFO - main:229 - __________________ :+: FINISHED :+: __________________
INFO - main:134 - __________________sub-00003 ses-09 __________________
INFO - main:135 - file exists! -- starting transformation: 
INFO - main:162 - number of spikes within experiment: 5900
INFO - main:183 - * start_df: [2238343, 2252783, 2286374, 2300814, 2553970, 6749223, 7684124]
INFO - main:184 - * stop_df: [2240342, 2254782, 2288373, 2302813, 6323352, 7578298, 8513199]
INFO - main:185 - * total of 7 runs
INFO - main:200 - * adjusted start_df: [2554890, 6750143, 7685044]
INFO - main:201 - * adjusted stop_df: [6323353, 7578300, 8513200]
INFO - main:202 - * total of 3 runs
INFO - main:229 - __________________ :+: FINISHED :+: __________________
INFO - main:134 - __________________sub-00003 ses-10 __________________
INFO - main:135 - file exists! -- starting transformation: 
INFO - main:162 - number of spikes within experiment: 5344
INFO - main:183 - * start_df: [5373210, 5387650, 5421353, 5435793, 6233284, 7729613, 9600957, 11534396, 12876004]
INFO - main:184 - * stop_df: [5375209, 5389649, 5423351, 5437791, 7301558, 8797887, 10669230, 12602669, 13521080]
INFO - main:185 - * total of 9 runs
INFO - main:200 - * adjusted start_df: [6234204, 7730533, 9601877, 11535316, 12876924]
INFO - main:201 - * adjusted stop_df: [7301560, 8797889, 10669232, 12602670, 13521081]
INFO - main:202 - * total of 5 runs
INFO - main:229 - __________________ :+: FINISHED :+: __________________
INFO - main:134 - __________________sub-00003 ses-11 __________________
INFO - main:135 - file exists! -- starting transformation: 
INFO - main:162 - number of spikes within experiment: 4644
INFO - main:183 - * start_df: [3092637, 3107077, 3140614, 3155054, 3404967, 4815896, 6257236, 7933270]
INFO - main:184 - * stop_df: [3094636, 3109076, 3142613, 3157053, 4473241, 5884169, 7325510, 9001544]
INFO - main:185 - * total of 8 runs
INFO - main:200 - * adjusted start_df: [3405887, 4816816, 6258156, 7934190]
INFO - main:201 - * adjusted stop_df: [4473242, 5884171, 7325511, 9001545]
INFO - main:202 - * total of 4 runs
INFO - main:229 - __________________ :+: FINISHED :+: __________________
INFO - main:134 - __________________sub-00003 ses-12 __________________
INFO - main:135 - file exists! -- starting transformation: 
INFO - main:162 - number of spikes within experiment: 5344
INFO - main:183 - * start_df: [4301710, 4316150, 4349956, 4364396, 4706061, 6201909, 7930831, 9608559, 11218442]
INFO - main:184 - * stop_df: [4303709, 4318149, 4351955, 4366395, 5774334, 7270181, 8999103, 10676832, 11863517]
INFO - main:185 - * total of 9 runs
INFO - main:200 - * adjusted start_df: [4706981, 6202829, 7931751, 9609479, 11219362]
INFO - main:201 - * adjusted stop_df: [5774335, 7270183, 8999104, 10676833, 11863518]
INFO - main:202 - * total of 5 runs
INFO - main:229 - __________________ :+: FINISHED :+: __________________
INFO - main:134 - __________________sub-00003 ses-13 __________________
INFO - main:135 - file exists! -- starting transformation: 
INFO - main:162 - number of spikes within experiment: 4644
INFO - main:183 - * start_df: [2056425, 2070865, 2104221, 2118660, 2415478, 3798843, 5340590, 6845914]
INFO - main:184 - * stop_df: [2058424, 2072864, 2106219, 2120659, 3483751, 4867116, 6408863, 7914186]
INFO - main:185 - * total of 8 runs
INFO - main:200 - * adjusted start_df: [2416398, 3799763, 5341510, 6846834]
INFO - main:201 - * adjusted stop_df: [3483752, 4867117, 6408864, 7914187]
INFO - main:202 - * total of 4 runs
INFO - main:229 - __________________ :+: FINISHED :+: __________________
INFO - main:134 - __________________sub-00003 ses-14 __________________
INFO - main:135 - file exists! -- starting transformation: 
INFO - main:162 - number of spikes within experiment: 5344
INFO - main:183 - * start_df: [2011470, 2025910, 2059426, 2073866, 2316300, 3919974, 5300299, 6725073, 8337322]
INFO - main:184 - * stop_df: [2013469, 2027909, 2061424, 2075864, 3384573, 4988246, 6368571, 7793345, 8982397]
INFO - main:185 - * total of 9 runs
INFO - main:200 - * adjusted start_df: [2317220, 3920894, 5301219, 6725993, 8338242]
INFO - main:201 - * adjusted stop_df: [3384574, 4988247, 6368572, 7793347, 8982398]
INFO - main:202 - * total of 5 runs
INFO - main:229 - __________________ :+: FINISHED :+: __________________
INFO - main:134 - __________________sub-00003 ses-15 __________________
INFO - main:135 - file exists! -- starting transformation: 
INFO - main:162 - number of spikes within experiment: 4644
INFO - main:183 - * start_df: [1259188, 1273628, 1307155, 1321595, 1550890, 3240684, 4597783, 6076211]
INFO - main:184 - * stop_df: [1261187, 1275627, 1309154, 1323594, 2619163, 4308957, 5666056, 7144484]
INFO - main:185 - * total of 8 runs
INFO - main:200 - * adjusted start_df: [1551810, 3241604, 4598703, 6077131]
INFO - main:201 - * adjusted stop_df: [2619164, 4308958, 5666057, 7144485]
INFO - main:202 - * total of 4 runs
INFO - main:229 - __________________ :+: FINISHED :+: __________________
INFO - main:134 - __________________sub-00003 ses-16 __________________
INFO - main:135 - file exists! -- starting transformation: 
INFO - main:162 - number of spikes within experiment: 5344
INFO - main:183 - * start_df: [3078837, 3093277, 3126917, 3141357, 3570882, 5222642, 6951946, 8516705, 10050742]
INFO - main:184 - * stop_df: [3080836, 3095275, 3128915, 3143355, 4639155, 6290915, 8020219, 9584978, 10695817]
INFO - main:185 - * total of 9 runs
INFO - main:200 - * adjusted start_df: [3571802, 5223562, 6952866, 8517625, 10051662]
INFO - main:201 - * adjusted stop_df: [4639157, 6290917, 8020220, 9584979, 10695819]
INFO - main:202 - * total of 5 runs
INFO - main:229 - __________________ :+: FINISHED :+: __________________
INFO - main:134 - __________________sub-00003 ses-17 __________________
INFO - main:135 - file exists! -- starting transformation: 
INFO - main:162 - number of spikes within experiment: 4644
INFO - main:183 - * start_df: [2860422, 2874862, 2908415, 2922854, 3246443, 4650167, 6081192, 7589553]
INFO - main:184 - * stop_df: [2862421, 2876861, 2910413, 2924853, 4314716, 5718441, 7149465, 8657825]
INFO - main:185 - * total of 8 runs
INFO - main:200 - * adjusted start_df: [3247363, 4651087, 6082112, 7590473]
INFO - main:201 - * adjusted stop_df: [4314718, 5718442, 7149466, 8657827]
INFO - main:202 - * total of 4 runs
INFO - main:229 - __________________ :+: FINISHED :+: __________________
INFO - main:134 - __________________sub-00003 ses-18 __________________
INFO - main:135 - file exists! -- starting transformation: 
INFO - main:162 - number of spikes within experiment: 5948
INFO - main:183 - * start_df: [2515624, 2530064, 2563785, 2578225, 5217050, 7073855, 8956928, 10686132]
INFO - main:184 - * stop_df: [2517623, 2532062, 2565783, 2580223, 6585241, 8442045, 10325118, 12054322]
INFO - main:185 - * total of 8 runs
INFO - main:200 - * adjusted start_df: [5217970, 7074775, 8957848, 10687052]
INFO - main:201 - * adjusted stop_df: [6585242, 8442046, 10325119, 12054323]
INFO - main:202 - * total of 4 runs
INFO - main:229 - __________________ :+: FINISHED :+: __________________
INFO - main:134 - __________________sub-00003 ses-19 __________________
INFO - main:135 - file exists! -- starting transformation: 
INFO - main:162 - number of spikes within experiment: 5948
INFO - main:183 - * start_df: [445109, 459549, 493155, 507595, 1777124, 3548617, 5395332, 7118142]
INFO - main:184 - * stop_df: [447107, 461547, 495153, 509593, 3145316, 4916809, 6763524, 8486334]
INFO - main:185 - * total of 8 runs
INFO - main:200 - * adjusted start_df: [1778044, 3549537, 5396252, 7119062]
INFO - main:201 - * adjusted stop_df: [3145317, 4916811, 6763525, 8486335]
INFO - main:202 - * total of 4 runs
INFO - main:229 - __________________ :+: FINISHED :+: __________________
INFO - main:134 - __________________sub-00003 ses-20 __________________
INFO - main:135 - file exists! -- starting transformation: 
INFO - main:162 - number of spikes within experiment: 8771
INFO - main:183 - * start_df: [1716504, 1730944, 1764638, 1779078, 2053454, 3658261, 5097419, 6582776, 8045423, 9500581, 12990504, 13004944, 13058275, 13072715, 13222461, 14133710, 14148150, 14181786, 14196226, 14291361, 15219980, 16172663]
INFO - main:184 - * stop_df: [1718503, 1732943, 1766637, 1781077, 2539371, 4726535, 6165692, 7651049, 9113696, 10145656, 12992502, 13006942, 13060273, 13074713, 13234580, 14135709, 14150149, 14183785, 14198225, 15175635, 16104254, 17056937]
INFO - main:185 - * total of 22 runs
INFO - main:200 - * adjusted start_df: [2054374, 3659181, 5098339, 6583696, 8046343, 9501501, 13223381, 14292281, 15220900, 16173583]
INFO - main:201 - * adjusted stop_df: [2539372, 4726536, 6165693, 7651051, 9113697, 10145658, 13234581, 15175637, 16104256, 17056939]
INFO - main:202 - * total of 10 runs
INFO - main:217 - runs shorter than 300 sec: sub-00003 ses-20 [0, 6] - run number in python order
INFO - main:229 - __________________ :+: FINISHED :+: __________________
INFO - main:134 - __________________sub-00003 ses-21 __________________
INFO - main:135 - file exists! -- starting transformation: 
INFO - main:162 - number of spikes within experiment: 4644
INFO - main:183 - * start_df: [2643269, 2657709, 2691226, 2705666, 3012979, 4487468, 5989388, 7316683]
INFO - main:184 - * stop_df: [2645268, 2659708, 2693225, 2707665, 4081253, 5555742, 7057662, 8384956]
INFO - main:185 - * total of 8 runs
INFO - main:200 - * adjusted start_df: [3013899, 4488388, 5990308, 7317603]
INFO - main:201 - * adjusted stop_df: [4081254, 5555743, 7057663, 8384957]
INFO - main:202 - * total of 4 runs
INFO - main:229 - __________________ :+: FINISHED :+: __________________
INFO - main:134 - __________________sub-00003 ses-22 __________________
INFO - main:135 - file exists! -- starting transformation: 
INFO - main:162 - number of spikes within experiment: 4681
INFO - main:183 - * start_df: [2094623, 2109063, 2142847, 2157287, 2272746, 3806727, 5234531, 6536234, 8137619]
INFO - main:184 - * stop_df: [2096622, 2111062, 2144846, 2159286, 3341020, 4875001, 5269650, 7604507, 9205892]
INFO - main:185 - * total of 9 runs
INFO - main:200 - * adjusted start_df: [2273666, 3807647, 5235451, 6537154, 8138539]
INFO - main:201 - * adjusted stop_df: [3341021, 4875002, 5269651, 7604509, 9205894]
INFO - main:202 - * total of 5 runs
INFO - main:217 - runs shorter than 300 sec: sub-00003 ses-22 [2] - run number in python order
INFO - main:229 - __________________ :+: FINISHED :+: __________________
INFO - main:134 - __________________sub-00003 ses-23 __________________
INFO - main:135 - file exists! -- starting transformation: 
INFO - main:162 - number of spikes within experiment: 5344
INFO - main:183 - * start_df: [3656599, 3671039, 3704712, 3719152, 4091838, 5681306, 7233953, 8683514, 10221144]
INFO - main:184 - * stop_df: [3658597, 3673037, 3706711, 3721151, 5160111, 6749579, 8302226, 9751787, 10866219]
INFO - main:185 - * total of 9 runs
INFO - main:200 - * adjusted start_df: [4092758, 5682226, 7234873, 8684434, 10222064]
INFO - main:201 - * adjusted stop_df: [5160113, 6749580, 8302227, 9751788, 10866220]
INFO - main:202 - * total of 5 runs
INFO - main:229 - __________________ :+: FINISHED :+: __________________
INFO - main:134 - __________________sub-00003 ses-24 __________________
INFO - main:135 - file exists! -- starting transformation: 
INFO - main:162 - number of spikes within experiment: 5344
INFO - main:183 - * start_df: [502792, 517232, 551097, 565537, 852195, 2333523, 3860191, 5438202, 7003096]
INFO - main:184 - * stop_df: [504791, 519231, 553096, 567536, 1920470, 3401797, 4928465, 6506475, 7648172]
INFO - main:185 - * total of 9 runs
INFO - main:200 - * adjusted start_df: [853115, 2334443, 3861111, 5439122, 7004016]
INFO - main:201 - * adjusted stop_df: [1920471, 3401799, 4928466, 6506477, 7648173]
INFO - main:202 - * total of 5 runs
INFO - main:229 - __________________ :+: FINISHED :+: __________________
INFO - main:134 - __________________sub-00003 ses-25 __________________
INFO - main:135 - file exists! -- starting transformation: 
INFO - main:162 - number of spikes within experiment: 5375
INFO - main:183 - * start_df: [1511076, 1525515, 1559204, 1573644, 1716324, 3138396, 4383550, 5755813, 7335007, 7489033]
INFO - main:184 - * stop_df: [1513074, 1527514, 1561203, 1575643, 2784597, 4206669, 5451823, 6824086, 7364606, 8134108]
INFO - main:185 - * total of 10 runs
INFO - main:200 - * adjusted start_df: [1717244, 3139316, 4384470, 5756733, 7335927, 7489953]
INFO - main:201 - * adjusted stop_df: [2784598, 4206670, 5451824, 6824087, 7364607, 8134109]
INFO - main:202 - * total of 6 runs
INFO - main:217 - runs shorter than 300 sec: sub-00003 ses-25 [4] - run number in python order
INFO - main:229 - __________________ :+: FINISHED :+: __________________
INFO - main:134 - __________________sub-00003 ses-27 __________________
INFO - main:135 - file exists! -- starting transformation: 
INFO - main:162 - number of spikes within experiment: 5164
INFO - main:183 - * start_df: [1514803, 1529242, 1562958, 1577397, 2400750, 4143587, 5848518, 7457961]
INFO - main:184 - * stop_df: [1516804, 1531243, 1564959, 1579398, 3588601, 5331438, 7036368, 8645811]
INFO - main:185 - * total of 8 runs
INFO - main:200 - * adjusted start_df: [1514804, 1529243, 1562959, 1577398, 2400751, 4143588, 5848519, 7457962]
INFO - main:201 - * adjusted stop_df: [1516804, 1531243, 1564959, 1579398, 3588601, 5331438, 7036368, 8645811]
INFO - main:202 - * total of 8 runs
INFO - main:217 - runs shorter than 300 sec: sub-00003 ses-27 [0, 1, 2, 3] - run number in python order
INFO - main:229 - __________________ :+: FINISHED :+: __________________
INFO - main:134 - __________________sub-00003 ses-28 __________________
INFO - main:135 - file exists! -- starting transformation: 
INFO - main:162 - number of spikes within experiment: 7694
INFO - main:183 - * start_df: [1159897, 1174337, 1207989, 1222429, 1524478, 2473132, 3432961, 4450190, 6551002, 6565442, 6599982, 6614422, 6839470, 7137809]
INFO - main:184 - * stop_df: [1161898, 1176338, 1209990, 1224430, 2408760, 3357414, 4317244, 5095272, 6553003, 6567443, 6601983, 6616423, 6849751, 10907224]
INFO - main:185 - * total of 14 runs
INFO - main:200 - * adjusted start_df: [1159898, 1174338, 1207990, 1222430, 1524479, 2473133, 3432962, 4450191, 6551003, 6565443, 6599983, 6614423, 6839471, 7137810]
INFO - main:201 - * adjusted stop_df: [1161898, 1176338, 1209990, 1224430, 2408760, 3357414, 4317244, 5095273, 6553003, 6567443, 6601983, 6616423, 6849751, 10907224]
INFO - main:202 - * total of 14 runs
INFO - main:217 - runs shorter than 300 sec: sub-00003 ses-28 [0, 1, 2, 3, 8, 9, 10, 11, 12] - run number in python order
INFO - main:229 - __________________ :+: FINISHED :+: __________________
INFO - main:134 - __________________sub-00003 ses-30 __________________
INFO - main:135 - file exists! -- starting transformation: 
INFO - main:162 - number of spikes within experiment: 5900
INFO - main:183 - * start_df: [199794, 214234, 247975, 262415, 359213, 4190191, 5125298]
INFO - main:184 - * stop_df: [201793, 216233, 249974, 264414, 4128616, 5019273, 5954380]
INFO - main:185 - * total of 7 runs
INFO - main:200 - * adjusted start_df: [360133, 4191111, 5126218]
INFO - main:201 - * adjusted stop_df: [4128617, 5019274, 5954381]
INFO - main:202 - * total of 3 runs
INFO - main:229 - __________________ :+: FINISHED :+: __________________
