INFO - main:110 - ['sub-00004', 'sub-00005']
INFO - main:132 - __________________sub-00004 ses-02 __________________
INFO - main:133 - file exists! -- starting transformation: 
INFO - main:160 - number of spikes within experiment: 5344
INFO - main:181 - * start_df: [1483874, 1498314, 1531805, 1546245, 1767384, 3147349, 4544803, 5980757, 7725142]
INFO - main:182 - * stop_df: [1485873, 1500313, 1533803, 1548243, 2835658, 4215623, 5613077, 7049030, 8370217]
INFO - main:183 - * total of 9 runs
INFO - main:198 - * adjusted start_df: [1768304, 3148269, 4545723, 5981677, 7726062]
INFO - main:199 - * adjusted stop_df: [2835659, 4215624, 5613078, 7049032, 8370218]
INFO - main:132 - __________________sub-00004 ses-03 __________________
INFO - main:133 - file exists! -- starting transformation: 
INFO - main:160 - number of spikes within experiment: 10540
INFO - main:181 - * start_df: [2079171, 2093611, 2127426, 2141866, 2398254, 3765051, 5308766, 6807280, 8565572, 12424473, 13352779]
INFO - main:182 - * stop_df: [2081170, 2095610, 2129425, 2143865, 3466527, 4833324, 6377039, 7875553, 12334950, 13253547, 14181853]
INFO - main:183 - * total of 11 runs
INFO - main:198 - * adjusted start_df: [2399174, 3765971, 5309686, 6808200, 8566492, 12425393, 13353699]
INFO - main:199 - * adjusted stop_df: [3466528, 4833325, 6377041, 7875554, 12334952, 13253548, 14181855]
INFO - main:227 - __________________ :+: FINISHED :+: __________________
INFO - main:132 - __________________sub-00004 ses-04 __________________
INFO - main:133 - file exists! -- starting transformation: 
INFO - main:160 - number of spikes within experiment: 3821
INFO - main:181 - * start_df: [2089802, 2104242, 2138134, 2152574, 2412300, 3860986, 5432713, 6799779]
INFO - main:182 - * stop_df: [2091801, 2106241, 2140133, 2154573, 3480574, 4929260, 6500986, 7110896]
INFO - main:183 - * total of 8 runs
INFO - main:198 - * adjusted start_df: [2413220, 3861906, 5433633, 6800699]
INFO - main:199 - * adjusted stop_df: [3480575, 4929261, 6500988, 7110897]
INFO - main:214 - runs shorter than 300 sec: sub-00004 ses-04 [3] - run number in python order
INFO - main:132 - __________________sub-00004 ses-05 __________________
INFO - main:133 - file exists! -- starting transformation: 
INFO - main:160 - number of spikes within experiment: 4644
INFO - main:181 - * start_df: [4664179, 4678618, 4712456, 4726896, 5002068, 6732716, 8363668, 9821219]
INFO - main:182 - * stop_df: [4666177, 4680617, 4714455, 4728895, 6070342, 7800989, 9431941, 10889492]
INFO - main:183 - * total of 8 runs
INFO - main:198 - * adjusted start_df: [5002988, 6733636, 8364588, 9822139]
INFO - main:199 - * adjusted stop_df: [6070343, 7800990, 9431942, 10889493]
INFO - main:132 - __________________sub-00004 ses-06 __________________
INFO - main:133 - file exists! -- starting transformation: 
INFO - main:160 - number of spikes within experiment: 5344
INFO - main:181 - * start_df: [1491521, 1505961, 1540185, 1554625, 1796603, 3233541, 4597066, 5994266, 7584365]
INFO - main:182 - * stop_df: [1493520, 1507960, 1542183, 1556623, 2864877, 4301814, 5665339, 7062539, 8229440]
INFO - main:183 - * total of 9 runs
INFO - main:198 - * adjusted start_df: [1797523, 3234461, 4597986, 5995186, 7585285]
INFO - main:199 - * adjusted stop_df: [2864878, 4301816, 5665341, 7062540, 8229442]
INFO - main:227 - __________________ :+: FINISHED :+: __________________
INFO - main:132 - __________________sub-00004 ses-07 __________________
INFO - main:133 - file exists! -- starting transformation: 
INFO - main:160 - number of spikes within experiment: 4644
INFO - main:181 - * start_df: [2652105, 2666545, 2700110, 2714550, 2966342, 4392667, 5785937, 7175227]
INFO - main:182 - * stop_df: [2654104, 2668544, 2702108, 2716548, 4034615, 5460940, 6854209, 8243500]
INFO - main:183 - * total of 8 runs
INFO - main:198 - * adjusted start_df: [2967262, 4393587, 5786857, 7176147]
INFO - main:199 - * adjusted stop_df: [4034616, 5460941, 6854211, 8243501]
INFO - main:227 - __________________ :+: FINISHED :+: __________________
INFO - main:132 - __________________sub-00004 ses-08 __________________
INFO - main:133 - file exists! -- starting transformation: 
INFO - main:160 - number of spikes within experiment: 5344
INFO - main:181 - * start_df: [2543337, 2557777, 2591429, 2605869, 2891101, 4293333, 5992643, 7353896, 8893015]
INFO - main:182 - * stop_df: [2545336, 2559776, 2593428, 2607867, 3959375, 5361606, 7060916, 8422169, 9538090]
INFO - main:183 - * total of 9 runs
INFO - main:198 - * adjusted start_df: [2892021, 4294253, 5993563, 7354816, 8893935]
INFO - main:199 - * adjusted stop_df: [3959376, 5361607, 7060917, 8422170, 9538092]
INFO - main:227 - __________________ :+: FINISHED :+: __________________
INFO - main:132 - __________________sub-00004 ses-09 __________________
INFO - main:133 - file exists! -- starting transformation: 
INFO - main:160 - number of spikes within experiment: 4644
INFO - main:181 - * start_df: [1468165, 1482605, 1516188, 1530628, 1726937, 3150169, 4677605, 6029791]
INFO - main:182 - * stop_df: [1470164, 1484604, 1518187, 1532627, 2795210, 4218442, 5745878, 7098064]
INFO - main:183 - * total of 8 runs
INFO - main:198 - * adjusted start_df: [1727857, 3151089, 4678525, 6030711]
INFO - main:199 - * adjusted stop_df: [2795212, 4218444, 5745880, 7098066]
INFO - main:227 - __________________ :+: FINISHED :+: __________________
INFO - main:132 - __________________sub-00004 ses-10 __________________
INFO - main:133 - file exists! -- starting transformation: 
INFO - main:160 - number of spikes within experiment: 5344
INFO - main:181 - * start_df: [2225390, 2239830, 2273484, 2287923, 2515812, 3986006, 5432908, 7009234, 8502443]
INFO - main:182 - * stop_df: [2227388, 2241828, 2275482, 2289922, 3584085, 5054279, 6501181, 8077507, 9147518]
INFO - main:183 - * total of 9 runs
INFO - main:198 - * adjusted start_df: [2516732, 3986926, 5433828, 7010154, 8503363]
INFO - main:199 - * adjusted stop_df: [3584087, 5054280, 6501182, 8077508, 9147519]
INFO - main:227 - __________________ :+: FINISHED :+: __________________
INFO - main:132 - __________________sub-00004 ses-11 __________________
INFO - main:133 - file exists! -- starting transformation: 
INFO - main:160 - number of spikes within experiment: 4644
INFO - main:181 - * start_df: [2849005, 2863445, 2897086, 2911526, 3185104, 4535561, 5947063, 7407633]
INFO - main:182 - * stop_df: [2851004, 2865444, 2899085, 2913525, 4253377, 5603835, 7015336, 8475906]
INFO - main:183 - * total of 8 runs
INFO - main:198 - * adjusted start_df: [3186024, 4536481, 5947983, 7408553]
INFO - main:199 - * adjusted stop_df: [4253379, 5603836, 7015337, 8475907]
INFO - main:227 - __________________ :+: FINISHED :+: __________________
INFO - main:132 - __________________sub-00004 ses-14 __________________
INFO - main:133 - file exists! -- starting transformation: 
INFO - main:160 - number of spikes within experiment: 4644
INFO - main:181 - * start_df: [1313261, 1327701, 1361286, 1375725, 1581949, 2928978, 4264683, 5566988]
INFO - main:182 - * stop_df: [1315259, 1329699, 1363284, 1377724, 2650222, 3997251, 5332956, 6635261]
INFO - main:183 - * total of 8 runs
INFO - main:198 - * adjusted start_df: [1582869, 2929898, 4265603, 5567908]
INFO - main:199 - * adjusted stop_df: [2650223, 3997252, 5332957, 6635262]
INFO - main:227 - __________________ :+: FINISHED :+: __________________
INFO - main:132 - __________________sub-00004 ses-15 __________________
INFO - main:133 - file exists! -- starting transformation: 
INFO - main:160 - number of spikes within experiment: 5333
INFO - main:181 - * start_df: [2506344, 2520784, 2554406, 2568845, 2828176, 4458860, 5806149, 7144714, 8614440]
INFO - main:182 - * stop_df: [2508342, 2522782, 2556404, 2570844, 3886825, 5527134, 6874423, 8212988, 9259515]
INFO - main:183 - * total of 9 runs
INFO - main:198 - * adjusted start_df: [2829096, 4459780, 5807069, 7145634, 8615360]
INFO - main:199 - * adjusted stop_df: [3886826, 5527135, 6874424, 8212989, 9259517]
INFO - main:227 - __________________ :+: FINISHED :+: __________________
INFO - main:132 - __________________sub-00004 ses-17 __________________
INFO - main:133 - file exists! -- starting transformation: 
INFO - main:160 - number of spikes within experiment: 5344
INFO - main:181 - * start_df: [2379821, 2394261, 2427876, 2442316, 2964437, 4424266, 5890340, 7336685, 8747695]
INFO - main:182 - * stop_df: [2381820, 2396260, 2429874, 2444314, 4032711, 5492539, 6958613, 8404958, 9392770]
INFO - main:183 - * total of 9 runs
INFO - main:198 - * adjusted start_df: [2965357, 4425186, 5891260, 7337605, 8748615]
INFO - main:199 - * adjusted stop_df: [4032712, 5492541, 6958615, 8404959, 9392772]
INFO - main:227 - __________________ :+: FINISHED :+: __________________
INFO - main:132 - __________________sub-00004 ses-18 __________________
INFO - main:133 - file exists! -- starting transformation: 
INFO - main:160 - number of spikes within experiment: 5344
INFO - main:181 - * start_df: [214975, 229416, 263140, 277579, 537953, 2093023, 3569041, 5118556, 6483006]
INFO - main:182 - * stop_df: [216975, 231414, 265139, 279578, 1606207, 3161274, 4637294, 6186809, 7128069]
INFO - main:183 - * total of 9 runs
INFO - main:198 - * adjusted start_df: [214976, 537954, 2093943, 3569042, 5118557, 6483007]
INFO - main:199 - * adjusted stop_df: [216976, 1606207, 3161276, 4637295, 6186810, 7128070]
INFO - main:214 - runs shorter than 300 sec: sub-00004 ses-18 [0] - run number in python order
INFO - main:227 - __________________ :+: FINISHED :+: __________________
INFO - main:132 - __________________sub-00005 ses-01 __________________
INFO - main:133 - file exists! -- starting transformation: 
INFO - main:160 - number of spikes within experiment: 5344
INFO - main:181 - * start_df: [4329934, 4344374, 4377828, 4392268, 4660460, 6141014, 7713761, 9365986, 11211866]
INFO - main:182 - * stop_df: [4331932, 4346372, 4379826, 4394266, 5728734, 7209288, 8782035, 10434260, 11856942]
INFO - main:183 - * total of 9 runs
INFO - main:198 - * adjusted start_df: [4661380, 6141934, 7714681, 9366906, 11212786]
INFO - main:199 - * adjusted stop_df: [5728735, 7209289, 8782036, 10434261, 11856943]
INFO - main:132 - __________________sub-00005 ses-02 __________________
INFO - main:133 - file exists! -- starting transformation: 
INFO - main:160 - number of spikes within experiment: 4644
INFO - main:181 - * start_df: [2001090, 2015530, 2049104, 2063543, 2343970, 4411556, 6097843, 7391134]
INFO - main:182 - * stop_df: [2003089, 2017529, 2051102, 2065542, 3412244, 5479829, 7166116, 8459407]
INFO - main:183 - * total of 8 runs
INFO - main:198 - * adjusted start_df: [2344890, 4412476, 6098763, 7392054]
INFO - main:199 - * adjusted stop_df: [3412245, 5479831, 7166117, 8459409]
INFO - main:132 - __________________sub-00005 ses-04 __________________
INFO - main:133 - file exists! -- starting transformation: 
INFO - main:160 - number of spikes within experiment: 5344
INFO - main:181 - * start_df: [2585103, 2599543, 2632999, 2647439, 2880669, 4290821, 5767268, 7142213, 8611259]
INFO - main:182 - * stop_df: [2587101, 2601541, 2634998, 2649438, 3948943, 5359094, 6835542, 8210486, 9256335]
INFO - main:183 - * total of 9 runs
INFO - main:198 - * adjusted start_df: [2881589, 4291741, 5768188, 7143133, 8612179]
INFO - main:199 - * adjusted stop_df: [3948944, 5359096, 6835543, 8210488, 9256336]
INFO - main:132 - __________________sub-00005 ses-05 __________________
INFO - main:133 - file exists! -- starting transformation: 
INFO - main:160 - number of spikes within experiment: 4644
INFO - main:181 - * start_df: [1317542, 1331982, 1365441, 1379881, 1621475, 3175481, 4507634, 5795294]
INFO - main:182 - * stop_df: [1319541, 1333981, 1367440, 1381880, 2689749, 4243755, 5575907, 6863568]
INFO - main:183 - * total of 8 runs
INFO - main:198 - * adjusted start_df: [1622395, 3176401, 4508554, 5796214]
INFO - main:199 - * adjusted stop_df: [2689751, 4243756, 5575909, 6863569]
INFO - main:132 - __________________sub-00005 ses-07 __________________
INFO - main:133 - file exists! -- starting transformation: 
INFO - main:160 - number of spikes within experiment: 5344
INFO - main:181 - * start_df: [3823455, 3837895, 3871606, 3886046, 4220645, 5687352, 7109563, 8550623, 10128411]
INFO - main:182 - * stop_df: [3825453, 3839893, 3873605, 3888045, 5288919, 6755626, 8177836, 9618896, 10773486]
INFO - main:183 - * total of 9 runs
INFO - main:198 - * adjusted start_df: [4221565, 5688272, 7110483, 8551543, 10129331]
INFO - main:199 - * adjusted stop_df: [5288920, 6755627, 8177837, 9618898, 10773487]
INFO - main:227 - __________________ :+: FINISHED :+: __________________
INFO - main:132 - __________________sub-00005 ses-08 __________________
INFO - main:133 - file exists! -- starting transformation: 
INFO - main:160 - number of spikes within experiment: 9288
INFO - main:181 - * start_df: [284043, 298483, 332080, 346519, 556584, 1957224, 3275829, 5098226, 8518941, 8533380, 8567070, 8581510, 8805936, 10349211, 11723246, 13198725]
INFO - main:182 - * stop_df: [286041, 300481, 334078, 348518, 1624857, 3025496, 4344102, 6166499, 8520939, 8535379, 8569069, 8583509, 9874208, 11417483, 12791518, 14266998]
INFO - main:183 - * total of 16 runs
INFO - main:198 - * adjusted start_df: [557504, 1958144, 3276749, 5099146, 8806856, 10350131, 11724166, 13199645]
INFO - main:199 - * adjusted stop_df: [1624858, 3025498, 4344103, 6166500, 9874209, 11417484, 12791520, 14266999]
INFO - main:132 - __________________sub-00005 ses-09 __________________
INFO - main:133 - file exists! -- starting transformation: 
INFO - main:160 - number of spikes within experiment: 4644
INFO - main:181 - * start_df: [3205187, 3219627, 3253286, 3267726, 3531515, 5131357, 6687008, 8240912]
INFO - main:182 - * stop_df: [3207185, 3221625, 3255284, 3269724, 4599788, 6199630, 7755281, 9309185]
INFO - main:183 - * total of 8 runs
INFO - main:198 - * adjusted start_df: [3532435, 5132277, 6687928, 8241832]
INFO - main:199 - * adjusted stop_df: [4599789, 6199631, 7755282, 9309186]
INFO - main:227 - __________________ :+: FINISHED :+: __________________
INFO - main:132 - __________________sub-00005 ses-11 __________________
INFO - main:133 - file exists! -- starting transformation: 
INFO - main:160 - number of spikes within experiment: 5344
INFO - main:181 - * start_df: [2061609, 2076049, 2109692, 2124131, 2529532, 4017770, 5530618, 7049087, 8619675]
INFO - main:182 - * stop_df: [2063607, 2078047, 2111690, 2126130, 3597805, 5086044, 6598891, 8117360, 9264750]
INFO - main:183 - * total of 9 runs
INFO - main:198 - * adjusted start_df: [2530452, 4018690, 5531538, 7050007, 8620595]
INFO - main:199 - * adjusted stop_df: [3597806, 5086045, 6598892, 8117362, 9264751]
INFO - main:227 - __________________ :+: FINISHED :+: __________________
INFO - main:132 - __________________sub-00005 ses-12 __________________
INFO - main:133 - file exists! -- starting transformation: 
INFO - main:160 - number of spikes within experiment: 4644
INFO - main:181 - * start_df: [4978317, 4992757, 5026413, 5040853, 5237938, 6744215, 8191749, 9883699]
INFO - main:182 - * stop_df: [4980316, 4994756, 5028412, 5042852, 6306211, 7812489, 9260022, 10951973]
INFO - main:183 - * total of 8 runs
INFO - main:198 - * adjusted start_df: [5238858, 6745135, 8192669, 9884619]
INFO - main:199 - * adjusted stop_df: [6306213, 7812490, 9260023, 10951974]
INFO - main:227 - __________________ :+: FINISHED :+: __________________
INFO - main:132 - __________________sub-00005 ses-13 __________________
INFO - main:133 - file exists! -- starting transformation: 
INFO - main:160 - number of spikes within experiment: 5344
INFO - main:181 - * start_df: [1404241, 1418681, 1452328, 1466768, 1722868, 3295772, 4756579, 6070860, 7861450]
INFO - main:182 - * stop_df: [1406239, 1420679, 1454326, 1468766, 2791142, 4364045, 5824852, 7139133, 8506526]
INFO - main:183 - * total of 9 runs
INFO - main:198 - * adjusted start_df: [1723788, 3296692, 4757499, 6071780, 7862370]
INFO - main:199 - * adjusted stop_df: [2791143, 4364046, 5824854, 7139135, 8506527]
INFO - main:227 - __________________ :+: FINISHED :+: __________________
INFO - main:132 - __________________sub-00005 ses-16 __________________
INFO - main:133 - file exists! -- starting transformation: 
INFO - main:160 - number of spikes within experiment: 5344
INFO - main:181 - * start_df: [1691705, 1706145, 1739898, 1754338, 2059810, 3696239, 5330421, 6676458, 8290784]
INFO - main:182 - * stop_df: [1693704, 1708144, 1741897, 1756337, 3128083, 4764512, 6398694, 7744731, 8935860]
INFO - main:183 - * total of 9 runs
INFO - main:198 - * adjusted start_df: [2060730, 3697158, 5331341, 6677378, 8291704]
INFO - main:199 - * adjusted stop_df: [3128085, 4764513, 6398695, 7744732, 8935861]
INFO - main:227 - __________________ :+: FINISHED :+: __________________
Traceback (most recent call last):
  File "/dartfs-hpc/rc/lab/C/CANlab/labdata/data/WASABI/scripts/biopac/wasabi-prep/spacetop_prep/physio/c02_save_separate_run.py", line 261, in <module>
    main()
  File "/dartfs-hpc/rc/lab/C/CANlab/labdata/data/WASABI/scripts/biopac/wasabi-prep/spacetop_prep/physio/c02_save_separate_run.py", line 131, in main
    main_df, samplingrate = nk.read_acqknowledge(acq)
  File "/dartfs-hpc/rc/home/j/f003z4j/miniconda3/envs/physio/biopac/lib/python3.9/site-packages/neurokit2/data/read_acqknowledge.py", line 76, in read_acqknowledge
    file = bioread.read(filename)
  File "/dartfs-hpc/rc/home/j/f003z4j/miniconda3/envs/physio/biopac/lib/python3.9/site-packages/bioread/__init__.py", line 26, in read
    return reader.Reader.read(filelike, channel_indexes).datafile
  File "/dartfs-hpc/rc/home/j/f003z4j/miniconda3/envs/physio/biopac/lib/python3.9/site-packages/bioread/reader.py", line 85, in read
    reader._read_headers()
  File "/dartfs-hpc/rc/home/j/f003z4j/miniconda3/envs/physio/biopac/lib/python3.9/site-packages/bioread/reader.py", line 175, in _read_headers
    self._read_markers()
  File "/dartfs-hpc/rc/home/j/f003z4j/miniconda3/envs/physio/biopac/lib/python3.9/site-packages/bioread/reader.py", line 301, in _read_markers
    self.marker_header = self.__single_header(
  File "/dartfs-hpc/rc/home/j/f003z4j/miniconda3/envs/physio/biopac/lib/python3.9/site-packages/bioread/reader.py", line 266, in __single_header
    return self.__multi_headers(1, start_offset, h_class)[0]
  File "/dartfs-hpc/rc/home/j/f003z4j/miniconda3/envs/physio/biopac/lib/python3.9/site-packages/bioread/reader.py", line 278, in __multi_headers
    h.unpack_from_file(self.acq_file, h_offset)
  File "/dartfs-hpc/rc/home/j/f003z4j/miniconda3/envs/physio/biopac/lib/python3.9/site-packages/bioread/headers.py", line 45, in unpack_from_file
    self.__unpack_data()
  File "/dartfs-hpc/rc/home/j/f003z4j/miniconda3/envs/physio/biopac/lib/python3.9/site-packages/bioread/headers.py", line 59, in __unpack_data
    self.data = self.struct_dict.unpack(self.raw_data)
  File "/dartfs-hpc/rc/home/j/f003z4j/miniconda3/envs/physio/biopac/lib/python3.9/site-packages/bioread/struct_dict.py", line 58, in unpack
    unpacked = struct.unpack(self.format_string, data)
struct.error: unpack requires a buffer of 41 bytes
