INFO - main:110 - ['sub-00007', 'sub-00008']
INFO - main:132 - __________________sub-00007 ses-04 __________________
INFO - main:133 - file exists! -- starting transformation: 
INFO - main:160 - number of spikes within experiment: 4644
INFO - main:181 - * start_df: [3462236, 3476676, 3510275, 3524715, 3816862, 5441921, 6962880, 8508698]
INFO - main:182 - * stop_df: [3464234, 3478674, 3512274, 3526714, 4885136, 6510195, 8031153, 9576972]
INFO - main:183 - * total of 8 runs
INFO - main:198 - * adjusted start_df: [3817782, 5442841, 6963800, 8509618]
INFO - main:199 - * adjusted stop_df: [4885137, 6510196, 8031155, 9576973]
INFO - main:227 - __________________ :+: FINISHED :+: __________________
INFO - main:132 - __________________sub-00007 ses-05 __________________
INFO - main:133 - file exists! -- starting transformation: 
INFO - main:160 - number of spikes within experiment: 5344
INFO - main:181 - * start_df: [1387681, 1402121, 1435854, 1450293, 1722794, 3190824, 4934031, 6576195, 8051936]
INFO - main:182 - * stop_df: [1389680, 1404119, 1437852, 1452292, 2791068, 4259097, 6002305, 7644469, 8697011]
INFO - main:183 - * total of 9 runs
INFO - main:198 - * adjusted start_df: [1723714, 3191744, 4934951, 6577115, 8052856]
INFO - main:199 - * adjusted stop_df: [2791070, 4259099, 6002306, 7644470, 8697013]
INFO - main:132 - __________________sub-00007 ses-06 __________________
INFO - main:133 - file exists! -- starting transformation: 
INFO - main:160 - number of spikes within experiment: 4644
INFO - main:181 - * start_df: [772101, 786541, 820212, 834652, 944847, 2279183, 3688424, 5081739]
INFO - main:182 - * stop_df: [774100, 788540, 822211, 836651, 2013121, 3347456, 4756697, 6150012]
INFO - main:183 - * total of 8 runs
INFO - main:198 - * adjusted start_df: [945767, 2280103, 3689344, 5082659]
INFO - main:199 - * adjusted stop_df: [2013122, 3347458, 4756698, 6150014]
INFO - main:227 - __________________ :+: FINISHED :+: __________________
INFO - main:132 - __________________sub-00007 ses-07 __________________
INFO - main:133 - file exists! -- starting transformation: 
INFO - main:160 - number of spikes within experiment: 5344
INFO - main:181 - * start_df: [985097, 999537, 1033335, 1047774, 1230800, 2640696, 4032299, 5501776, 7005569]
INFO - main:182 - * stop_df: [987095, 1001535, 1035333, 1049773, 2299073, 3708969, 5100572, 6570049, 7650644]
INFO - main:183 - * total of 9 runs
INFO - main:198 - * adjusted start_df: [1231720, 2641616, 4033219, 5502696, 7006489]
INFO - main:199 - * adjusted stop_df: [2299074, 3708971, 5100574, 6570050, 7650645]
INFO - main:132 - __________________sub-00007 ses-08 __________________
INFO - main:133 - file exists! -- starting transformation: 
INFO - main:160 - number of spikes within experiment: 5395
INFO - main:181 - * start_df: [2221216, 2235656, 2269507, 2283946, 2424603, 3883129, 5324324, 6727537, 8037793, 8448316]
INFO - main:182 - * stop_df: [2223215, 2237655, 2271505, 2285945, 3492877, 4951402, 6392597, 7795810, 8085792, 9093391]
INFO - main:183 - * total of 10 runs
INFO - main:198 - * adjusted start_df: [2425523, 3884049, 5325244, 6728457, 8038713, 8449236]
INFO - main:199 - * adjusted stop_df: [3492878, 4951404, 6392599, 7795811, 8085793, 9093392]
INFO - main:214 - runs shorter than 300 sec: sub-00007 ses-08 [4] - run number in python order
INFO - main:132 - __________________sub-00007 ses-10 __________________
INFO - main:133 - file exists! -- starting transformation: 
INFO - main:160 - number of spikes within experiment: 4640
INFO - main:181 - * start_df: [534410, 1908793, 3219153, 4569028]
INFO - main:182 - * stop_df: [1602684, 2977066, 4287427, 5637301]
INFO - main:183 - * total of 4 runs
INFO - main:198 - * adjusted start_df: [535330, 1909713, 3220073, 4569948]
INFO - main:199 - * adjusted stop_df: [1602685, 2977068, 4287428, 5637302]
INFO - main:227 - __________________ :+: FINISHED :+: __________________
INFO - main:132 - __________________sub-00007 ses-11 __________________
INFO - main:133 - file exists! -- starting transformation: 
INFO - main:160 - number of spikes within experiment: 5344
INFO - main:181 - * start_df: [2859171, 2873611, 2907269, 2921709, 3170815, 4621015, 5989915, 7335475, 8720654]
INFO - main:182 - * stop_df: [2861170, 2875610, 2909268, 2923708, 4239090, 5689289, 7058189, 8403749, 9365730]
INFO - main:183 - * total of 9 runs
INFO - main:198 - * adjusted start_df: [3171735, 4621935, 5990835, 7336395, 8721574]
INFO - main:199 - * adjusted stop_df: [4239091, 5689291, 7058191, 8403750, 9365731]
INFO - main:132 - __________________sub-00007 ses-12 __________________
INFO - main:133 - file exists! -- starting transformation: 
INFO - main:160 - number of spikes within experiment: 4644
INFO - main:181 - * start_df: [992993, 1007433, 1041134, 1055574, 1573152, 2996178, 4479476, 5945523]
INFO - main:182 - * stop_df: [994992, 1009431, 1043133, 1057573, 2641427, 4064453, 5547750, 7013797]
INFO - main:183 - * total of 8 runs
INFO - main:198 - * adjusted start_df: [1574072, 2997098, 4480396, 5946443]
INFO - main:199 - * adjusted stop_df: [2641428, 4064454, 5547751, 7013799]
INFO - main:227 - __________________ :+: FINISHED :+: __________________
INFO - main:132 - __________________sub-00007 ses-13 __________________
INFO - main:133 - file exists! -- starting transformation: 
INFO - main:160 - number of spikes within experiment: 5344
INFO - main:181 - * start_df: [1260948, 1275387, 1309184, 1323623, 2722907, 4607664, 6067444, 7383025, 8772501]
INFO - main:182 - * stop_df: [1262948, 1277386, 1311183, 1325624, 3791161, 5675918, 7135698, 8451279, 9417564]
INFO - main:183 - * total of 9 runs
INFO - main:198 - * adjusted start_df: [1275388, 1309185, 1323624, 2722908, 4607665, 6067445, 7383026, 8772502]
INFO - main:199 - * adjusted stop_df: [1277388, 1311185, 1325624, 3791161, 5675918, 7135698, 8451279, 9417566]
INFO - main:214 - runs shorter than 300 sec: sub-00007 ses-13 [0, 1, 2] - run number in python order
INFO - main:132 - __________________sub-00007 ses-14 __________________
INFO - main:133 - file exists! -- starting transformation: 
INFO - main:160 - number of spikes within experiment: 3484
INFO - main:181 - * start_df: [3337146, 3351585, 3385184, 3399623, 3990167, 5350662, 6853475]
INFO - main:182 - * stop_df: [3339144, 3353584, 3387183, 3401622, 5058420, 6418913, 7921727]
INFO - main:183 - * total of 7 runs
INFO - main:198 - * adjusted start_df: [3990168, 5351582, 6854395]
INFO - main:199 - * adjusted stop_df: [5058421, 6418914, 7921728]
INFO - main:227 - __________________ :+: FINISHED :+: __________________
INFO - main:132 - __________________sub-00007 ses-16 __________________
INFO - main:133 - file exists! -- starting transformation: 
INFO - main:160 - number of spikes within experiment: 5344
INFO - main:181 - * start_df: [1484477, 1498917, 1532629, 1547069, 2078100, 3559187, 4990932, 6542067, 7828284]
INFO - main:182 - * stop_df: [1486476, 1500916, 1534628, 1549068, 3146351, 4627439, 6059184, 7610318, 8473347]
INFO - main:183 - * total of 9 runs
INFO - main:198 - * adjusted start_df: [2079020, 3560107, 4991852, 6542987, 7829204]
INFO - main:199 - * adjusted stop_df: [3146352, 4627440, 6059185, 7610319, 8473348]
INFO - main:132 - __________________sub-00008 ses-01 __________________
INFO - main:133 - file exists! -- starting transformation: 
INFO - main:160 - number of spikes within experiment: 5344
INFO - main:181 - * start_df: [4239758, 4254198, 4287791, 4302231, 4607170, 6212324, 7841216, 9336833, 12024606]
INFO - main:182 - * stop_df: [4241756, 4256196, 4289790, 4304229, 5675444, 7280597, 8909490, 10405106, 12669681]
INFO - main:183 - * total of 9 runs
INFO - main:198 - * adjusted start_df: [4608090, 6213244, 7842136, 9337753, 12025526]
INFO - main:199 - * adjusted stop_df: [5675445, 7280599, 8909491, 10405108, 12669682]
INFO - main:132 - __________________sub-00008 ses-04 __________________
INFO - main:133 - file exists! -- starting transformation: 
INFO - main:160 - number of spikes within experiment: 4644
INFO - main:181 - * start_df: [1000391, 1014831, 1048483, 1062923, 1365748, 2967736, 4448938, 5865107]
INFO - main:182 - * stop_df: [1002390, 1016830, 1050482, 1064922, 2434021, 4036009, 5517211, 6933380]
INFO - main:183 - * total of 8 runs
INFO - main:198 - * adjusted start_df: [1366668, 2968656, 4449858, 5866027]
INFO - main:199 - * adjusted stop_df: [2434023, 4036011, 5517212, 6933382]
INFO - main:227 - __________________ :+: FINISHED :+: __________________
INFO - main:132 - __________________sub-00008 ses-05 __________________
INFO - main:133 - file exists! -- starting transformation: 
INFO - main:160 - number of spikes within experiment: 5344
INFO - main:181 - * start_df: [2365416, 2379856, 2413575, 2428015, 2706137, 4558293, 6073309, 8035593, 9624325]
INFO - main:182 - * stop_df: [2367415, 2381855, 2415573, 2430013, 3774412, 5626567, 7141582, 9103867, 10269400]
INFO - main:183 - * total of 9 runs
INFO - main:198 - * adjusted start_df: [2707057, 4559213, 6074229, 8036513, 9625245]
INFO - main:199 - * adjusted stop_df: [3774413, 5626569, 7141584, 9103868, 10269402]
INFO - main:132 - __________________sub-00008 ses-06 __________________
INFO - main:133 - file exists! -- starting transformation: 
INFO - main:160 - number of spikes within experiment: 4644
INFO - main:181 - * start_df: [5225023, 5239463, 5273041, 5287481, 5542665, 7294994, 8783869, 10082062]
INFO - main:182 - * stop_df: [5227022, 5241462, 5275039, 5289479, 6610939, 8363268, 9852143, 11150336]
INFO - main:183 - * total of 8 runs
INFO - main:198 - * adjusted start_df: [5543585, 7295914, 8784789, 10082982]
INFO - main:199 - * adjusted stop_df: [6610940, 8363269, 9852144, 11150337]
INFO - main:227 - __________________ :+: FINISHED :+: __________________
INFO - main:132 - __________________sub-00008 ses-07 __________________
INFO - main:133 - file exists! -- starting transformation: 
INFO - main:160 - number of spikes within experiment: 5344
INFO - main:181 - * start_df: [2472345, 2486785, 2520451, 2534891, 2815892, 4280495, 5752501, 7340313, 9310385]
INFO - main:182 - * stop_df: [2474344, 2488784, 2522449, 2536889, 3884166, 5348769, 6820775, 8408587, 9955460]
INFO - main:183 - * total of 9 runs
INFO - main:198 - * adjusted start_df: [2816812, 4281415, 5753421, 7341233, 9311305]
INFO - main:199 - * adjusted stop_df: [3884168, 5348770, 6820776, 8408588, 9955462]
INFO - main:132 - __________________sub-00008 ses-08 __________________
INFO - main:133 - file exists! -- starting transformation: 
INFO - main:160 - number of spikes within experiment: 4644
INFO - main:181 - * start_df: [1262923, 1277362, 1310985, 1325425, 1623288, 3003077, 4383664, 5816024]
INFO - main:182 - * stop_df: [1264921, 1279361, 1312984, 1327424, 2691561, 4071350, 5451937, 6884297]
INFO - main:183 - * total of 8 runs
INFO - main:198 - * adjusted start_df: [1277363, 1624208, 3003997, 4384584, 5816944]
INFO - main:199 - * adjusted stop_df: [1279363, 2691562, 4071351, 5451938, 6884298]
INFO - main:214 - runs shorter than 300 sec: sub-00008 ses-08 [0] - run number in python order
INFO - main:227 - __________________ :+: FINISHED :+: __________________
INFO - main:132 - __________________sub-00008 ses-09 __________________
INFO - main:133 - file exists! -- starting transformation: 
INFO - main:160 - number of spikes within experiment: 5424
INFO - main:181 - * start_df: [1678243, 1692683, 1726340, 1740780, 1973457, 3437238, 4956821, 7030936, 7702493, 9694983]
INFO - main:182 - * stop_df: [1680242, 1694682, 1728338, 1742778, 3041731, 4505512, 6025094, 7105615, 8770767, 10340058]
INFO - main:183 - * total of 10 runs
INFO - main:198 - * adjusted start_df: [1974377, 3438158, 4957741, 7031856, 7703413, 9695903]
INFO - main:199 - * adjusted stop_df: [3041732, 4505513, 6025096, 7105616, 8770768, 10340060]
INFO - main:214 - runs shorter than 300 sec: sub-00008 ses-09 [3] - run number in python order
INFO - main:132 - __________________sub-00008 ses-09 __________________
INFO - main:133 - file exists! -- starting transformation: 
INFO - main:160 - number of spikes within experiment: 5276
INFO - main:181 - * start_df: [800791, 815231, 848920, 863360, 1029406, 2491711, 3894147, 5197483, 6501807]
INFO - main:182 - * stop_df: [802790, 817230, 850919, 865359, 1611922, 3559984, 4962420, 6265756, 7570080]
INFO - main:183 - * total of 9 runs
INFO - main:198 - * adjusted start_df: [1030326, 2492631, 3895067, 5198403, 6502727]
INFO - main:199 - * adjusted stop_df: [1611923, 3559985, 4962421, 6265757, 7570082]
INFO - main:214 - runs shorter than 300 sec: sub-00008 ses-09 [0] - run number in python order
INFO - main:227 - __________________ :+: FINISHED :+: __________________
INFO - main:132 - __________________sub-00008 ses-10 __________________
INFO - main:133 - file exists! -- starting transformation: 
INFO - main:160 - number of spikes within experiment: 4644
INFO - main:181 - * start_df: [2132558, 2146998, 2180742, 2195182, 2661958, 4324859, 5960399, 7409407]
INFO - main:182 - * stop_df: [2134557, 2148997, 2182741, 2197181, 3730232, 5393133, 7028673, 8477680]
INFO - main:183 - * total of 8 runs
INFO - main:198 - * adjusted start_df: [2662878, 4325779, 5961319, 7410327]
INFO - main:199 - * adjusted stop_df: [3730234, 5393134, 7028674, 8477682]
INFO - main:227 - __________________ :+: FINISHED :+: __________________
INFO - main:132 - __________________sub-00008 ses-11 __________________
INFO - main:133 - file exists! -- starting transformation: 
INFO - main:160 - number of spikes within experiment: 5344
INFO - main:181 - * start_df: [1106734, 1121174, 1154826, 1169266, 1430365, 2859222, 4421378, 5794020, 7193881]
INFO - main:182 - * stop_df: [1108732, 1123172, 1156825, 1171265, 2498639, 3927495, 5489651, 6862293, 7838956]
INFO - main:183 - * total of 9 runs
INFO - main:198 - * adjusted start_df: [1431285, 2860142, 4422298, 5794940, 7194801]
INFO - main:199 - * adjusted stop_df: [2498640, 3927496, 5489653, 6862294, 7838958]
INFO - main:132 - __________________sub-00008 ses-12 __________________
INFO - main:133 - file exists! -- starting transformation: 
INFO - main:160 - number of spikes within experiment: 4644
INFO - main:181 - * start_df: [567878, 582318, 616156, 630596, 713878, 2087123, 3398518, 4746248]
INFO - main:182 - * stop_df: [569877, 584317, 618154, 632594, 1782151, 3155396, 4466791, 5814521]
INFO - main:183 - * total of 8 runs
INFO - main:198 - * adjusted start_df: [714798, 2088043, 3399438, 4747168]
INFO - main:199 - * adjusted stop_df: [1782153, 3155398, 4466792, 5814523]
INFO - main:227 - __________________ :+: FINISHED :+: __________________
