INFO - main:111 - ['sub-00005']
INFO - main:134 - __________________sub-00005 ses-01 __________________
INFO - main:135 - file exists! -- starting transformation: 
INFO - main:162 - number of spikes within experiment: 5344
INFO - main:183 - * start_df: [4329934, 4344374, 4377828, 4392268, 4660460, 6141014, 7713761, 9365986, 11211866]
INFO - main:184 - * stop_df: [4331932, 4346372, 4379826, 4394266, 5728734, 7209288, 8782035, 10434260, 11856942]
INFO - main:185 - * total of 9 runs
INFO - main:200 - * adjusted start_df: [4661380, 6141934, 7714681, 9366906, 11212786]
INFO - main:201 - * adjusted stop_df: [5728735, 7209289, 8782036, 10434261, 11856943]
INFO - main:202 - * total of 5 runs
INFO - main:229 - __________________ :+: FINISHED :+: __________________
INFO - main:134 - __________________sub-00005 ses-02 __________________
INFO - main:135 - file exists! -- starting transformation: 
INFO - main:162 - number of spikes within experiment: 4644
INFO - main:183 - * start_df: [2001090, 2015530, 2049104, 2063543, 2343970, 4411556, 6097843, 7391134]
INFO - main:184 - * stop_df: [2003089, 2017529, 2051102, 2065542, 3412244, 5479829, 7166116, 8459407]
INFO - main:185 - * total of 8 runs
INFO - main:200 - * adjusted start_df: [2344890, 4412476, 6098763, 7392054]
INFO - main:201 - * adjusted stop_df: [3412245, 5479831, 7166117, 8459409]
INFO - main:202 - * total of 4 runs
INFO - main:229 - __________________ :+: FINISHED :+: __________________
INFO - main:134 - __________________sub-00005 ses-03 __________________
INFO - main:135 - file exists! -- starting transformation: 
INFO - main:162 - number of spikes within experiment: 2884
INFO - main:183 - * start_df: [2974405, 2988845, 3022318, 3036758, 3227764, 4175259, 5129176]
INFO - main:184 - * stop_df: [2976404, 2990844, 3024317, 3038757, 4112039, 5059534, 6013451]
INFO - main:185 - * total of 7 runs
INFO - main:200 - * adjusted start_df: [3228684, 4176179, 5130096]
INFO - main:201 - * adjusted stop_df: [4112040, 5059535, 6013452]
INFO - main:202 - * total of 3 runs
INFO - main:229 - __________________ :+: FINISHED :+: __________________
INFO - main:134 - __________________sub-00005 ses-04 __________________
INFO - main:135 - file exists! -- starting transformation: 
INFO - main:162 - number of spikes within experiment: 5344
INFO - main:183 - * start_df: [2585103, 2599543, 2632999, 2647439, 2880669, 4290821, 5767268, 7142213, 8611259]
INFO - main:184 - * stop_df: [2587101, 2601541, 2634998, 2649438, 3948943, 5359094, 6835542, 8210486, 9256335]
INFO - main:185 - * total of 9 runs
INFO - main:200 - * adjusted start_df: [2881589, 4291741, 5768188, 7143133, 8612179]
INFO - main:201 - * adjusted stop_df: [3948944, 5359096, 6835543, 8210488, 9256336]
INFO - main:202 - * total of 5 runs
INFO - main:229 - __________________ :+: FINISHED :+: __________________
INFO - main:134 - __________________sub-00005 ses-05 __________________
INFO - main:135 - file exists! -- starting transformation: 
INFO - main:162 - number of spikes within experiment: 4644
INFO - main:183 - * start_df: [1317542, 1331982, 1365441, 1379881, 1621475, 3175481, 4507634, 5795294]
INFO - main:184 - * stop_df: [1319541, 1333981, 1367440, 1381880, 2689749, 4243755, 5575907, 6863568]
INFO - main:185 - * total of 8 runs
INFO - main:200 - * adjusted start_df: [1622395, 3176401, 4508554, 5796214]
INFO - main:201 - * adjusted stop_df: [2689751, 4243756, 5575909, 6863569]
INFO - main:202 - * total of 4 runs
INFO - main:229 - __________________ :+: FINISHED :+: __________________
INFO - main:134 - __________________sub-00005 ses-06 __________________
INFO - main:135 - file exists! -- starting transformation: 
INFO - main:162 - number of spikes within experiment: 5972
INFO - main:183 - * start_df: [4510587, 4525027, 4558631, 4573071, 4989831, 5285963, 9182160, 10167951]
INFO - main:184 - * stop_df: [4512585, 4527025, 4560630, 4575070, 5057150, 9055344, 10011235, 10997026]
INFO - main:185 - * total of 8 runs
INFO - main:200 - * adjusted start_df: [4990751, 5286883, 9183080, 10168871]
INFO - main:201 - * adjusted stop_df: [5057151, 9055346, 10011237, 10997027]
INFO - main:202 - * total of 4 runs
INFO - main:217 - runs shorter than 300 sec: sub-00005 ses-06 [0] - run number in python order
INFO - main:229 - __________________ :+: FINISHED :+: __________________
INFO - main:134 - __________________sub-00005 ses-07 __________________
INFO - main:135 - file exists! -- starting transformation: 
INFO - main:162 - number of spikes within experiment: 5344
INFO - main:183 - * start_df: [3823455, 3837895, 3871606, 3886046, 4220645, 5687352, 7109563, 8550623, 10128411]
INFO - main:184 - * stop_df: [3825453, 3839893, 3873605, 3888045, 5288919, 6755626, 8177836, 9618896, 10773486]
INFO - main:185 - * total of 9 runs
INFO - main:200 - * adjusted start_df: [4221565, 5688272, 7110483, 8551543, 10129331]
INFO - main:201 - * adjusted stop_df: [5288920, 6755627, 8177837, 9618898, 10773487]
INFO - main:202 - * total of 5 runs
INFO - main:229 - __________________ :+: FINISHED :+: __________________
INFO - main:134 - __________________sub-00005 ses-08 __________________
INFO - main:135 - file exists! -- starting transformation: 
INFO - main:162 - number of spikes within experiment: 4644
INFO - main:183 - * start_df: [279627, 294067, 327664, 342103, 552168, 1952808, 3271413, 5093810]
INFO - main:184 - * stop_df: [281625, 296065, 329662, 344102, 1620441, 3021080, 4339686, 6162083]
INFO - main:185 - * total of 8 runs
INFO - main:200 - * adjusted start_df: [553088, 1953728, 3272333, 5094730]
INFO - main:201 - * adjusted stop_df: [1620442, 3021082, 4339687, 6162084]
INFO - main:202 - * total of 4 runs
INFO - main:229 - __________________ :+: FINISHED :+: __________________
INFO - main:134 - __________________sub-00005 ses-09 __________________
INFO - main:135 - file exists! -- starting transformation: 
INFO - main:162 - number of spikes within experiment: 4644
INFO - main:183 - * start_df: [3205187, 3219627, 3253286, 3267726, 3531515, 5131357, 6687008, 8240912]
INFO - main:184 - * stop_df: [3207185, 3221625, 3255284, 3269724, 4599788, 6199630, 7755281, 9309185]
INFO - main:185 - * total of 8 runs
INFO - main:200 - * adjusted start_df: [3532435, 5132277, 6687928, 8241832]
INFO - main:201 - * adjusted stop_df: [4599789, 6199631, 7755282, 9309186]
INFO - main:202 - * total of 4 runs
INFO - main:229 - __________________ :+: FINISHED :+: __________________
INFO - main:134 - __________________sub-00005 ses-10 __________________
INFO - main:135 - file exists! -- starting transformation: 
INFO - main:162 - number of spikes within experiment: 704
INFO - main:183 - * start_df: [1194786, 1209226, 1242921, 1257361, 1442207]
INFO - main:184 - * stop_df: [1196785, 1211225, 1244919, 1259359, 2087283]
INFO - main:185 - * total of 5 runs
INFO - main:200 - * adjusted start_df: [1443127]
INFO - main:201 - * adjusted stop_df: [2087284]
INFO - main:202 - * total of 1 runs
INFO - main:229 - __________________ :+: FINISHED :+: __________________
INFO - main:134 - __________________sub-00005 ses-11 __________________
INFO - main:135 - file exists! -- starting transformation: 
INFO - main:162 - number of spikes within experiment: 5344
INFO - main:183 - * start_df: [2061609, 2076049, 2109692, 2124131, 2529532, 4017770, 5530618, 7049087, 8619675]
INFO - main:184 - * stop_df: [2063607, 2078047, 2111690, 2126130, 3597805, 5086044, 6598891, 8117360, 9264750]
INFO - main:185 - * total of 9 runs
INFO - main:200 - * adjusted start_df: [2530452, 4018690, 5531538, 7050007, 8620595]
INFO - main:201 - * adjusted stop_df: [3597806, 5086045, 6598892, 8117362, 9264751]
INFO - main:202 - * total of 5 runs
INFO - main:229 - __________________ :+: FINISHED :+: __________________
INFO - main:134 - __________________sub-00005 ses-12 __________________
INFO - main:135 - file exists! -- starting transformation: 
INFO - main:162 - number of spikes within experiment: 4644
INFO - main:183 - * start_df: [4978317, 4992757, 5026413, 5040853, 5237938, 6744215, 8191749, 9883699]
INFO - main:184 - * stop_df: [4980316, 4994756, 5028412, 5042852, 6306211, 7812489, 9260022, 10951973]
INFO - main:185 - * total of 8 runs
INFO - main:200 - * adjusted start_df: [5238858, 6745135, 8192669, 9884619]
INFO - main:201 - * adjusted stop_df: [6306213, 7812490, 9260023, 10951974]
INFO - main:202 - * total of 4 runs
INFO - main:229 - __________________ :+: FINISHED :+: __________________
INFO - main:134 - __________________sub-00005 ses-13 __________________
INFO - main:135 - file exists! -- starting transformation: 
INFO - main:162 - number of spikes within experiment: 5344
INFO - main:183 - * start_df: [1404241, 1418681, 1452328, 1466768, 1722868, 3295772, 4756579, 6070860, 7861450]
INFO - main:184 - * stop_df: [1406239, 1420679, 1454326, 1468766, 2791142, 4364045, 5824852, 7139133, 8506526]
INFO - main:185 - * total of 9 runs
INFO - main:200 - * adjusted start_df: [1723788, 3296692, 4757499, 6071780, 7862370]
INFO - main:201 - * adjusted stop_df: [2791143, 4364046, 5824854, 7139135, 8506527]
INFO - main:202 - * total of 5 runs
INFO - main:229 - __________________ :+: FINISHED :+: __________________
INFO - main:134 - __________________sub-00005 ses-14 __________________
INFO - main:135 - file exists! -- starting transformation: 
INFO - main:162 - number of spikes within experiment: 5948
INFO - main:183 - * start_df: [2850626, 2865066, 2898586, 2913026, 3050220, 4791209, 7579654, 9331705]
INFO - main:184 - * stop_df: [2852624, 2867064, 2900584, 2915024, 4418411, 6159401, 8947845, 10699897]
INFO - main:185 - * total of 8 runs
INFO - main:200 - * adjusted start_df: [3051140, 4792129, 7580574, 9332625]
INFO - main:201 - * adjusted stop_df: [4418412, 6159402, 8947846, 10699898]
INFO - main:202 - * total of 4 runs
INFO - main:229 - __________________ :+: FINISHED :+: __________________
INFO - main:134 - __________________sub-00005 ses-15 __________________
INFO - main:135 - file exists! -- starting transformation: 
INFO - main:162 - number of spikes within experiment: 5948
INFO - main:183 - * start_df: [3369595, 3384035, 3417637, 3432077, 3507464, 5404958, 7101201, 8764067]
INFO - main:184 - * stop_df: [3371594, 3386033, 3419636, 3434076, 4875655, 6773150, 8469393, 10132258]
INFO - main:185 - * total of 8 runs
INFO - main:200 - * adjusted start_df: [3508384, 5405878, 7102121, 8764987]
INFO - main:201 - * adjusted stop_df: [4875657, 6773151, 8469394, 10132260]
INFO - main:202 - * total of 4 runs
INFO - main:229 - __________________ :+: FINISHED :+: __________________
INFO - main:134 - __________________sub-00005 ses-16 __________________
INFO - main:135 - file exists! -- starting transformation: 
INFO - main:162 - number of spikes within experiment: 5344
INFO - main:183 - * start_df: [1691705, 1706145, 1739898, 1754338, 2059810, 3696239, 5330421, 6676458, 8290784]
INFO - main:184 - * stop_df: [1693704, 1708144, 1741897, 1756337, 3128083, 4764512, 6398694, 7744731, 8935860]
INFO - main:185 - * total of 9 runs
INFO - main:200 - * adjusted start_df: [2060730, 3697158, 5331341, 6677378, 8291704]
INFO - main:201 - * adjusted stop_df: [3128085, 4764513, 6398695, 7744732, 8935861]
INFO - main:202 - * total of 5 runs
INFO - main:229 - __________________ :+: FINISHED :+: __________________
INFO - main:134 - __________________sub-00005 ses-17 __________________
INFO - main:135 - file exists! -- starting transformation: 
INFO - main:162 - number of spikes within experiment: 0
INFO - main:183 - * start_df: []
INFO - main:184 - * stop_df: []
INFO - main:185 - * total of 0 runs
INFO - main:200 - * adjusted start_df: []
INFO - main:201 - * adjusted stop_df: []
INFO - main:202 - * total of 0 runs
ERROR - main:231 - number of complete runs do not match scan notes
ERROR - main:232 - clean_runlist: [], scannote_reference.columns: Index(['run-1', 'run-2', 'run-3', 'run-4'], dtype='object')
INFO - main:134 - __________________sub-00005 ses-18 __________________
INFO - main:135 - file exists! -- starting transformation: 
INFO - main:162 - number of spikes within experiment: 5344
INFO - main:183 - * start_df: [1119061, 1133501, 1182467, 1196907, 1443168, 2787756, 4265794, 5773135, 7351186]
INFO - main:184 - * stop_df: [1121060, 1135500, 1184466, 1198906, 2511442, 3856030, 5334068, 6841408, 7996262]
INFO - main:185 - * total of 9 runs
INFO - main:200 - * adjusted start_df: [1444088, 2788676, 4266714, 5774055, 7352106]
INFO - main:201 - * adjusted stop_df: [2511443, 3856031, 5334069, 6841409, 7996263]
INFO - main:202 - * total of 5 runs
INFO - main:229 - __________________ :+: FINISHED :+: __________________
INFO - main:134 - __________________sub-00005 ses-19 __________________
INFO - main:135 - file exists! -- starting transformation: 
INFO - main:162 - number of spikes within experiment: 4644
INFO - main:183 - * start_df: [1639368, 1653808, 1687452, 1701892, 2020684, 3635605, 5148844, 6584813]
INFO - main:184 - * stop_df: [1641367, 1655807, 1689451, 1703891, 3088957, 4703879, 6217117, 7653086]
INFO - main:185 - * total of 8 runs
INFO - main:200 - * adjusted start_df: [2021604, 3636525, 5149764, 6585733]
INFO - main:201 - * adjusted stop_df: [3088958, 4703880, 6217118, 7653087]
INFO - main:202 - * total of 4 runs
INFO - main:229 - __________________ :+: FINISHED :+: __________________
INFO - main:134 - __________________sub-00005 ses-21 __________________
INFO - main:135 - file exists! -- starting transformation: 
INFO - main:162 - number of spikes within experiment: 5948
INFO - main:183 - * start_df: [2117091, 2131531, 2165207, 2179647, 3418628, 5563935, 7259480, 9031708]
INFO - main:184 - * stop_df: [2119090, 2133530, 2167206, 2181646, 4786821, 6932127, 8627672, 10399900]
INFO - main:185 - * total of 8 runs
INFO - main:200 - * adjusted start_df: [3419548, 5564855, 7260400, 9032628]
INFO - main:201 - * adjusted stop_df: [4786822, 6932129, 8627673, 10399901]
INFO - main:202 - * total of 4 runs
INFO - main:229 - __________________ :+: FINISHED :+: __________________
INFO - main:134 - __________________sub-00005 ses-22 __________________
INFO - main:135 - file exists! -- starting transformation: 
INFO - main:162 - number of spikes within experiment: 2884
INFO - main:183 - * start_df: [1800409, 1814849, 1848479, 1862919, 2018894, 2997133, 3931546]
INFO - main:184 - * stop_df: [1802407, 1816847, 1850478, 1864918, 2903170, 3881409, 4815822]
INFO - main:185 - * total of 7 runs
INFO - main:200 - * adjusted start_df: [2019814, 2998053, 3932466]
INFO - main:201 - * adjusted stop_df: [2903172, 3881410, 4815823]
INFO - main:202 - * total of 3 runs
INFO - main:229 - __________________ :+: FINISHED :+: __________________
INFO - main:134 - __________________sub-00005 ses-25 __________________
INFO - main:135 - file exists! -- starting transformation: 
INFO - main:162 - number of spikes within experiment: 5164
INFO - main:183 - * start_df: [1309539, 1323979, 1357703, 1372143, 1743596, 3325071, 5007545, 6518413]
INFO - main:184 - * stop_df: [1311538, 1325978, 1359701, 1374141, 2931471, 4512945, 6195419, 7706286]
INFO - main:185 - * total of 8 runs
INFO - main:200 - * adjusted start_df: [1744516, 3325991, 5008465, 6519333]
INFO - main:201 - * adjusted stop_df: [2931472, 4512946, 6195420, 7706287]
INFO - main:202 - * total of 4 runs
INFO - main:229 - __________________ :+: FINISHED :+: __________________
INFO - main:134 - __________________sub-00005 ses-26 __________________
INFO - main:135 - file exists! -- starting transformation: 
INFO - main:162 - number of spikes within experiment: 0
INFO - main:183 - * start_df: []
INFO - main:184 - * stop_df: []
INFO - main:185 - * total of 0 runs
INFO - main:200 - * adjusted start_df: []
INFO - main:201 - * adjusted stop_df: []
INFO - main:202 - * total of 0 runs
ERROR - main:231 - number of complete runs do not match scan notes
ERROR - main:232 - clean_runlist: [], scannote_reference.columns: Index(['run-1', 'run-2', 'run-3', 'run-4'], dtype='object')
INFO - main:134 - __________________sub-00005 ses-27 __________________
INFO - main:135 - file exists! -- starting transformation: 
INFO - main:162 - number of spikes within experiment: 5864
INFO - main:183 - * start_df: [1087340, 1101780, 1135467, 1149905, 1860076, 3346990, 4786456, 6135857, 7487040]
INFO - main:184 - * stop_df: [1089339, 1103778, 1137466, 1151906, 3047927, 4534840, 5974307, 7323706, 8132102]
INFO - main:185 - * total of 9 runs
INFO - main:200 - * adjusted start_df: [1149906, 1860077, 3346991, 4786457, 6135858, 7487959]
INFO - main:201 - * adjusted stop_df: [1151906, 3047927, 4534840, 5974307, 7323707, 8132103]
INFO - main:202 - * total of 6 runs
INFO - main:217 - runs shorter than 300 sec: sub-00005 ses-27 [0] - run number in python order
INFO - main:229 - __________________ :+: FINISHED :+: __________________
INFO - main:134 - __________________sub-00005 ses-28 __________________
INFO - main:135 - file exists! -- starting transformation: 
INFO - main:162 - number of spikes within experiment: 5864
INFO - main:183 - * start_df: [137023, 151463, 185119, 199560, 2378775, 4000823, 5444611, 6830567, 8131239]
INFO - main:184 - * stop_df: [139024, 153464, 187120, 201559, 3566625, 5188674, 6632461, 8018418, 8776303]
INFO - main:185 - * total of 9 runs
INFO - main:200 - * adjusted start_df: [137024, 151464, 185120, 2378776, 4000824, 5444612, 6830568, 8131240]
INFO - main:201 - * adjusted stop_df: [139024, 153464, 187120, 3566626, 5188674, 6632462, 8018418, 8776304]
INFO - main:202 - * total of 8 runs
INFO - main:217 - runs shorter than 300 sec: sub-00005 ses-28 [0, 1, 2] - run number in python order
INFO - main:229 - __________________ :+: FINISHED :+: __________________
INFO - main:134 - __________________sub-00005 ses-29 __________________
INFO - main:135 - file exists! -- starting transformation: 
INFO - main:162 - number of spikes within experiment: 6190
INFO - main:183 - * start_df: [601394, 615833, 649602, 664042, 2217551, 3883470, 5528414, 7353256, 9030955]
INFO - main:184 - * stop_df: [603394, 617834, 651603, 666043, 3585717, 5251636, 6896580, 7576971, 10399120]
INFO - main:185 - * total of 9 runs
INFO - main:200 - * adjusted start_df: [601395, 615834, 649603, 664043, 2217552, 3883471, 5528415, 7353257, 9030956]
INFO - main:201 - * adjusted stop_df: [603395, 617834, 651603, 666043, 3585717, 5251636, 6896580, 7576971, 10399121]
INFO - main:202 - * total of 9 runs
INFO - main:217 - runs shorter than 300 sec: sub-00005 ses-29 [0, 1, 2, 3, 7] - run number in python order
INFO - main:229 - __________________ :+: FINISHED :+: __________________
INFO - main:134 - __________________sub-00005 ses-30 __________________
INFO - main:135 - file exists! -- starting transformation: 
INFO - main:162 - number of spikes within experiment: 15472
INFO - main:183 - * start_df: [258906, 273345, 307182, 321622, 923822, 1467154, 3301996, 5049188, 6800218, 8397681, 9502425, 10477666, 11474549, 12730298, 16558149, 17474192]
INFO - main:184 - * stop_df: [260905, 275344, 309181, 323622, 969061, 2835320, 4670162, 6417354, 8168383, 9042745, 10386682, 11361923, 12358806, 16499601, 17387207, 18303250]
INFO - main:185 - * total of 16 runs
INFO - main:200 - * adjusted start_df: [923823, 1467155, 3301997, 5049189, 6800219, 8397682, 9503345, 10478586, 11474550, 12731218, 16559069, 17475112]
INFO - main:201 - * adjusted stop_df: [969062, 2835320, 4670162, 6417355, 8168384, 9042746, 10386683, 11361923, 12358807, 16499602, 17387208, 18303251]
INFO - main:202 - * total of 12 runs
INFO - main:217 - runs shorter than 300 sec: sub-00005 ses-30 [0] - run number in python order
INFO - main:229 - __________________ :+: FINISHED :+: __________________
