INFO - main:111 - ['sub-00001']
INFO - main:134 - __________________sub-00001 ses-01 __________________
INFO - main:135 - file exists! -- starting transformation: 
INFO - main:162 - number of spikes within experiment: 7135
INFO - main:183 - * start_df: [1131824, 1146264, 1180021, 1194461, 1456227, 3598371, 5507705, 7409873, 9319877]
INFO - main:184 - * stop_df: [1133823, 1148263, 1182020, 1196460, 2771979, 4930682, 6820697, 8710904, 10623669]
INFO - main:185 - * total of 9 runs
INFO - main:200 - * adjusted start_df: [1457147, 3599291, 5508625, 7410793, 9320797]
INFO - main:201 - * adjusted stop_df: [2771980, 4930684, 6820698, 8710906, 10623671]
INFO - main:202 - * total of 5 runs
INFO - main:229 - __________________ :+: FINISHED :+: __________________
INFO - main:134 - __________________sub-00001 ses-02 __________________
INFO - main:135 - file exists! -- starting transformation: 
INFO - main:162 - number of spikes within experiment: 11473
INFO - main:183 - * start_df: [1631629, 1646069, 1679930, 1694369, 1895857, 4242699, 6373575, 8213865, 9993492, 11758497, 13466806, 15392608, 16112042]
INFO - main:184 - * stop_df: [1633628, 1648067, 1681928, 1696368, 3083730, 5669770, 7701287, 9502937, 11317523, 13082529, 14749438, 15428647, 17474712]
INFO - main:185 - * total of 13 runs
INFO - main:200 - * adjusted start_df: [1896777, 4243619, 6374495, 8214785, 9994412, 11759417, 13467726, 15393528, 16112962]
INFO - main:201 - * adjusted stop_df: [3083731, 5669771, 7701288, 9502938, 11317525, 13082530, 14749439, 15428648, 17474714]
INFO - main:202 - * total of 9 runs
INFO - main:217 - runs shorter than 300 sec: sub-00001 ses-02 [7] - run number in python order
INFO - main:229 - __________________ :+: FINISHED :+: __________________
INFO - main:134 - __________________sub-00001 ses-03 __________________
INFO - main:135 - file exists! -- starting transformation: 
INFO - main:162 - number of spikes within experiment: 10300
INFO - main:183 - * start_df: [77638, 1879586, 3719400, 5622820, 7521679, 9938374, 11775698, 13455074, 16722033, 16736473, 16770142, 16784582, 17024809]
INFO - main:184 - * stop_df: [1169831, 2969939, 4818953, 6750892, 8649752, 11066447, 12853171, 14555547, 16724031, 16738471, 16772141, 16786581, 17662524]
INFO - main:185 - * total of 13 runs
INFO - main:200 - * adjusted start_df: [78558, 1880506, 3720320, 5623740, 7522599, 9939294, 11776618, 13455994, 17025729]
INFO - main:201 - * adjusted stop_df: [1169833, 2969940, 4818954, 6750894, 8649753, 11066448, 12853172, 14555548, 17662526]
INFO - main:202 - * total of 9 runs
INFO - main:229 - __________________ :+: FINISHED :+: __________________
INFO - main:134 - __________________sub-00001 ses-04 __________________
INFO - main:135 - file exists! -- starting transformation: 
INFO - main:162 - number of spikes within experiment: 5473
INFO - main:183 - * start_df: [6470062, 6484502, 6519318, 6533758, 6794422, 8522722, 10075028, 11598780, 13230677]
INFO - main:184 - * stop_df: [6472060, 6486500, 6521317, 6535757, 7953775, 9608476, 11147901, 12672573, 13875752]
INFO - main:185 - * total of 9 runs
INFO - main:200 - * adjusted start_df: [6795342, 8523642, 10075948, 11599700, 13231597]
INFO - main:201 - * adjusted stop_df: [7953776, 9608477, 11147902, 12672575, 13875754]
INFO - main:202 - * total of 5 runs
INFO - main:229 - __________________ :+: FINISHED :+: __________________
INFO - main:134 - __________________sub-00001 ses-05 __________________
INFO - main:135 - file exists! -- starting transformation: 
INFO - main:162 - number of spikes within experiment: 104
INFO - main:183 - * start_df: [1410305, 1413985, 1417665, 1421345, 1425025, 1428705, 1432385, 1436065, 1439745, 1443425, 1447105, 1450785, 1454465, 1458145, 1461825, 1465505, 1469185, 1472865, 1476545, 1480225, 1483905, 1487585, 1491265, 1494945, 1498625, 1502305, 1505985, 1509665, 1513345, 1517026, 2249575, 2253255, 2256935, 2714634, 2718314, 2721994, 2725674, 2729354, 2733034, 2736714, 2740394, 2744074, 2747754, 2751434, 2755114, 2758794, 2762475, 2766155, 2769835, 2773515, 2777195, 2780875, 3049517, 3053197, 3056877, 3060557, 3064237, 3067917, 3071597, 3075277, 3078957, 3082637, 3086317, 3089997, 3093677, 3097357, 3101037, 3104717, 3108397, 3112077, 3115757, 3119437, 3123117, 3126797, 3130477, 3134157, 3137837, 3141517, 3145197, 3148877, 3152557, 3156237, 3159917, 3163597, 3167277, 3170957, 3174637, 3178318, 3181998, 3185678, 3189358, 3193038, 3196718, 3200398, 3204078, 3207758, 3211438, 3215118, 3218798, 3222478, 3226158, 3229838, 3233518, 3237198]
INFO - main:184 - * stop_df: [1411324, 1415004, 1418684, 1422364, 1426044, 1429724, 1433404, 1437084, 1440764, 1444444, 1448124, 1451804, 1455484, 1459164, 1462844, 1466524, 1470204, 1473884, 1477564, 1481244, 1484924, 1488604, 1492284, 1495964, 1499644, 1503324, 1507004, 1510684, 1514364, 1518044, 2250594, 2254274, 2257954, 2715653, 2719333, 2723013, 2726693, 2730373, 2734053, 2737733, 2741413, 2745093, 2748773, 2752453, 2756133, 2759813, 2763493, 2767173, 2770853, 2774533, 2778213, 2781893, 3050535, 3054215, 3057895, 3061576, 3065255, 3068936, 3072616, 3076296, 3079976, 3083656, 3087336, 3091016, 3094696, 3098376, 3102056, 3105736, 3109416, 3113096, 3116776, 3120456, 3124136, 3127816, 3131496, 3135176, 3138856, 3142536, 3146216, 3149896, 3153576, 3157256, 3160936, 3164616, 3168296, 3171976, 3175656, 3179336, 3183016, 3186696, 3190376, 3194056, 3197736, 3201416, 3205097, 3208777, 3212457, 3216137, 3219817, 3223497, 3227177, 3230857, 3234537, 3238217]
INFO - main:185 - * total of 104 runs
INFO - main:200 - * adjusted start_df: [1410306, 1413986, 1417666, 1421346, 1425026, 1428706, 1432386, 1436066, 1439746, 1443426, 1447106, 1450786, 1454466, 1458146, 1461826, 1465506, 1469186, 1472866, 1476546, 1480226, 1483906, 1487586, 1491266, 1494946, 1498626, 1502306, 1505986, 1509666, 1513346, 2249576, 2253256, 2256936, 2714635, 2718315, 2721995, 2725675, 2729355, 2733035, 2736715, 2740395, 2744075, 2747755, 2751435, 2755115, 2758795, 3060558, 3064238, 3067918, 3071598, 3075278, 3078958, 3082638, 3086318, 3089998, 3093678, 3097358, 3101038, 3104718, 3108398, 3112078, 3115758, 3119438, 3123118, 3126798, 3130478, 3134158, 3137838, 3141518, 3145198, 3148878, 3152558, 3156238, 3159918, 3163598, 3167278, 3170958, 3174638, 3196719, 3200399, 3204079, 3207759, 3211439, 3215119, 3218799, 3222479, 3226159, 3229839, 3233519, 3237199]
INFO - main:201 - * adjusted stop_df: [1411306, 1414986, 1418666, 1422346, 1426026, 1429706, 1433386, 1437066, 1440746, 1444426, 1448106, 1451786, 1455466, 1459146, 1462826, 1466506, 1470186, 1473866, 1477546, 1481226, 1484906, 1488586, 1492266, 1495946, 1499626, 1503306, 1506986, 1510666, 1514346, 2250576, 2254256, 2257936, 2715635, 2719315, 2722995, 2726675, 2730355, 2734035, 2737715, 2741395, 2745075, 2748755, 2752435, 2756115, 2759795, 3061558, 3065238, 3068918, 3072598, 3076278, 3079958, 3083638, 3087318, 3090998, 3094678, 3098358, 3102038, 3105718, 3109398, 3113078, 3116758, 3120438, 3124118, 3127798, 3131478, 3135158, 3138838, 3142518, 3146198, 3149878, 3153558, 3157238, 3160918, 3164598, 3168278, 3171958, 3175638, 3197719, 3201399, 3205079, 3208759, 3212439, 3216119, 3219799, 3223479, 3227159, 3230839, 3234519, 3238199]
INFO - main:202 - * total of 89 runs
INFO - main:217 - runs shorter than 300 sec: sub-00001 ses-05 [0, 1, 2, 3, 4, 5, 6, 7, 8, 9, 10, 11, 12, 13, 14, 15, 16, 17, 18, 19, 20, 21, 22, 23, 24, 25, 26, 27, 28, 29, 30, 31, 32, 33, 34, 35, 36, 37, 38, 39, 40, 41, 42, 43, 44, 45, 46, 47, 48, 49, 50, 51, 52, 53, 54, 55, 56, 57, 58, 59, 60, 61, 62, 63, 64, 65, 66, 67, 68, 69, 70, 71, 72, 73, 74, 75, 76, 77, 78, 79, 80, 81, 82, 83, 84, 85, 86, 87, 88] - run number in python order
ERROR - main:231 - number of complete runs do not match scan notes
ERROR - main:232 - clean_runlist: [], scannote_reference.columns: Index(['run-1', 'run-2', 'run-3', 'run-4'], dtype='object')
INFO - main:134 - __________________sub-00001 ses-06 __________________
INFO - main:135 - file exists! -- starting transformation: 
INFO - main:162 - number of spikes within experiment: 5344
INFO - main:183 - * start_df: [2259667, 2274107, 2307645, 2322085, 2569148, 4174529, 5664537, 7161091, 9026276]
INFO - main:184 - * stop_df: [2261666, 2276106, 2309643, 2324083, 3637422, 5242802, 6732811, 8229364, 9671351]
INFO - main:185 - * total of 9 runs
INFO - main:200 - * adjusted start_df: [2570068, 4175449, 5665457, 7162011, 9027196]
INFO - main:201 - * adjusted stop_df: [3637423, 5242804, 6732812, 8229366, 9671353]
INFO - main:202 - * total of 5 runs
INFO - main:229 - __________________ :+: FINISHED :+: __________________
INFO - main:134 - __________________sub-00001 ses-07 __________________
INFO - main:135 - file exists! -- starting transformation: 
INFO - main:162 - number of spikes within experiment: 4644
INFO - main:183 - * start_df: [311923, 326363, 360168, 374608, 547113, 2063653, 3910742, 5441662]
INFO - main:184 - * stop_df: [313922, 328362, 362167, 376606, 1615388, 3131927, 4979016, 6509936]
INFO - main:185 - * total of 8 runs
INFO - main:200 - * adjusted start_df: [548033, 2064573, 3911662, 5442582]
INFO - main:201 - * adjusted stop_df: [1615389, 3131928, 4979017, 6509937]
INFO - main:202 - * total of 4 runs
INFO - main:229 - __________________ :+: FINISHED :+: __________________
INFO - main:134 - __________________sub-00001 ses-08 __________________
INFO - main:135 - file exists! -- starting transformation: 
INFO - main:162 - number of spikes within experiment: 3794
INFO - main:183 - * start_df: [5309241, 5323681, 5357660, 5372100, 5544514, 6564444, 7624235, 9734576]
INFO - main:184 - * stop_df: [5311239, 5325679, 5359659, 5374098, 6493188, 7513118, 8572909, 10379652]
INFO - main:185 - * total of 8 runs
INFO - main:200 - * adjusted start_df: [5545434, 6565364, 7625155, 9735496]
INFO - main:201 - * adjusted stop_df: [6493189, 7513119, 8572910, 10379653]
INFO - main:202 - * total of 4 runs
INFO - main:229 - __________________ :+: FINISHED :+: __________________
INFO - main:134 - __________________sub-00001 ses-09 __________________
INFO - main:135 - file exists! -- starting transformation: 
INFO - main:162 - number of spikes within experiment: 5344
INFO - main:183 - * start_df: [2185061, 2199501, 2232909, 2247349, 2554724, 4212514, 5708987, 7143025, 8938554]
INFO - main:184 - * stop_df: [2187060, 2201500, 2234908, 2249347, 3622998, 5280788, 6777260, 8211298, 9583630]
INFO - main:185 - * total of 9 runs
INFO - main:200 - * adjusted start_df: [2555644, 4213434, 5709907, 7143945, 8939474]
INFO - main:201 - * adjusted stop_df: [3622999, 5280789, 6777261, 8211299, 9583631]
INFO - main:202 - * total of 5 runs
INFO - main:229 - __________________ :+: FINISHED :+: __________________
INFO - main:134 - __________________sub-00001 ses-10 __________________
INFO - main:135 - file exists! -- starting transformation: 
INFO - main:162 - number of spikes within experiment: 5384
INFO - main:183 - * start_df: [2043304, 2057744, 2091221, 2105661, 2366262, 3128738, 4605332, 6036333, 7871870, 9227506]
INFO - main:184 - * stop_df: [2045303, 2059743, 2093220, 2107660, 2404141, 4197011, 5673605, 7104606, 8940143, 9872581]
INFO - main:185 - * total of 10 runs
INFO - main:200 - * adjusted start_df: [2367182, 3129658, 4606252, 6037253, 7872790, 9228426]
INFO - main:201 - * adjusted stop_df: [2404142, 4197013, 5673607, 7104607, 8940144, 9872583]
INFO - main:202 - * total of 6 runs
INFO - main:217 - runs shorter than 300 sec: sub-00001 ses-10 [0] - run number in python order
INFO - main:229 - __________________ :+: FINISHED :+: __________________
INFO - main:134 - __________________sub-00001 ses-11 __________________
INFO - main:135 - file exists! -- starting transformation: 
INFO - main:162 - number of spikes within experiment: 5344
INFO - main:183 - * start_df: [3125040, 3139480, 3172927, 3187367, 3456413, 5214982, 6687792, 8106359, 9684380]
INFO - main:184 - * stop_df: [3127039, 3141479, 3174926, 3189366, 4524686, 6283255, 7756065, 9174632, 10329456]
INFO - main:185 - * total of 9 runs
INFO - main:200 - * adjusted start_df: [3457333, 5215902, 6688712, 8107279, 9685300]
INFO - main:201 - * adjusted stop_df: [4524687, 6283256, 7756067, 9174633, 10329457]
INFO - main:202 - * total of 5 runs
INFO - main:229 - __________________ :+: FINISHED :+: __________________
INFO - main:134 - __________________sub-00001 ses-12 __________________
INFO - main:135 - file exists! -- starting transformation: 
INFO - main:162 - number of spikes within experiment: 4644
INFO - main:183 - * start_df: [3791735, 3806175, 3839589, 3854029, 4379089, 6090230, 7569286, 9063024]
INFO - main:184 - * stop_df: [3793734, 3808174, 3841588, 3856028, 5447362, 7158504, 8637560, 10131297]
INFO - main:185 - * total of 8 runs
INFO - main:200 - * adjusted start_df: [4380009, 6091150, 7570206, 9063944]
INFO - main:201 - * adjusted stop_df: [5447364, 7158505, 8637561, 10131298]
INFO - main:202 - * total of 4 runs
INFO - main:229 - __________________ :+: FINISHED :+: __________________
INFO - main:134 - __________________sub-00001 ses-13 __________________
INFO - main:135 - file exists! -- starting transformation: 
INFO - main:162 - number of spikes within experiment: 5900
INFO - main:183 - * start_df: [1528262, 1542702, 1577702, 1592142, 1972617, 5824721, 6773038]
INFO - main:184 - * stop_df: [1530261, 1544701, 1579701, 1594141, 5741998, 6653796, 7602113]
INFO - main:185 - * total of 7 runs
INFO - main:200 - * adjusted start_df: [1973537, 5825641, 6773958]
INFO - main:201 - * adjusted stop_df: [5742000, 6653798, 7602115]
INFO - main:202 - * total of 3 runs
INFO - main:229 - __________________ :+: FINISHED :+: __________________
INFO - main:134 - __________________sub-00001 ses-14 __________________
INFO - main:135 - file exists! -- starting transformation: 
INFO - main:162 - number of spikes within experiment: 5344
INFO - main:183 - * start_df: [1501014, 1515454, 1548937, 1563377, 1800595, 3187964, 4564054, 6056376, 7422906]
INFO - main:184 - * stop_df: [1503013, 1517453, 1550935, 1565375, 2868868, 4256237, 5632327, 7124649, 8067981]
INFO - main:185 - * total of 9 runs
INFO - main:200 - * adjusted start_df: [1801515, 3188884, 4564974, 6057296, 7423826]
INFO - main:201 - * adjusted stop_df: [2868869, 4256238, 5632328, 7124651, 8067982]
INFO - main:202 - * total of 5 runs
INFO - main:229 - __________________ :+: FINISHED :+: __________________
INFO - main:134 - __________________sub-00001 ses-15 __________________
INFO - main:135 - file exists! -- starting transformation: 
INFO - main:162 - number of spikes within experiment: 6050
INFO - main:183 - * start_df: [3799297, 3813736, 3847546, 3861986, 4088451, 6829352, 9672171, 9686610, 9720307, 9734747, 9845834, 11357856, 12914317, 14633032]
INFO - main:184 - * stop_df: [3801295, 3815735, 3849544, 3863984, 5156725, 7053070, 9674169, 9688609, 9722306, 9736746, 10914108, 12426129, 13982590, 15701305]
INFO - main:185 - * total of 14 runs
INFO - main:200 - * adjusted start_df: [4089371, 6830272, 9846754, 11358776, 12915237, 14633952]
INFO - main:201 - * adjusted stop_df: [5156726, 7053071, 10914109, 12426130, 13982592, 15701307]
INFO - main:202 - * total of 6 runs
INFO - main:217 - runs shorter than 300 sec: sub-00001 ses-15 [1] - run number in python order
INFO - main:229 - __________________ :+: FINISHED :+: __________________
INFO - main:134 - __________________sub-00001 ses-16 __________________
INFO - main:135 - file exists! -- starting transformation: 
INFO - main:162 - number of spikes within experiment: 4644
INFO - main:183 - * start_df: [1856879, 1871319, 1904649, 1919089, 2318067, 3751174, 5191843, 6708340]
INFO - main:184 - * stop_df: [1858878, 1873318, 1906648, 1921088, 3386341, 4819447, 6260116, 7776613]
INFO - main:185 - * total of 8 runs
INFO - main:200 - * adjusted start_df: [2318987, 3752094, 5192763, 6709260]
INFO - main:201 - * adjusted stop_df: [3386343, 4819449, 6260117, 7776615]
INFO - main:202 - * total of 4 runs
INFO - main:229 - __________________ :+: FINISHED :+: __________________
INFO - main:134 - __________________sub-00001 ses-18 __________________
INFO - main:135 - file exists! -- starting transformation: 
INFO - main:162 - number of spikes within experiment: 5344
INFO - main:183 - * start_df: [2057963, 2072403, 2105825, 2120265, 2346383, 3869783, 5336528, 6804277, 8341308]
INFO - main:184 - * stop_df: [2059961, 2074401, 2107824, 2122264, 3414657, 4938057, 6404801, 7872550, 8986383]
INFO - main:185 - * total of 9 runs
INFO - main:200 - * adjusted start_df: [2347303, 3870703, 5337448, 6805197, 8342228]
INFO - main:201 - * adjusted stop_df: [3414659, 4938058, 6404803, 7872552, 8986384]
INFO - main:202 - * total of 5 runs
INFO - main:229 - __________________ :+: FINISHED :+: __________________
INFO - main:134 - __________________sub-00001 ses-19 __________________
INFO - main:135 - file exists! -- starting transformation: 
INFO - main:162 - number of spikes within experiment: 4254
INFO - main:183 - * start_df: [3444042, 3458482, 3949443, 3963883, 4297378, 6138784, 7672601, 9147179]
INFO - main:184 - * stop_df: [3446041, 3460481, 3951442, 3965882, 5365651, 7207056, 8740874, 9856653]
INFO - main:185 - * total of 8 runs
INFO - main:200 - * adjusted start_df: [4298298, 6139704, 7673521, 9148099]
INFO - main:201 - * adjusted stop_df: [5365652, 7207058, 8740875, 9856654]
INFO - main:202 - * total of 4 runs
INFO - main:229 - __________________ :+: FINISHED :+: __________________
INFO - main:134 - __________________sub-00001 ses-20 __________________
INFO - main:135 - file exists! -- starting transformation: 
INFO - main:162 - number of spikes within experiment: 9984
INFO - main:183 - * start_df: [739244, 753684, 787289, 801729, 1044295, 2462233, 3875485, 5230449, 7015319, 8377892, 9682898, 10977393, 12304929]
INFO - main:184 - * stop_df: [741242, 755682, 789288, 803728, 2112568, 3530506, 4943758, 6298721, 8083591, 9446164, 10751170, 12045665, 12950004]
INFO - main:185 - * total of 13 runs
INFO - main:200 - * adjusted start_df: [1045215, 2463153, 3876405, 5231369, 7016239, 8378812, 9683818, 10978313, 12305849]
INFO - main:201 - * adjusted stop_df: [2112569, 3530507, 4943759, 6298722, 8083593, 9446165, 10751172, 12045666, 12950005]
INFO - main:202 - * total of 9 runs
INFO - main:229 - __________________ :+: FINISHED :+: __________________
INFO - main:134 - __________________sub-00001 ses-21 __________________
INFO - main:135 - file exists! -- starting transformation: 
INFO - main:162 - number of spikes within experiment: 13506
INFO - main:183 - * start_df: [2107486, 2121926, 2155630, 2170070, 3238595, 5067788, 6805166, 8631873, 10571062, 12460762, 14203447, 16201109, 18238680]
INFO - main:184 - * stop_df: [2109485, 2123925, 2157629, 2172069, 4606785, 6435978, 8173356, 10000063, 11939253, 13828953, 15571638, 17628179, 19665750]
INFO - main:185 - * total of 13 runs
INFO - main:200 - * adjusted start_df: [3239515, 5068708, 6806086, 8632793, 10571982, 12461682, 14204367, 16202029, 18239600]
INFO - main:201 - * adjusted stop_df: [4606787, 6435980, 8173357, 10000064, 11939254, 13828954, 15571639, 17628180, 19665751]
INFO - main:202 - * total of 9 runs
INFO - main:229 - __________________ :+: FINISHED :+: __________________
INFO - main:134 - __________________sub-00001 ses-23 __________________
INFO - main:135 - file exists! -- starting transformation: 
INFO - main:162 - number of spikes within experiment: 5948
INFO - main:183 - * start_df: [2931319, 2945759, 2979336, 2993776, 4133715, 5865445, 7699652, 9410699]
INFO - main:184 - * stop_df: [2933318, 2947758, 2981335, 2995775, 5501907, 7233637, 9067843, 10778890]
INFO - main:185 - * total of 8 runs
INFO - main:200 - * adjusted start_df: [4134635, 5866365, 7700572, 9411619]
INFO - main:201 - * adjusted stop_df: [5501908, 7233638, 9067844, 10778892]
INFO - main:202 - * total of 4 runs
INFO - main:229 - __________________ :+: FINISHED :+: __________________
INFO - main:134 - __________________sub-00001 ses-24 __________________
INFO - main:135 - file exists! -- starting transformation: 
INFO - main:162 - number of spikes within experiment: 3142
INFO - main:183 - * start_df: [115159, 1890770, 3702410, 7505196, 7519636, 7552963, 7567403, 7653631]
INFO - main:184 - * stop_df: [1483353, 3258963, 3812048, 7507195, 7521635, 7554962, 7569402, 7698870]
INFO - main:185 - * total of 8 runs
INFO - main:200 - * adjusted start_df: [116079, 1891690, 3703330, 7654551]
INFO - main:201 - * adjusted stop_df: [1483354, 3258964, 3812049, 7698871]
INFO - main:202 - * total of 4 runs
INFO - main:217 - runs shorter than 300 sec: sub-00001 ses-24 [2, 3] - run number in python order
INFO - main:229 - __________________ :+: FINISHED :+: __________________
INFO - main:134 - __________________sub-00001 ses-25 __________________
INFO - main:135 - file exists! -- starting transformation: 
INFO - main:162 - number of spikes within experiment: 5948
INFO - main:183 - * start_df: [2718350, 2732790, 2766449, 2780888, 2924278, 4641397, 6506105, 8170168]
INFO - main:184 - * stop_df: [2720349, 2734789, 2768447, 2782887, 4292471, 6009589, 7874297, 9538360]
INFO - main:185 - * total of 8 runs
INFO - main:200 - * adjusted start_df: [2925198, 4642317, 6507025, 8171088]
INFO - main:201 - * adjusted stop_df: [4292472, 6009591, 7874298, 9538361]
INFO - main:202 - * total of 4 runs
INFO - main:229 - __________________ :+: FINISHED :+: __________________
INFO - main:134 - __________________sub-00001 ses-26 __________________
INFO - main:135 - file exists! -- starting transformation: 
INFO - main:162 - number of spikes within experiment: 5344
INFO - main:183 - * start_df: [754131, 768571, 802272, 816712, 1086109, 2415519, 3781928, 5228132, 6648124]
INFO - main:184 - * stop_df: [756130, 770570, 804271, 818711, 2154382, 3483792, 4850201, 6296405, 7293199]
INFO - main:185 - * total of 9 runs
INFO - main:200 - * adjusted start_df: [1087029, 2416439, 3782848, 5229052, 6649044]
INFO - main:201 - * adjusted stop_df: [2154383, 3483793, 4850202, 6296407, 7293200]
INFO - main:202 - * total of 5 runs
INFO - main:229 - __________________ :+: FINISHED :+: __________________
INFO - main:134 - __________________sub-00001 ses-27 __________________
INFO - main:135 - file exists! -- starting transformation: 
INFO - main:162 - number of spikes within experiment: 5313
INFO - main:183 - * start_df: [1029007, 2397543, 3886120, 6584291]
INFO - main:184 - * stop_df: [620793, 2097281, 3465817, 4954394, 7652564]
INFO - main:185 - * total of 4 runs
INFO - main:200 - * adjusted start_df: [1029927, 2398463, 3887040, 6585211]
INFO - main:201 - * adjusted stop_df: [620795, 2097283, 3465818, 4954396, 7652565]
INFO - main:202 - * total of 4 runs
ERROR - main:209 - start and stop datapoints don't match
INFO - main:134 - __________________sub-00001 ses-28 __________________
INFO - main:135 - file exists! -- starting transformation: 
INFO - main:162 - number of spikes within experiment: 5524
INFO - main:183 - * start_df: [1242994, 1257433, 1291251, 1305691, 1700840, 3264461, 4860002, 6985661, 7893175, 10950296, 10964736, 10998527, 11012967, 11123890, 12721051]
INFO - main:184 - * stop_df: [1244992, 1259432, 1293250, 1307690, 2769115, 4332735, 5928275, 7067699, 7975213, 10952295, 10966735, 11000525, 11014965, 12192164, 13366126]
INFO - main:185 - * total of 15 runs
INFO - main:200 - * adjusted start_df: [1701760, 3265381, 4860922, 6986581, 7894095, 11124810, 12721971]
INFO - main:201 - * adjusted stop_df: [2769116, 4332736, 5928277, 7067701, 7975215, 12192165, 13366127]
INFO - main:202 - * total of 7 runs
INFO - main:217 - runs shorter than 300 sec: sub-00001 ses-28 [3, 4] - run number in python order
INFO - main:229 - __________________ :+: FINISHED :+: __________________
INFO - main:134 - __________________sub-00001 ses-29 __________________
INFO - main:135 - file exists! -- starting transformation: 
INFO - main:162 - number of spikes within experiment: 4644
INFO - main:183 - * start_df: [660436, 674876, 708650, 723090, 841032, 2279959, 3916782, 5442745]
INFO - main:184 - * stop_df: [662435, 676875, 710649, 725089, 1909306, 3348233, 4985055, 6511018]
INFO - main:185 - * total of 8 runs
INFO - main:200 - * adjusted start_df: [841952, 2280879, 3917702, 5443665]
INFO - main:201 - * adjusted stop_df: [1909307, 3348234, 4985057, 6511020]
INFO - main:202 - * total of 4 runs
INFO - main:229 - __________________ :+: FINISHED :+: __________________
INFO - main:134 - __________________sub-00001 ses-30 __________________
INFO - main:135 - file exists! -- starting transformation: 
INFO - main:162 - number of spikes within experiment: 5344
INFO - main:183 - * start_df: [718804, 733244, 766914, 781354, 1021775, 2362308, 3814313, 5321379, 6909534]
INFO - main:184 - * stop_df: [720803, 735243, 768912, 783352, 2090048, 3430581, 4882585, 6389652, 7554609]
INFO - main:185 - * total of 9 runs
INFO - main:200 - * adjusted start_df: [1022695, 2363228, 3815233, 5322299, 6910454]
INFO - main:201 - * adjusted stop_df: [2090049, 3430582, 4882587, 6389653, 7554610]
INFO - main:202 - * total of 5 runs
INFO - main:229 - __________________ :+: FINISHED :+: __________________
INFO - main:134 - __________________sub-00001 ses-31 __________________
INFO - main:135 - file exists! -- starting transformation: 
INFO - main:162 - number of spikes within experiment: 4644
INFO - main:183 - * start_df: [682502, 696942, 730819, 745259, 997981, 2491458, 3973235, 5439455]
INFO - main:184 - * stop_df: [684500, 698940, 732818, 747258, 2066254, 3559731, 5041507, 6507728]
INFO - main:185 - * total of 8 runs
INFO - main:200 - * adjusted start_df: [998901, 2492378, 3974155, 5440375]
INFO - main:201 - * adjusted stop_df: [2066255, 3559732, 5041509, 6507729]
INFO - main:202 - * total of 4 runs
INFO - main:229 - __________________ :+: FINISHED :+: __________________
INFO - main:134 - __________________sub-00001 ses-32 __________________
INFO - main:135 - file exists! -- starting transformation: 
INFO - main:162 - number of spikes within experiment: 5348
INFO - main:183 - * start_df: [1091298, 1105738, 1139627, 1154067, 1401033, 3815585, 3830025, 3863866, 3878306, 3975589, 5393896, 6861845, 8562931]
INFO - main:184 - * stop_df: [1093297, 1107737, 1141626, 1156065, 2469307, 3817584, 3832024, 3865865, 3880305, 5043863, 6462169, 7930118, 9208007]
INFO - main:185 - * total of 13 runs
INFO - main:200 - * adjusted start_df: [1401953, 3976509, 5394816, 6862765, 8563851]
INFO - main:201 - * adjusted stop_df: [2469309, 5043864, 6462171, 7930119, 9208008]
INFO - main:202 - * total of 5 runs
INFO - main:229 - __________________ :+: FINISHED :+: __________________
INFO - main:134 - __________________sub-00001 ses-33 __________________
INFO - main:135 - file exists! -- starting transformation: 
INFO - main:162 - number of spikes within experiment: 4644
INFO - main:183 - * start_df: [1433950, 1448390, 1482275, 1496715, 1635530, 3164005, 4642653, 6057749]
INFO - main:184 - * stop_df: [1435949, 1450389, 1484274, 1498714, 2703803, 4232278, 5710926, 7126022]
INFO - main:185 - * total of 8 runs
INFO - main:200 - * adjusted start_df: [1636450, 3164925, 4643573, 6058669]
INFO - main:201 - * adjusted stop_df: [2703805, 4232280, 5710928, 7126023]
INFO - main:202 - * total of 4 runs
INFO - main:229 - __________________ :+: FINISHED :+: __________________
INFO - main:134 - __________________sub-00001 ses-34 __________________
INFO - main:135 - file exists! -- starting transformation: 
INFO - main:162 - number of spikes within experiment: 5344
INFO - main:183 - * start_df: [744803, 759243, 792873, 807313, 1045966, 2522079, 3920707, 5300625, 7396686]
INFO - main:184 - * stop_df: [746802, 761242, 794872, 809312, 2114240, 3590352, 4988980, 6368897, 8041762]
INFO - main:185 - * total of 9 runs
INFO - main:200 - * adjusted start_df: [1046886, 2522999, 3921627, 5301545, 7397606]
INFO - main:201 - * adjusted stop_df: [2114241, 3590354, 4988981, 6368899, 8041763]
INFO - main:202 - * total of 5 runs
INFO - main:229 - __________________ :+: FINISHED :+: __________________
INFO - main:134 - __________________sub-00001 ses-35 __________________
INFO - main:135 - file exists! -- starting transformation: 
INFO - main:162 - number of spikes within experiment: 4644
INFO - main:183 - * start_df: [867573, 882013, 915592, 930032, 1170611, 2939547, 4926596, 6377667]
INFO - main:184 - * stop_df: [869572, 884012, 917591, 932030, 2238886, 4007822, 5994870, 7445940]
INFO - main:185 - * total of 8 runs
INFO - main:200 - * adjusted start_df: [1171531, 2940467, 4927516, 6378587]
INFO - main:201 - * adjusted stop_df: [2238888, 4007823, 5994871, 7445942]
INFO - main:202 - * total of 4 runs
INFO - main:229 - __________________ :+: FINISHED :+: __________________
INFO - main:134 - __________________sub-00001 ses-38 __________________
INFO - main:135 - file exists! -- starting transformation: 
INFO - main:162 - number of spikes within experiment: 5164
INFO - main:183 - * start_df: [366843, 381283, 414991, 429431, 983141, 2503340, 3972628, 5406758]
INFO - main:184 - * stop_df: [368842, 383282, 416989, 431429, 2171015, 3691213, 5160501, 6594630]
INFO - main:185 - * total of 8 runs
INFO - main:200 - * adjusted start_df: [984061, 2504259, 3973548, 5407678]
INFO - main:201 - * adjusted stop_df: [2171016, 3691214, 5160502, 6594632]
INFO - main:202 - * total of 4 runs
INFO - main:229 - __________________ :+: FINISHED :+: __________________
INFO - main:134 - __________________sub-00001 ses-39 __________________
INFO - main:135 - file exists! -- starting transformation: 
INFO - main:162 - number of spikes within experiment: 6001
INFO - main:183 - * start_df: [728398, 2637186, 4312984, 4476197, 6284367]
INFO - main:184 - * stop_df: [2096590, 4005378, 4366503, 5844389, 7652559]
INFO - main:185 - * total of 5 runs
INFO - main:200 - * adjusted start_df: [729318, 2638106, 4313904, 4477117, 6285287]
INFO - main:201 - * adjusted stop_df: [2096592, 4005379, 4366504, 5844390, 7652560]
INFO - main:202 - * total of 5 runs
INFO - main:217 - runs shorter than 300 sec: sub-00001 ses-39 [2] - run number in python order
INFO - main:229 - __________________ :+: FINISHED :+: __________________
INFO - main:134 - __________________sub-00001 ses-41 __________________
INFO - main:135 - file exists! -- starting transformation: 
INFO - main:162 - number of spikes within experiment: 5948
INFO - main:183 - * start_df: [1985943, 2000382, 2034357, 2048798, 2110877, 4038026, 5750243, 7327459]
INFO - main:184 - * stop_df: [1987944, 2002382, 2036358, 2050798, 3479042, 5406191, 7118408, 8695624]
INFO - main:185 - * total of 8 runs
INFO - main:200 - * adjusted start_df: [1985944, 2000383, 2034358, 2110878, 4038027, 5750244, 7327460]
INFO - main:201 - * adjusted stop_df: [1987944, 2002383, 2036358, 3479043, 5406192, 7118409, 8695625]
INFO - main:202 - * total of 7 runs
INFO - main:217 - runs shorter than 300 sec: sub-00001 ses-41 [0, 1, 2] - run number in python order
INFO - main:229 - __________________ :+: FINISHED :+: __________________
INFO - main:134 - __________________sub-00001 ses-42 __________________
INFO - main:135 - file exists! -- starting transformation: 
INFO - main:162 - number of spikes within experiment: 5948
INFO - main:183 - * start_df: [2321253, 2335693, 2369374, 2383815, 3101953, 4858488, 6526900, 8192612]
INFO - main:184 - * stop_df: [2323254, 2337693, 2371374, 2385814, 4470119, 6226654, 7895066, 9560777]
INFO - main:185 - * total of 8 runs
INFO - main:200 - * adjusted start_df: [2321254, 2335694, 2369375, 3101954, 4858489, 6526901, 8192613]
INFO - main:201 - * adjusted stop_df: [2323254, 2337694, 2371375, 4470120, 6226654, 7895067, 9560778]
INFO - main:202 - * total of 7 runs
INFO - main:217 - runs shorter than 300 sec: sub-00001 ses-42 [0, 1, 2] - run number in python order
INFO - main:229 - __________________ :+: FINISHED :+: __________________
INFO - main:134 - __________________sub-00001 ses-43 __________________
INFO - main:135 - file exists! -- starting transformation: 
INFO - main:162 - number of spikes within experiment: 9518
INFO - main:183 - * start_df: [1511768, 1526208, 1560150, 1574590, 1816541, 2759676, 3699475, 5138405, 5921597, 6148163, 6222513, 10159624, 11058271]
INFO - main:184 - * stop_df: [1513769, 1528209, 1562151, 1576591, 2700828, 3643962, 4583762, 5783490, 5956718, 6150164, 9991937, 10988710, 11887357]
INFO - main:185 - * total of 13 runs
INFO - main:200 - * adjusted start_df: [1511769, 1526209, 1560151, 1574591, 1816542, 2759677, 3699476, 5138406, 5921598, 6148164, 6222514, 10159625, 11058272]
INFO - main:201 - * adjusted stop_df: [1513769, 1528209, 1562151, 1576591, 2700828, 3643963, 4583762, 5783491, 5956718, 6150164, 9991937, 10988710, 11887357]
INFO - main:202 - * total of 13 runs
INFO - main:217 - runs shorter than 300 sec: sub-00001 ses-43 [0, 1, 2, 3, 8, 9] - run number in python order
INFO - main:229 - __________________ :+: FINISHED :+: __________________
INFO - main:134 - __________________sub-00001 ses-44 __________________
INFO - main:135 - file exists! -- starting transformation: 
INFO - main:162 - number of spikes within experiment: 2102
INFO - main:183 - * start_df: [409465, 423905, 457548, 471988, 1289719, 2356365, 3007108, 3825513]
INFO - main:184 - * stop_df: [411466, 425906, 459549, 473989, 1793123, 2873569, 3465432, 4281077]
INFO - main:185 - * total of 8 runs
INFO - main:200 - * adjusted start_df: [409466, 423906, 457549, 471989, 1289720, 2356366, 3007109, 3825514]
INFO - main:201 - * adjusted stop_df: [411466, 425906, 459549, 473989, 1793123, 2873570, 3465432, 4281077]
INFO - main:202 - * total of 8 runs
INFO - main:217 - runs shorter than 300 sec: sub-00001 ses-44 [0, 1, 2, 3, 4, 5, 6, 7] - run number in python order
ERROR - main:231 - number of complete runs do not match scan notes
ERROR - main:232 - clean_runlist: [], scannote_reference.columns: Index(['run-1', 'run-2', 'run-3', 'run-4', 'run-5', 'run-6', 'run-7', 'run-8',
       'run-9', 'run-10', 'run-11', 'run-12', 'Unnamed: 14'],
      dtype='object')
