INFO - main:111 - ['sub-01001']
INFO - main:134 - __________________sub-01001 ses-01 __________________
INFO - main:135 - file exists! -- starting transformation: 
INFO - main:162 - number of spikes within experiment: 5344
INFO - main:183 - * start_df: [2971926, 2986366, 3019861, 3034301, 3311440, 4768911, 6201494, 7727059, 9294429]
INFO - main:184 - * stop_df: [2973925, 2988365, 3021859, 3036299, 4379713, 5837183, 7269766, 8795332, 9939504]
INFO - main:185 - * total of 9 runs
INFO - main:200 - * adjusted start_df: [3312360, 4769831, 6202414, 7727979, 9295349]
INFO - main:201 - * adjusted stop_df: [4379714, 5837185, 7269768, 8795333, 9939505]
INFO - main:202 - * total of 5 runs
INFO - main:229 - __________________ :+: FINISHED :+: __________________
INFO - main:134 - __________________sub-01001 ses-02 __________________
INFO - main:135 - file exists! -- starting transformation: 
INFO - main:162 - number of spikes within experiment: 4644
INFO - main:183 - * start_df: [1290724, 1305164, 1338678, 1353118, 1629727, 2994750, 4483976, 5958008]
INFO - main:184 - * stop_df: [1292722, 1307162, 1340676, 1355116, 2698000, 4063023, 5552249, 7026281]
INFO - main:185 - * total of 8 runs
INFO - main:200 - * adjusted start_df: [1630647, 2995670, 4484896, 5958928]
INFO - main:201 - * adjusted stop_df: [2698001, 4063024, 5552250, 7026282]
INFO - main:202 - * total of 4 runs
INFO - main:229 - __________________ :+: FINISHED :+: __________________
INFO - main:134 - __________________sub-01001 ses-03 __________________
INFO - main:135 - file exists! -- starting transformation: 
INFO - main:162 - number of spikes within experiment: 2884
INFO - main:183 - * start_df: [1102040, 1116480, 1149978, 1164418, 1483589, 2426534, 3404787]
INFO - main:184 - * stop_df: [1104038, 1118478, 1151977, 1166417, 2367864, 3310809, 4289062]
INFO - main:185 - * total of 7 runs
INFO - main:200 - * adjusted start_df: [1484509, 2427454, 3405707]
INFO - main:201 - * adjusted stop_df: [2367865, 3310810, 4289063]
INFO - main:202 - * total of 3 runs
INFO - main:229 - __________________ :+: FINISHED :+: __________________
INFO - main:134 - __________________sub-01001 ses-04 __________________
INFO - main:135 - file exists! -- starting transformation: 
INFO - main:162 - number of spikes within experiment: 5900
INFO - main:183 - * start_df: [2306129, 2320569, 2354197, 2368637, 2543478, 6444319, 7420040]
INFO - main:184 - * stop_df: [2308128, 2322568, 2356196, 2370636, 6312857, 7273394, 8249115]
INFO - main:185 - * total of 7 runs
INFO - main:200 - * adjusted start_df: [2544398, 6445239, 7420960]
INFO - main:201 - * adjusted stop_df: [6312859, 7273395, 8249116]
INFO - main:202 - * total of 3 runs
INFO - main:229 - __________________ :+: FINISHED :+: __________________
INFO - main:134 - __________________sub-01001 ses-05 __________________
INFO - main:135 - file exists! -- starting transformation: 
INFO - main:162 - number of spikes within experiment: 9300
INFO - main:183 - * start_df: [1474157, 1488597, 1522203, 1536643, 3158653, 5002882, 6776474, 8463755, 10189367, 11872154, 14733950, 14748389, 14782074, 14796513, 14863433]
INFO - main:184 - * stop_df: [1476156, 1490595, 1524201, 1538641, 4526844, 6371073, 8144665, 9831946, 11557558, 13240344, 14735948, 14750388, 14784072, 14798512, 15210430]
INFO - main:185 - * total of 15 runs
INFO - main:200 - * adjusted start_df: [3159573, 5003802, 6777394, 8464675, 10190287, 11873074, 14864353]
INFO - main:201 - * adjusted stop_df: [4526846, 6371074, 8144666, 9831947, 11557559, 13240346, 15210431]
INFO - main:202 - * total of 7 runs
INFO - main:217 - runs shorter than 300 sec: sub-01001 ses-05 [6] - run number in python order
INFO - main:229 - __________________ :+: FINISHED :+: __________________
