INFO - main:111 - ['sub-00009']
INFO - main:134 - __________________sub-00009 ses-01 __________________
INFO - main:135 - file exists! -- starting transformation: 
INFO - main:162 - number of spikes within experiment: 5344
INFO - main:183 - * start_df: [827699, 842139, 875808, 890248, 1649238, 4898026, 6327915, 7764999, 9151021]
INFO - main:184 - * stop_df: [829700, 844140, 877809, 892249, 2717524, 5966311, 7396201, 8833286, 9796105]
INFO - main:185 - * total of 9 runs
INFO - main:200 - * adjusted start_df: [827700, 842140, 875809, 890249, 1649239, 4898027, 6327916, 7765000, 9151022]
INFO - main:201 - * adjusted stop_df: [829700, 844140, 877809, 892249, 2717524, 5966311, 7396201, 8833286, 9796106]
INFO - main:202 - * total of 9 runs
INFO - main:217 - runs shorter than 300 sec: sub-00009 ses-01 [0, 1, 2, 3] - run number in python order
INFO - main:229 - __________________ :+: FINISHED :+: __________________
INFO - main:134 - __________________sub-00009 ses-02 __________________
INFO - main:135 - file exists! -- starting transformation: 
INFO - main:162 - number of spikes within experiment: 5344
INFO - main:183 - * start_df: [893170, 907610, 941195, 955635, 1761939, 3226060, 4656603, 6254771, 7698917]
INFO - main:184 - * stop_df: [895171, 909611, 943196, 957636, 2830219, 4294342, 5724886, 7323056, 8344000]
INFO - main:185 - * total of 9 runs
INFO - main:200 - * adjusted start_df: [893171, 907611, 941196, 955636, 1761940, 3226061, 4656604, 6254772, 7698918]
INFO - main:201 - * adjusted stop_df: [895171, 909611, 943196, 957636, 2830219, 4294342, 5724886, 7323056, 8344000]
INFO - main:202 - * total of 9 runs
INFO - main:217 - runs shorter than 300 sec: sub-00009 ses-02 [0, 1, 2, 3] - run number in python order
INFO - main:229 - __________________ :+: FINISHED :+: __________________
INFO - main:134 - __________________sub-00009 ses-03 __________________
INFO - main:135 - file exists! -- starting transformation: 
INFO - main:162 - number of spikes within experiment: 5344
INFO - main:183 - * start_df: [1791206, 1805646, 1839373, 1853813, 2879765, 4404779, 6064064, 7785306, 9362807]
INFO - main:184 - * stop_df: [1793207, 1807647, 1841374, 1855814, 3948050, 5473065, 7132350, 8853593, 10007892]
INFO - main:185 - * total of 9 runs
INFO - main:200 - * adjusted start_df: [1791207, 1805647, 1839374, 1853814, 2879766, 4404780, 6064065, 7785307, 9362808]
INFO - main:201 - * adjusted stop_df: [1793207, 1807647, 1841374, 1855814, 3948050, 5473065, 7132350, 8853594, 10007892]
INFO - main:202 - * total of 9 runs
INFO - main:217 - runs shorter than 300 sec: sub-00009 ses-03 [0, 1, 2, 3] - run number in python order
INFO - main:229 - __________________ :+: FINISHED :+: __________________
INFO - main:134 - __________________sub-00009 ses-04 __________________
INFO - main:135 - file exists! -- starting transformation: 
INFO - main:162 - number of spikes within experiment: 5344
INFO - main:183 - * start_df: [1436804, 1451244, 1484961, 1499401, 2306325, 3605676, 5199099, 6749222, 8340229]
INFO - main:184 - * stop_df: [1438805, 1453245, 1486962, 1501402, 3374608, 4673958, 6267383, 7817506, 8985312]
INFO - main:185 - * total of 9 runs
INFO - main:200 - * adjusted start_df: [1436805, 1451245, 1484962, 1499402, 2306326, 3606596, 5200019, 6750142, 8341149]
INFO - main:201 - * adjusted stop_df: [1438805, 1453245, 1486962, 1501402, 3374608, 4673959, 6267384, 7817507, 8985313]
INFO - main:202 - * total of 9 runs
INFO - main:217 - runs shorter than 300 sec: sub-00009 ses-04 [0, 1, 2, 3] - run number in python order
INFO - main:229 - __________________ :+: FINISHED :+: __________________
INFO - main:134 - __________________sub-00009 ses-05 __________________
INFO - main:135 - file exists! -- starting transformation: 
INFO - main:162 - number of spikes within experiment: 5804
INFO - main:183 - * start_df: [1124045, 1138485, 1172090, 1186531, 1668688, 3062353, 4734074, 7217337, 8599876]
INFO - main:184 - * stop_df: [1126045, 1140486, 1174091, 1188531, 2736973, 4130639, 5802361, 8285624, 9668163]
INFO - main:185 - * total of 9 runs
INFO - main:200 - * adjusted start_df: [1124046, 1138486, 1172091, 1186532, 1668689, 3062354, 4734075, 7217338, 8599877]
INFO - main:201 - * adjusted stop_df: [1126046, 1140486, 1174091, 1188532, 2736974, 4130639, 5802361, 8285624, 9668163]
INFO - main:202 - * total of 9 runs
INFO - main:217 - runs shorter than 300 sec: sub-00009 ses-05 [0, 1, 2, 3] - run number in python order
INFO - main:229 - __________________ :+: FINISHED :+: __________________
INFO - main:134 - __________________sub-00009 ses-06 __________________
INFO - main:135 - file exists! -- starting transformation: 
INFO - main:162 - number of spikes within experiment: 1336
INFO - main:183 - * start_df: [1679823, 1694263, 1728128, 1742568, 2652184, 4058216, 6206763]
INFO - main:184 - * stop_df: [1681824, 1696264, 1730129, 1744569, 3720468, 4130137, 6295245]
INFO - main:185 - * total of 7 runs
INFO - main:200 - * adjusted start_df: [1679824, 1694264, 1728129, 1742569, 2652185, 4058217, 6206764]
INFO - main:201 - * adjusted stop_df: [1681824, 1696264, 1730129, 1744569, 3720468, 4130137, 6295245]
INFO - main:202 - * total of 7 runs
INFO - main:217 - runs shorter than 300 sec: sub-00009 ses-06 [0, 1, 2, 3, 5, 6] - run number in python order
INFO - main:229 - __________________ :+: FINISHED :+: __________________
INFO - main:134 - __________________sub-00009 ses-07 __________________
INFO - main:135 - file exists! -- starting transformation: 
INFO - main:162 - number of spikes within experiment: 5804
INFO - main:183 - * start_df: [1223228, 1237668, 1271390, 1285830, 1890358, 3209404, 5727425, 7344908, 9348111]
INFO - main:184 - * stop_df: [1225229, 1239669, 1273391, 1287831, 2958639, 4277687, 6795709, 8413192, 10416395]
INFO - main:185 - * total of 9 runs
INFO - main:200 - * adjusted start_df: [1223229, 1237669, 1271391, 1285831, 1890359, 3209405, 5727426, 7344909, 9348112]
INFO - main:201 - * adjusted stop_df: [1225229, 1239669, 1273391, 1287831, 2958639, 4277687, 6795709, 8413193, 10416395]
INFO - main:202 - * total of 9 runs
INFO - main:217 - runs shorter than 300 sec: sub-00009 ses-07 [0, 1, 2, 3] - run number in python order
INFO - main:229 - __________________ :+: FINISHED :+: __________________
INFO - main:134 - __________________sub-00009 ses-08 __________________
INFO - main:135 - file exists! -- starting transformation: 
INFO - main:162 - number of spikes within experiment: 6090
INFO - main:183 - * start_df: [930626, 945066, 978739, 993179, 1468233, 2355803, 3773819, 5207254, 6536526, 7946840]
INFO - main:184 - * stop_df: [932627, 947067, 980740, 995180, 2155638, 3424090, 4842106, 6275541, 7604813, 8591925]
INFO - main:185 - * total of 10 runs
INFO - main:200 - * adjusted start_df: [930627, 945067, 978740, 993180, 1468234, 2355804, 3773820, 5207255, 6536527, 7946841]
INFO - main:201 - * adjusted stop_df: [932627, 947067, 980740, 995180, 2155638, 3424090, 4842106, 6275541, 7604813, 8591925]
INFO - main:202 - * total of 10 runs
INFO - main:217 - runs shorter than 300 sec: sub-00009 ses-08 [0, 1, 2, 3] - run number in python order
INFO - main:229 - __________________ :+: FINISHED :+: __________________
INFO - main:134 - __________________sub-00009 ses-09 __________________
INFO - main:135 - file exists! -- starting transformation: 
INFO - main:162 - number of spikes within experiment: 5494
INFO - main:183 - * start_df: [1069930, 1084370, 1118214, 1132654, 1538892, 2406119, 2822168, 4203758, 5620210, 7978108, 7992548, 8026425, 8040865, 8140170, 9469852]
INFO - main:184 - * stop_df: [1071931, 1086371, 1120215, 1134655, 1606213, 2475280, 3890453, 5272045, 6688496, 7980109, 7994549, 8028426, 8042866, 9208456, 10114936]
INFO - main:185 - * total of 15 runs
INFO - main:200 - * adjusted start_df: [1069931, 1084371, 1118215, 1132655, 1538893, 2406120, 2822169, 4203759, 5620211, 7978109, 7992549, 8026426, 8040866, 8140171, 9469853]
INFO - main:201 - * adjusted stop_df: [1071931, 1086371, 1120215, 1134655, 1606213, 2475280, 3890453, 5272045, 6688496, 7980109, 7994549, 8028426, 8042866, 9208456, 10114936]
INFO - main:202 - * total of 15 runs
INFO - main:217 - runs shorter than 300 sec: sub-00009 ses-09 [0, 1, 2, 3, 4, 5, 9, 10, 11, 12] - run number in python order
ERROR - main:231 - number of complete runs do not match scan notes
ERROR - main:232 - clean_runlist: [6, 7, 8, 13, 14], scannote_reference.columns: Index(['run-1', 'run-2', 'run-3'], dtype='object')
INFO - main:134 - __________________sub-00009 ses-09 __________________
INFO - main:135 - file exists! -- starting transformation: 
INFO - main:162 - number of spikes within experiment: 2884
INFO - main:183 - * start_df: [1483391, 1497831, 1531795, 1546235, 1730826, 2697394, 3629874]
INFO - main:184 - * stop_df: [1485392, 1499832, 1533796, 1548236, 2615112, 3581679, 4514158]
INFO - main:185 - * total of 7 runs
INFO - main:200 - * adjusted start_df: [1483392, 1497832, 1531796, 1546236, 1730827, 2697395, 3629875]
INFO - main:201 - * adjusted stop_df: [1485392, 1499832, 1533796, 1548236, 2615112, 3581679, 4514159]
INFO - main:202 - * total of 7 runs
INFO - main:217 - runs shorter than 300 sec: sub-00009 ses-09 [0, 1, 2, 3] - run number in python order
INFO - main:229 - __________________ :+: FINISHED :+: __________________
INFO - main:134 - __________________sub-00009 ses-10 __________________
INFO - main:135 - file exists! -- starting transformation: 
INFO - main:162 - number of spikes within experiment: 5344
INFO - main:183 - * start_df: [1569104, 1583544, 1617181, 1631621, 2347104, 3719804, 5143899, 6527475, 8002796]
INFO - main:184 - * stop_df: [1571105, 1585545, 1619182, 1633622, 3415387, 4788088, 6212185, 7595760, 8647880]
INFO - main:185 - * total of 9 runs
INFO - main:200 - * adjusted start_df: [1569105, 1583545, 1617182, 1631622, 2347105, 3719805, 5143900, 6527476, 8002797]
INFO - main:201 - * adjusted stop_df: [1571105, 1585545, 1619182, 1633622, 3415387, 4788088, 6212185, 7595760, 8647880]
INFO - main:202 - * total of 9 runs
INFO - main:217 - runs shorter than 300 sec: sub-00009 ses-10 [0, 1, 2, 3] - run number in python order
INFO - main:229 - __________________ :+: FINISHED :+: __________________
INFO - main:134 - __________________sub-00009 ses-11 __________________
INFO - main:135 - file exists! -- starting transformation: 
INFO - main:162 - number of spikes within experiment: 15880
INFO - main:183 - * start_df: [700024, 714464, 748214, 762654, 1220373, 2596338, 4192260, 5576580, 6942870, 7905565, 11919256, 12874710, 15199378, 16473789, 17845852, 19134766]
INFO - main:184 - * stop_df: [702025, 716465, 750215, 764655, 2288653, 3664620, 5260542, 6644863, 7587952, 11674975, 12748339, 13703794, 16267663, 17542073, 18914136, 20203051]
INFO - main:185 - * total of 16 runs
INFO - main:200 - * adjusted start_df: [700025, 714465, 748215, 762655, 1220374, 2596339, 4192261, 5576581, 6942871, 7905566, 11919257, 12874711, 15199379, 16473790, 17845853, 19134767]
INFO - main:201 - * adjusted stop_df: [702025, 716465, 750215, 764655, 2288653, 3664620, 5260542, 6644863, 7587952, 11674975, 12748339, 13703794, 16267663, 17542073, 18914136, 20203051]
INFO - main:202 - * total of 16 runs
INFO - main:217 - runs shorter than 300 sec: sub-00009 ses-11 [0, 1, 2, 3] - run number in python order
INFO - main:229 - __________________ :+: FINISHED :+: __________________
INFO - main:134 - __________________sub-00009 ses-12 __________________
INFO - main:135 - file exists! -- starting transformation: 
INFO - main:162 - number of spikes within experiment: 5948
INFO - main:183 - * start_df: [783379, 797819, 831474, 845914, 3332002, 4955742, 6624810, 8206519]
INFO - main:184 - * stop_df: [785380, 799820, 833475, 847915, 4700205, 6323945, 7993014, 9574724]
INFO - main:185 - * total of 8 runs
INFO - main:200 - * adjusted start_df: [783380, 797820, 831475, 845915, 3332003, 4955743, 6624811, 8206520]
INFO - main:201 - * adjusted stop_df: [785380, 799820, 833475, 847915, 4700205, 6323945, 7993014, 9574724]
INFO - main:202 - * total of 8 runs
INFO - main:217 - runs shorter than 300 sec: sub-00009 ses-12 [0, 1, 2, 3] - run number in python order
INFO - main:229 - __________________ :+: FINISHED :+: __________________
INFO - main:134 - __________________sub-00009 ses-13 __________________
INFO - main:135 - file exists! -- starting transformation: 
INFO - main:162 - number of spikes within experiment: 5948
INFO - main:183 - * start_df: [301660, 316100, 349962, 364402, 1062432, 2756779, 4533505, 6146521]
INFO - main:184 - * stop_df: [303661, 318101, 351963, 366403, 2430632, 4124980, 5901708, 7514726]
INFO - main:185 - * total of 8 runs
INFO - main:200 - * adjusted start_df: [301661, 316101, 349963, 364403, 1062433, 2756780, 4533506, 6146522]
INFO - main:201 - * adjusted stop_df: [303661, 318101, 351963, 366403, 2430632, 4124980, 5901708, 7514726]
INFO - main:202 - * total of 8 runs
INFO - main:217 - runs shorter than 300 sec: sub-00009 ses-13 [0, 1, 2, 3] - run number in python order
INFO - main:229 - __________________ :+: FINISHED :+: __________________
INFO - main:134 - __________________sub-00009 ses-14 __________________
INFO - main:135 - file exists! -- starting transformation: 
INFO - main:162 - number of spikes within experiment: 4742
INFO - main:183 - * start_df: [1322846, 1337286, 1371079, 1385519, 3904766, 5555292, 7267623, 8984466]
INFO - main:184 - * stop_df: [1324847, 1339287, 1373080, 1387520, 5092649, 6743177, 8067267, 10172352]
INFO - main:185 - * total of 8 runs
INFO - main:200 - * adjusted start_df: [1322847, 1337287, 1371080, 1385520, 3904767, 5555293, 7267624, 8984467]
INFO - main:201 - * adjusted stop_df: [1324847, 1339287, 1373080, 1387520, 5092649, 6743177, 8067267, 10172352]
INFO - main:202 - * total of 8 runs
INFO - main:217 - runs shorter than 300 sec: sub-00009 ses-14 [0, 1, 2, 3] - run number in python order
INFO - main:229 - __________________ :+: FINISHED :+: __________________
INFO - main:134 - __________________sub-00009 ses-15 __________________
INFO - main:135 - file exists! -- starting transformation: 
INFO - main:162 - number of spikes within experiment: 1298
INFO - main:183 - * start_df: [1955479, 1969919, 2003671, 2018111, 3945618, 7490874, 7505315, 7598951, 7613391]
INFO - main:184 - * stop_df: [1957478, 1971918, 2005670, 2020110, 5133501, 7492873, 7507314, 7600950, 7615390]
INFO - main:185 - * total of 9 runs
INFO - main:200 - * adjusted start_df: [3946538]
INFO - main:201 - * adjusted stop_df: [5133502]
INFO - main:202 - * total of 1 runs
INFO - main:229 - __________________ :+: FINISHED :+: __________________
INFO - main:134 - __________________sub-00009 ses-16 __________________
INFO - main:135 - file exists! -- starting transformation: 
INFO - main:162 - number of spikes within experiment: 6044
INFO - main:183 - * start_df: [1045469, 1059909, 1093660, 1108100, 2994868, 4018714, 5374197, 7009911, 8376174, 9776385]
INFO - main:184 - * stop_df: [1047468, 1061908, 1095659, 1110099, 3685030, 5206597, 5495797, 8197795, 9564058, 10964269]
INFO - main:185 - * total of 10 runs
INFO - main:200 - * adjusted start_df: [2995788, 4019634, 5375117, 7010831, 8377094, 9777305]
INFO - main:201 - * adjusted stop_df: [3685030, 5206598, 5495798, 8197796, 9564059, 10964270]
INFO - main:202 - * total of 6 runs
INFO - main:217 - runs shorter than 300 sec: sub-00009 ses-16 [2] - run number in python order
INFO - main:229 - __________________ :+: FINISHED :+: __________________
INFO - main:134 - __________________sub-00009 ses-17 __________________
INFO - main:135 - file exists! -- starting transformation: 
INFO - main:162 - number of spikes within experiment: 5160
INFO - main:183 - * start_df: [179137, 1596899, 2978437, 4413460]
INFO - main:184 - * stop_df: [1367019, 2784780, 4166320, 5601344]
INFO - main:185 - * total of 4 runs
INFO - main:200 - * adjusted start_df: [180057, 1597819, 2979357, 4414380]
INFO - main:201 - * adjusted stop_df: [1367020, 2784781, 4166321, 5601345]
INFO - main:202 - * total of 4 runs
INFO - main:229 - __________________ :+: FINISHED :+: __________________
