INFO - main:111 - ['sub-00002']
INFO - main:134 - __________________sub-00002 ses-01 __________________
INFO - main:135 - file exists! -- starting transformation: 
INFO - main:162 - number of spikes within experiment: 5348
INFO - main:183 - * start_df: [2144999, 2159439, 2193199, 2207639, 2506108, 4495716, 6077665, 7592717, 9153521]
INFO - main:184 - * stop_df: [2146998, 2161438, 2195198, 2209638, 3577142, 5560310, 7153299, 8671110, 9785716]
INFO - main:185 - * total of 9 runs
INFO - main:200 - * adjusted start_df: [2507028, 4496636, 6078585, 7593637, 9154441]
INFO - main:201 - * adjusted stop_df: [3577144, 5560311, 7153300, 8671111, 9785718]
INFO - main:202 - * total of 5 runs
INFO - main:229 - __________________ :+: FINISHED :+: __________________
INFO - main:134 - __________________sub-00002 ses-02 __________________
INFO - main:135 - file exists! -- starting transformation: 
INFO - main:162 - number of spikes within experiment: 4788
INFO - main:183 - * start_df: [2266961, 2281401, 2315036, 2329476, 2580372, 4218158, 5702942, 7165934]
INFO - main:184 - * stop_df: [2268960, 2283400, 2317035, 2331474, 3747086, 5286433, 6781337, 8258128]
INFO - main:185 - * total of 8 runs
INFO - main:200 - * adjusted start_df: [2581292, 4219078, 5703862, 7166854]
INFO - main:201 - * adjusted stop_df: [3747087, 5286434, 6781338, 8258129]
INFO - main:202 - * total of 4 runs
INFO - main:229 - __________________ :+: FINISHED :+: __________________
INFO - main:134 - __________________sub-00002 ses-03 __________________
INFO - main:135 - file exists! -- starting transformation: 
INFO - main:162 - number of spikes within experiment: 7154
INFO - main:183 - * start_df: [1344455, 1358895, 1402004, 1416444, 1691041, 7077266, 8437740, 9855932, 11222276, 12878496]
INFO - main:184 - * stop_df: [1346454, 1360894, 1404003, 1418443, 2878915, 8265139, 9625613, 11043805, 12410149, 13523571]
INFO - main:185 - * total of 10 runs
INFO - main:200 - * adjusted start_df: [1691961, 7078186, 8438660, 9856852, 11223196, 12879416]
INFO - main:201 - * adjusted stop_df: [2878916, 8265141, 9625614, 11043806, 12410150, 13523573]
INFO - main:202 - * total of 6 runs
INFO - main:229 - __________________ :+: FINISHED :+: __________________
INFO - main:134 - __________________sub-00002 ses-04 __________________
INFO - main:135 - file exists! -- starting transformation: 
INFO - main:162 - number of spikes within experiment: 381
INFO - main:183 - * start_df: [525914, 529594, 533275, 536955, 540635, 544315, 547995, 551675, 555355, 559035, 562715, 566395, 570075, 573755, 577435, 581115, 584795, 588475, 592155, 595835, 599515, 603195, 606875, 610555, 614235, 617915, 621595, 625275, 628955, 632635, 636315, 639995, 643675, 647355, 651035, 654715, 658395, 662075, 665755, 669436, 673116, 676796, 680476, 684156, 687836, 691516, 695196, 698876, 702556, 706236, 709916, 713596, 717276, 720956, 724636, 728316, 731996, 735676, 739356, 743036, 746716, 750396, 754076, 757756, 761436, 765116, 768796, 772476, 776156, 779836, 783516, 787196, 790876, 794556, 798236, 801916, 805596, 809277, 812957, 816637, 820317, 823997, 827677, 831357, 835037, 838717, 842397, 846077, 849757, 853437, 857117, 860797, 864477, 868157, 871837, 1230688, 1234368, 1238048, 1241728, 1245408, 1249088, 1252768, 1256448, 1260128, 1263808, 1267488, 1271168, 1274848, 1278528, 1282208, 1285888, 1289568, 1293248, 1296928, 1300608, 1304288, 1307968, 1311648, 1315328, 1319008, 1322688, 1326368, 1330048, 1333728, 1337408, 1341088, 1344768, 1348448, 1352129, 1355809, 1359489, 1363169, 1366849, 1370529, 1374209, 1377889, 1381569, 1385249, 1388929, 1392609, 1396289, 1399969, 1403649, 1407329, 1411009, 1414689, 1418369, 1422049, 1425729, 1429409, 1433089, 1436769, 1440449, 1444129, 1447809, 1451489, 1455169, 1458849, 1462529, 1466209, 1469889, 1473569, 1477249, 1480929, 1484609, 1488289, 1491970, 1495650, 1499330, 1503010, 1506690, 1510370, 1514050, 1517730, 1521410, 1525090, 1528770, 1532450, 1536130, 1539810, 1543490, 1547170, 1550850, 1554530, 1558210, 1561890, 1565570, 1569250, 1572930, 1576610, 1580290, 1583970, 1587650, 1591330, 1595010, 1598690, 1602370, 1606050, 1609730, 1613410, 1617090, 1620770, 1624451, 1628131, 2084230, 2087910, 2091590, 2095270, 2098950, 2102630, 2106310, 2109990, 2113670, 2117350, 2121030, 2124710, 2128390, 2132070, 2135750, 2139430, 2143110, 2146790, 2150470, 2154150, 2157830, 2161510, 2165190, 2168871, 2172551, 2176231, 2179911, 2183591, 2187271, 2190951, 2194631, 2198311, 2201991, 2205671, 2209351, 2213031, 2216711, 2220391, 2224071, 2227751, 2231431, 2235111, 2238791, 2242471, 2246151, 2249831, 2253511, 2257191, 2260871, 2264551, 2268231, 2271911, 2275591, 2279271, 2282951, 2286631, 2290311, 2293991, 2297671, 2301352, 2305032, 2308712, 2312392, 2316072, 2319752, 2323432, 2327112, 2330792, 2334472, 2338152, 2341832, 2345512, 2349192, 2352872, 2356552, 2360232, 2363912, 3023021, 3026701, 3030381, 3034061, 3037741, 3041421, 3045101, 3048781, 3052461, 3056141, 3059821, 3063501, 3067181, 3070861, 3074541, 3078221, 3081901, 3085581, 3089261, 3092941, 3096621, 3100301, 3103981, 3107661, 3111341, 3115021, 3118701, 3122382, 3126062, 3129742, 3133422, 3137102, 3140782, 3144462, 3148142, 3151822, 3155502, 3159182, 3162862, 3166542, 3170222, 3173902, 3177582, 3181262, 3184942, 3188622, 3192302, 3195982, 3199662, 3203342, 3207022, 3210702, 3214382, 3218062, 3221742, 3225422, 3229102, 3232782, 3236462, 3240142, 3243822, 3247502, 3251182, 3254862, 3258542, 3262223, 3265903, 3269583, 3273263, 3276943, 3280623, 3284303, 3287983, 3291663, 3295343, 3299023, 3302703, 3306383, 3310063, 3313743, 3317423, 3321103, 3324783, 3328463, 3332143, 3335823, 3339503, 3343183, 3346863, 3350543, 3354223, 3357903, 3361583, 3365263, 3368943, 3372623, 3376303, 3379983, 3383663, 3387343]
INFO - main:184 - * stop_df: [526933, 530613, 534293, 537973, 541653, 545333, 549013, 552693, 556373, 560053, 563734, 567414, 571094, 574774, 578454, 582134, 585814, 589494, 593174, 596854, 600534, 604214, 607894, 611574, 615254, 618934, 622614, 626294, 629974, 633654, 637334, 641014, 644694, 648374, 652054, 655734, 659414, 663094, 666774, 670454, 674134, 677814, 681494, 685174, 688854, 692534, 696214, 699895, 703575, 707255, 710935, 714615, 718295, 721975, 725655, 729335, 733015, 736695, 740375, 744055, 747735, 751415, 755095, 758775, 762455, 766135, 769815, 773495, 777175, 780855, 784535, 788215, 791895, 795575, 799255, 802935, 806615, 810295, 813975, 817655, 821335, 825015, 828696, 832376, 836056, 839736, 843416, 847096, 850776, 854456, 858136, 861816, 865496, 869176, 872856, 1231706, 1235386, 1239066, 1242747, 1246427, 1250107, 1253787, 1257467, 1261147, 1264827, 1268507, 1272187, 1275867, 1279547, 1283227, 1286907, 1290587, 1294267, 1297947, 1301627, 1305307, 1308987, 1312667, 1316347, 1320027, 1323707, 1327387, 1331067, 1334747, 1338427, 1342107, 1345787, 1349467, 1353147, 1356827, 1360507, 1364187, 1367867, 1371547, 1375227, 1378907, 1382588, 1386268, 1389948, 1393628, 1397308, 1400988, 1404668, 1408348, 1412028, 1415708, 1419388, 1423068, 1426748, 1430428, 1434108, 1437788, 1441468, 1445148, 1448828, 1452508, 1456188, 1459868, 1463548, 1467228, 1470908, 1474588, 1478268, 1481948, 1485628, 1489308, 1492988, 1496668, 1500348, 1504028, 1507708, 1511388, 1515069, 1518749, 1522429, 1526109, 1529789, 1533469, 1537149, 1540829, 1544509, 1548189, 1551869, 1555549, 1559229, 1562909, 1566589, 1570269, 1573949, 1577629, 1581309, 1584989, 1588669, 1592349, 1596029, 1599709, 1603389, 1607069, 1610749, 1614429, 1618109, 1621789, 1625469, 1629149, 2085249, 2088929, 2092609, 2096289, 2099969, 2103649, 2107329, 2111009, 2114689, 2118369, 2122049, 2125729, 2129409, 2133089, 2136769, 2140449, 2144129, 2147809, 2151489, 2155169, 2158849, 2162529, 2166209, 2169889, 2173569, 2177249, 2180929, 2184609, 2188289, 2191969, 2195650, 2199330, 2203010, 2206690, 2210370, 2214050, 2217730, 2221410, 2225090, 2228770, 2232450, 2236130, 2239810, 2243490, 2247170, 2250850, 2254530, 2258210, 2261890, 2265570, 2269250, 2272930, 2276610, 2280290, 2283970, 2287650, 2291330, 2295010, 2298690, 2302370, 2306050, 2309730, 2313410, 2317090, 2320770, 2324450, 2328130, 2331810, 2335491, 2339171, 2342851, 2346531, 2350211, 2353891, 2357571, 2361251, 2364931, 3024040, 3027720, 3031400, 3035080, 3038760, 3042440, 3046120, 3049800, 3053480, 3057160, 3060840, 3064520, 3068200, 3071880, 3075560, 3079240, 3082920, 3086600, 3090280, 3093960, 3097640, 3101320, 3105000, 3108680, 3112360, 3116040, 3119720, 3123400, 3127080, 3130760, 3134440, 3138120, 3141800, 3145480, 3149160, 3152840, 3156521, 3160201, 3163881, 3167561, 3171241, 3174921, 3178601, 3182281, 3185961, 3189641, 3193321, 3197001, 3200681, 3204361, 3208041, 3211721, 3215401, 3219081, 3222761, 3226441, 3230121, 3233801, 3237481, 3241161, 3244841, 3248521, 3252201, 3255881, 3259561, 3263241, 3266921, 3270601, 3274281, 3277961, 3281641, 3285321, 3289001, 3292682, 3296362, 3300042, 3303722, 3307402, 3311082, 3314762, 3318442, 3322122, 3325802, 3329482, 3333162, 3336842, 3340522, 3344202, 3347882, 3351562, 3355242, 3358922, 3362602, 3366282, 3369962, 3373642, 3377322, 3381002, 3384682, 3388362]
INFO - main:185 - * total of 381 runs
INFO - main:200 - * adjusted start_df: [525915, 529595, 559036, 562716, 566396, 570076, 573756, 577436, 581116, 584796, 588476, 592156, 595836, 599516, 603196, 606876, 610556, 614236, 617916, 621596, 625276, 628956, 632636, 636316, 639996, 643676, 647356, 651036, 654716, 658396, 662076, 665756, 691517, 695197, 698877, 702557, 706237, 709917, 713597, 717277, 720957, 724637, 728317, 731997, 735677, 739357, 743037, 746717, 750397, 754077, 757757, 761437, 765117, 768797, 772477, 776157, 779837, 783517, 787197, 790877, 794557, 798237, 801917, 805597, 838718, 842398, 846078, 849758, 853438, 857118, 860798, 864478, 868158, 871838, 1245409, 1249089, 1252769, 1256449, 1260129, 1263809, 1267489, 1271169, 1274849, 1278529, 1282209, 1285889, 1289569, 1293249, 1296929, 1300609, 1304289, 1307969, 1311649, 1315329, 1319009, 1322689, 1326369, 1330049, 1333729, 1337409, 1341089, 1344769, 1348449, 1381570, 1385250, 1388930, 1392610, 1396290, 1399970, 1403650, 1407330, 1411010, 1414690, 1418370, 1422050, 1425730, 1429410, 1433090, 1436770, 1440450, 1444130, 1447810, 1451490, 1455170, 1458850, 1462530, 1466210, 1469890, 1473570, 1477250, 1480930, 1484610, 1488290, 1517731, 1521411, 1525091, 1528771, 1532451, 1536131, 1539811, 1543491, 1547171, 1550851, 1554531, 1558211, 1561891, 1565571, 1569251, 1572931, 1576611, 1580291, 1583971, 1587651, 1591331, 1595011, 1598691, 1602371, 1606051, 1609731, 1613411, 1617091, 1620771, 2084231, 2087911, 2091591, 2095271, 2098951, 2102631, 2106311, 2109991, 2113671, 2117351, 2121031, 2124711, 2128391, 2132071, 2135751, 2139431, 2143111, 2146791, 2150471, 2154151, 2157831, 2161511, 2165191, 2201992, 2205672, 2209352, 2213032, 2216712, 2220392, 2224072, 2227752, 2231432, 2235112, 2238792, 2242472, 2246152, 2249832, 2253512, 2257192, 2260872, 2264552, 2268232, 2271912, 2275592, 2279272, 2282952, 2286632, 2290312, 2293992, 2297672, 2341833, 2345513, 2349193, 2352873, 2356553, 2360233, 2363913, 3023022, 3026702, 3030382, 3034062, 3037742, 3041422, 3045102, 3048782, 3052462, 3056142, 3059822, 3063502, 3067182, 3070862, 3074542, 3078222, 3081902, 3085582, 3089262, 3092942, 3096622, 3100302, 3103982, 3107662, 3111342, 3115022, 3118702, 3155503, 3159183, 3162863, 3166543, 3170223, 3173903, 3177583, 3181263, 3184943, 3188623, 3192303, 3195983, 3199663, 3203343, 3207023, 3210703, 3214383, 3218063, 3221743, 3225423, 3229103, 3232783, 3236463, 3240143, 3243823, 3247503, 3251183, 3254863, 3258543, 3291664, 3295344, 3299024, 3302704, 3306384, 3310064, 3313744, 3317424, 3321104, 3324784, 3328464, 3332144, 3335824, 3339504, 3343184, 3346864, 3350544, 3354224, 3357904, 3361584, 3365264, 3368944, 3372624, 3376304, 3379984, 3383664, 3387344]
INFO - main:201 - * adjusted stop_df: [526915, 530595, 560036, 563716, 567396, 571076, 574756, 578436, 582116, 585796, 589476, 593156, 596836, 600516, 604196, 607876, 611556, 615236, 618916, 622596, 626276, 629956, 633636, 637316, 640996, 644676, 648356, 652036, 655716, 659396, 663076, 666756, 692517, 696197, 699877, 703557, 707237, 710917, 714597, 718277, 721957, 725637, 729317, 732997, 736677, 740357, 744037, 747717, 751397, 755077, 758757, 762437, 766117, 769797, 773477, 777157, 780837, 784517, 788197, 791877, 795557, 799237, 802917, 806597, 839718, 843398, 847078, 850758, 854438, 858118, 861798, 865478, 869158, 872838, 1246409, 1250089, 1253769, 1257449, 1261129, 1264809, 1268489, 1272169, 1275849, 1279529, 1283209, 1286889, 1290569, 1294249, 1297929, 1301609, 1305289, 1308969, 1312649, 1316329, 1320009, 1323689, 1327369, 1331049, 1334729, 1338409, 1342089, 1345769, 1349449, 1382570, 1386250, 1389930, 1393610, 1397290, 1400970, 1404650, 1408330, 1412010, 1415690, 1419370, 1423050, 1426730, 1430410, 1434090, 1437770, 1441450, 1445130, 1448810, 1452490, 1456170, 1459850, 1463530, 1467210, 1470890, 1474570, 1478250, 1481930, 1485610, 1489290, 1518731, 1522411, 1526091, 1529771, 1533451, 1537131, 1540811, 1544491, 1548171, 1551851, 1555531, 1559211, 1562891, 1566571, 1570251, 1573931, 1577611, 1581291, 1584971, 1588651, 1592331, 1596011, 1599691, 1603371, 1607051, 1610731, 1614411, 1618091, 1621771, 2085231, 2088911, 2092591, 2096271, 2099951, 2103631, 2107311, 2110991, 2114671, 2118351, 2122031, 2125711, 2129391, 2133071, 2136751, 2140431, 2144111, 2147791, 2151471, 2155151, 2158831, 2162511, 2166191, 2202992, 2206672, 2210352, 2214032, 2217712, 2221392, 2225072, 2228752, 2232432, 2236112, 2239792, 2243472, 2247152, 2250832, 2254512, 2258192, 2261872, 2265552, 2269232, 2272912, 2276592, 2280272, 2283952, 2287632, 2291312, 2294992, 2298672, 2342833, 2346513, 2350193, 2353873, 2357553, 2361233, 2364913, 3024022, 3027702, 3031382, 3035062, 3038742, 3042422, 3046102, 3049782, 3053462, 3057142, 3060822, 3064502, 3068182, 3071862, 3075542, 3079222, 3082902, 3086582, 3090262, 3093942, 3097622, 3101302, 3104982, 3108662, 3112342, 3116022, 3119702, 3156503, 3160183, 3163863, 3167543, 3171223, 3174903, 3178583, 3182263, 3185943, 3189623, 3193303, 3196983, 3200663, 3204343, 3208023, 3211703, 3215383, 3219063, 3222743, 3226423, 3230103, 3233783, 3237463, 3241143, 3244823, 3248503, 3252183, 3255863, 3259543, 3292664, 3296344, 3300024, 3303704, 3307384, 3311064, 3314744, 3318424, 3322104, 3325784, 3329464, 3333144, 3336824, 3340504, 3344184, 3347864, 3351544, 3355224, 3358904, 3362584, 3366264, 3369944, 3373624, 3377304, 3380984, 3384664, 3388344]
INFO - main:202 - * total of 302 runs
INFO - main:217 - runs shorter than 300 sec: sub-00002 ses-04 [0, 1, 2, 3, 4, 5, 6, 7, 8, 9, 10, 11, 12, 13, 14, 15, 16, 17, 18, 19, 20, 21, 22, 23, 24, 25, 26, 27, 28, 29, 30, 31, 32, 33, 34, 35, 36, 37, 38, 39, 40, 41, 42, 43, 44, 45, 46, 47, 48, 49, 50, 51, 52, 53, 54, 55, 56, 57, 58, 59, 60, 61, 62, 63, 64, 65, 66, 67, 68, 69, 70, 71, 72, 73, 74, 75, 76, 77, 78, 79, 80, 81, 82, 83, 84, 85, 86, 87, 88, 89, 90, 91, 92, 93, 94, 95, 96, 97, 98, 99, 100, 101, 102, 103, 104, 105, 106, 107, 108, 109, 110, 111, 112, 113, 114, 115, 116, 117, 118, 119, 120, 121, 122, 123, 124, 125, 126, 127, 128, 129, 130, 131, 132, 133, 134, 135, 136, 137, 138, 139, 140, 141, 142, 143, 144, 145, 146, 147, 148, 149, 150, 151, 152, 153, 154, 155, 156, 157, 158, 159, 160, 161, 162, 163, 164, 165, 166, 167, 168, 169, 170, 171, 172, 173, 174, 175, 176, 177, 178, 179, 180, 181, 182, 183, 184, 185, 186, 187, 188, 189, 190, 191, 192, 193, 194, 195, 196, 197, 198, 199, 200, 201, 202, 203, 204, 205, 206, 207, 208, 209, 210, 211, 212, 213, 214, 215, 216, 217, 218, 219, 220, 221, 222, 223, 224, 225, 226, 227, 228, 229, 230, 231, 232, 233, 234, 235, 236, 237, 238, 239, 240, 241, 242, 243, 244, 245, 246, 247, 248, 249, 250, 251, 252, 253, 254, 255, 256, 257, 258, 259, 260, 261, 262, 263, 264, 265, 266, 267, 268, 269, 270, 271, 272, 273, 274, 275, 276, 277, 278, 279, 280, 281, 282, 283, 284, 285, 286, 287, 288, 289, 290, 291, 292, 293, 294, 295, 296, 297, 298, 299, 300, 301] - run number in python order
ERROR - main:231 - number of complete runs do not match scan notes
ERROR - main:232 - clean_runlist: [], scannote_reference.columns: Index(['run-1', 'run-2', 'run-3', 'run-4'], dtype='object')
INFO - main:134 - __________________sub-00002 ses-05 __________________
INFO - main:135 - file exists! -- starting transformation: 
INFO - main:162 - number of spikes within experiment: 5145
INFO - main:183 - * start_df: [1191224, 1205664, 1239413, 1253853, 1560143, 3198413, 4631860, 5731715, 7350557]
INFO - main:184 - * stop_df: [1193222, 1207662, 1241412, 1255852, 2628417, 4266687, 5093857, 6799989, 8418830]
INFO - main:185 - * total of 9 runs
INFO - main:200 - * adjusted start_df: [1561063, 3199333, 4632780, 5732635, 7351477]
INFO - main:201 - * adjusted stop_df: [2628419, 4266688, 5093858, 6799990, 8418832]
INFO - main:202 - * total of 5 runs
INFO - main:217 - runs shorter than 300 sec: sub-00002 ses-05 [2] - run number in python order
INFO - main:229 - __________________ :+: FINISHED :+: __________________
INFO - main:134 - __________________sub-00002 ses-06 __________________
INFO - main:135 - file exists! -- starting transformation: 
INFO - main:162 - number of spikes within experiment: 1153
INFO - main:183 - * start_df: [5151470, 5165910, 5199413, 5213853, 5454376]
INFO - main:184 - * stop_df: [5153468, 5167908, 5201412, 5215852, 6512529]
INFO - main:185 - * total of 5 runs
INFO - main:200 - * adjusted start_df: [5455296]
INFO - main:201 - * adjusted stop_df: [6512530]
INFO - main:202 - * total of 1 runs
INFO - main:229 - __________________ :+: FINISHED :+: __________________
INFO - main:134 - __________________sub-00002 ses-07 __________________
INFO - main:135 - file exists! -- starting transformation: 
INFO - main:162 - number of spikes within experiment: 5344
INFO - main:183 - * start_df: [1953423, 1967863, 2001494, 2015933, 2249753, 3843656, 5634370, 7153281, 8611331]
INFO - main:184 - * stop_df: [1955421, 1969861, 2003492, 2017932, 3318026, 4911929, 6702643, 8221554, 9256406]
INFO - main:185 - * total of 9 runs
INFO - main:200 - * adjusted start_df: [2250673, 3844576, 5635290, 7154201, 8612251]
INFO - main:201 - * adjusted stop_df: [3318027, 4911930, 6702645, 8221555, 9256407]
INFO - main:202 - * total of 5 runs
INFO - main:229 - __________________ :+: FINISHED :+: __________________
INFO - main:134 - __________________sub-00002 ses-08 __________________
INFO - main:135 - file exists! -- starting transformation: 
INFO - main:162 - number of spikes within experiment: 3584
INFO - main:183 - * start_df: [2850314, 2864754, 2898299, 2912739, 3211869, 4159003, 5107413, 6559639]
INFO - main:184 - * stop_df: [2852313, 2866752, 2900297, 2914737, 4096143, 5043277, 5991687, 7204714]
INFO - main:185 - * total of 8 runs
INFO - main:200 - * adjusted start_df: [3212789, 4159923, 5108333, 6560559]
INFO - main:201 - * adjusted stop_df: [4096144, 5043279, 5991689, 7204716]
INFO - main:202 - * total of 4 runs
INFO - main:229 - __________________ :+: FINISHED :+: __________________
INFO - main:134 - __________________sub-00002 ses-09 __________________
INFO - main:135 - file exists! -- starting transformation: 
INFO - main:162 - number of spikes within experiment: 5990
INFO - main:183 - * start_df: [2231411, 2245851, 2279447, 2293887, 2413862, 3651729, 7563011, 8502394]
INFO - main:184 - * stop_df: [2233409, 2247849, 2281446, 2295886, 2497740, 7421107, 8392085, 9331468]
INFO - main:185 - * total of 8 runs
INFO - main:200 - * adjusted start_df: [2414782, 3652649, 7563931, 8503314]
INFO - main:201 - * adjusted stop_df: [2497742, 7421108, 8392086, 9331469]
INFO - main:202 - * total of 4 runs
INFO - main:217 - runs shorter than 300 sec: sub-00002 ses-09 [0] - run number in python order
INFO - main:229 - __________________ :+: FINISHED :+: __________________
INFO - main:134 - __________________sub-00002 ses-10 __________________
INFO - main:135 - file exists! -- starting transformation: 
INFO - main:162 - number of spikes within experiment: 3789
INFO - main:183 - * start_df: [1931438, 1945878, 1979418, 1993858, 2249374, 2668441, 2977665, 3414730, 4908095, 6505086]
INFO - main:184 - * stop_df: [1933436, 1947876, 1981417, 1995856, 2483211, 2697119, 2998983, 4483002, 5976368, 7573359]
INFO - main:185 - * total of 10 runs
INFO - main:200 - * adjusted start_df: [2250294, 2669361, 2978585, 3415650, 4909015, 6506006]
INFO - main:201 - * adjusted stop_df: [2483213, 2697121, 2998985, 4483003, 5976369, 7573360]
INFO - main:202 - * total of 6 runs
INFO - main:217 - runs shorter than 300 sec: sub-00002 ses-10 [0, 1, 2] - run number in python order
INFO - main:229 - __________________ :+: FINISHED :+: __________________
INFO - main:134 - __________________sub-00002 ses-11 __________________
INFO - main:135 - file exists! -- starting transformation: 
INFO - main:162 - number of spikes within experiment: 4644
INFO - main:183 - * start_df: [1267302, 1281742, 1315396, 1329836, 1554374, 3051577, 4563446, 6830415]
INFO - main:184 - * stop_df: [1269301, 1283741, 1317395, 1331835, 2622647, 4119849, 5631719, 7898688]
INFO - main:185 - * total of 8 runs
INFO - main:200 - * adjusted start_df: [1555294, 3052497, 4564366, 6831335]
INFO - main:201 - * adjusted stop_df: [2622648, 4119851, 5631720, 7898689]
INFO - main:202 - * total of 4 runs
INFO - main:229 - __________________ :+: FINISHED :+: __________________
INFO - main:134 - __________________sub-00002 ses-12 __________________
INFO - main:135 - file exists! -- starting transformation: 
INFO - main:162 - number of spikes within experiment: 4855
INFO - main:183 - * start_df: [1010038, 1024478, 1058056, 1072496, 1282542, 1556482, 3892278, 3906718, 3940362, 3954801, 4015845, 5389491, 6996104]
INFO - main:184 - * stop_df: [1012037, 1026476, 1060055, 1074495, 1474060, 2624755, 3894276, 3908716, 3942360, 3956800, 5084118, 6457764, 8064377]
INFO - main:185 - * total of 13 runs
INFO - main:200 - * adjusted start_df: [1283462, 1557402, 4016765, 5390411, 6997024]
INFO - main:201 - * adjusted stop_df: [1474061, 2624756, 5084120, 6457765, 8064378]
INFO - main:202 - * total of 5 runs
INFO - main:217 - runs shorter than 300 sec: sub-00002 ses-12 [0] - run number in python order
INFO - main:229 - __________________ :+: FINISHED :+: __________________
INFO - main:134 - __________________sub-00002 ses-13 __________________
INFO - main:135 - file exists! -- starting transformation: 
INFO - main:162 - number of spikes within experiment: 4644
INFO - main:183 - * start_df: [2556647, 2571087, 2604766, 2619206, 2918710, 4417846, 5890700, 7383924]
INFO - main:184 - * stop_df: [2558645, 2573085, 2606765, 2621205, 3986983, 5486119, 6958973, 8452197]
INFO - main:185 - * total of 8 runs
INFO - main:200 - * adjusted start_df: [2919630, 4418766, 5891620, 7384844]
INFO - main:201 - * adjusted stop_df: [3986985, 5486120, 6958974, 8452198]
INFO - main:202 - * total of 4 runs
INFO - main:229 - __________________ :+: FINISHED :+: __________________
INFO - main:134 - __________________sub-00002 ses-14 __________________
INFO - main:135 - file exists! -- starting transformation: 
INFO - main:162 - number of spikes within experiment: 4644
INFO - main:183 - * start_df: [1811034, 1825474, 1859123, 1873563, 2180210, 4277414, 5696866, 7157014]
INFO - main:184 - * stop_df: [1813032, 1827472, 1861122, 1875562, 3248484, 5345687, 6765139, 8225287]
INFO - main:185 - * total of 8 runs
INFO - main:200 - * adjusted start_df: [2181130, 4278334, 5697786, 7157934]
INFO - main:201 - * adjusted stop_df: [3248485, 5345689, 6765141, 8225288]
INFO - main:202 - * total of 4 runs
INFO - main:229 - __________________ :+: FINISHED :+: __________________
INFO - main:134 - __________________sub-00002 ses-15 __________________
INFO - main:135 - file exists! -- starting transformation: 
INFO - main:162 - number of spikes within experiment: 4644
INFO - main:183 - * start_df: [1333549, 1347989, 1381673, 1396113, 1632331, 3091851, 4510007, 6038412]
INFO - main:184 - * stop_df: [1335547, 1349987, 1383672, 1398112, 2700604, 4160124, 5578280, 7106685]
INFO - main:185 - * total of 8 runs
INFO - main:200 - * adjusted start_df: [1633251, 3092771, 4510927, 6039332]
INFO - main:201 - * adjusted stop_df: [2700605, 4160126, 5578282, 7106687]
INFO - main:202 - * total of 4 runs
INFO - main:229 - __________________ :+: FINISHED :+: __________________
INFO - main:134 - __________________sub-00002 ses-16 __________________
INFO - main:135 - file exists! -- starting transformation: 
INFO - main:162 - number of spikes within experiment: 4644
INFO - main:183 - * start_df: [1414786, 1429226, 1463030, 1477470, 2097809, 3518583, 5006147, 6433918]
INFO - main:184 - * stop_df: [1416785, 1431225, 1465029, 1479469, 3166082, 4586856, 6074420, 7502191]
INFO - main:185 - * total of 8 runs
INFO - main:200 - * adjusted start_df: [2098729, 3519503, 5007067, 6434838]
INFO - main:201 - * adjusted stop_df: [3166083, 4586857, 6074421, 7502192]
INFO - main:202 - * total of 4 runs
INFO - main:229 - __________________ :+: FINISHED :+: __________________
INFO - main:134 - __________________sub-00002 ses-17 __________________
INFO - main:135 - file exists! -- starting transformation: 
INFO - main:162 - number of spikes within experiment: 4644
INFO - main:183 - * start_df: [4884655, 4899095, 4932887, 4947327, 5224342, 6609745, 8218634, 9687533]
INFO - main:184 - * stop_df: [4886654, 4901094, 4934886, 4949326, 6292615, 7678018, 9286906, 10755806]
INFO - main:185 - * total of 8 runs
INFO - main:200 - * adjusted start_df: [5225262, 6610665, 8219554, 9688453]
INFO - main:201 - * adjusted stop_df: [6292616, 7678019, 9286908, 10755807]
INFO - main:202 - * total of 4 runs
INFO - main:229 - __________________ :+: FINISHED :+: __________________
INFO - main:134 - __________________sub-00002 ses-18 __________________
INFO - main:135 - file exists! -- starting transformation: 
INFO - main:162 - number of spikes within experiment: 4644
INFO - main:183 - * start_df: [1739541, 1753981, 1787975, 1802415, 2130043, 3760299, 5230728, 6741848]
INFO - main:184 - * stop_df: [1741540, 1755980, 1789974, 1804414, 3198317, 4828574, 6299002, 7810122]
INFO - main:185 - * total of 8 runs
INFO - main:200 - * adjusted start_df: [2130963, 3761219, 5231648, 6742768]
INFO - main:201 - * adjusted stop_df: [3198319, 4828575, 6299003, 7810124]
INFO - main:202 - * total of 4 runs
INFO - main:229 - __________________ :+: FINISHED :+: __________________
INFO - main:134 - __________________sub-00002 ses-19 __________________
INFO - main:135 - file exists! -- starting transformation: 
INFO - main:162 - number of spikes within experiment: 3584
INFO - main:183 - * start_df: [1592720, 1607160, 1640762, 1655202, 1823718, 2801746, 3781061, 4932643]
INFO - main:184 - * stop_df: [1594718, 1609158, 1642760, 1657200, 2707993, 3686022, 4665337, 5577719]
INFO - main:185 - * total of 8 runs
INFO - main:200 - * adjusted start_df: [1824638, 2802666, 3781981, 4933563]
INFO - main:201 - * adjusted stop_df: [2707995, 3686023, 4665338, 5577721]
INFO - main:202 - * total of 4 runs
INFO - main:229 - __________________ :+: FINISHED :+: __________________
INFO - main:134 - __________________sub-00002 ses-20 __________________
INFO - main:135 - file exists! -- starting transformation: 
INFO - main:162 - number of spikes within experiment: 5944
INFO - main:183 - * start_df: [432821, 447261, 480943, 495383, 1835326, 2083076, 5951664, 6891600]
INFO - main:184 - * stop_df: [434820, 449260, 482942, 497382, 1876884, 5852458, 6780739, 7720675]
INFO - main:185 - * total of 8 runs
INFO - main:200 - * adjusted start_df: [1836246, 2083996, 5952584, 6892520]
INFO - main:201 - * adjusted stop_df: [1876886, 5852459, 6780740, 7720677]
INFO - main:202 - * total of 4 runs
INFO - main:217 - runs shorter than 300 sec: sub-00002 ses-20 [0] - run number in python order
INFO - main:229 - __________________ :+: FINISHED :+: __________________
INFO - main:134 - __________________sub-00002 ses-21 __________________
INFO - main:135 - file exists! -- starting transformation: 
INFO - main:162 - number of spikes within experiment: 9779
INFO - main:183 - * start_df: [2148243, 2162683, 2196462, 2210902, 2262440, 2898906, 3875651, 4815331, 6208825, 6549838, 6952185, 7727545, 8068031, 8327756, 12180647, 13081293]
INFO - main:184 - * stop_df: [2150244, 2164684, 2198463, 2212903, 2336201, 3783190, 4759936, 5699616, 6249466, 6654879, 7597268, 7753466, 8103152, 12097175, 13009732, 13910377]
INFO - main:185 - * total of 16 runs
INFO - main:200 - * adjusted start_df: [2148244, 2162684, 2196463, 2210903, 2262441, 2898907, 3875652, 4815332, 6208826, 6549839, 6952186, 7727546, 8068032, 8327757, 12180648, 13081294]
INFO - main:201 - * adjusted stop_df: [2150244, 2164684, 2198463, 2212903, 2336201, 3783190, 4759936, 5699616, 6249466, 6654879, 7597268, 7753467, 8103152, 12097175, 13009732, 13910377]
INFO - main:202 - * total of 16 runs
INFO - main:217 - runs shorter than 300 sec: sub-00002 ses-21 [0, 1, 2, 3, 4, 8, 9, 11, 12] - run number in python order
INFO - main:229 - __________________ :+: FINISHED :+: __________________
