INFO - main:111 - ['sub-00006']
INFO - main:134 - __________________sub-00006 ses-01 __________________
INFO - main:135 - file exists! -- starting transformation: 
INFO - main:162 - number of spikes within experiment: 4805
INFO - main:183 - * start_df: [1514512, 1528952, 1562569, 1577009, 3668987, 4324745, 5936568, 7465659, 8919086]
INFO - main:184 - * stop_df: [1516511, 1530950, 1564568, 1579008, 3818185, 5393017, 7004840, 8533931, 9987359]
INFO - main:185 - * total of 9 runs
INFO - main:200 - * adjusted start_df: [3669907, 4325665, 5937488, 7466579, 8920006]
INFO - main:201 - * adjusted stop_df: [3818187, 5393019, 7004841, 8533932, 9987360]
INFO - main:202 - * total of 5 runs
INFO - main:217 - runs shorter than 300 sec: sub-00006 ses-01 [0] - run number in python order
INFO - main:229 - __________________ :+: FINISHED :+: __________________
INFO - main:134 - __________________sub-00006 ses-02 __________________
INFO - main:135 - file exists! -- starting transformation: 
INFO - main:162 - number of spikes within experiment: 909
INFO - main:183 - * start_df: [8209353, 8223793, 8257310, 8271750, 8565436, 10721734]
INFO - main:184 - * stop_df: [8211352, 8225792, 8259308, 8273748, 8755114, 11366809]
INFO - main:185 - * total of 6 runs
INFO - main:200 - * adjusted start_df: [8566356, 10722654]
INFO - main:201 - * adjusted stop_df: [8755115, 11366810]
INFO - main:202 - * total of 2 runs
INFO - main:217 - runs shorter than 300 sec: sub-00006 ses-02 [0] - run number in python order
INFO - main:229 - __________________ :+: FINISHED :+: __________________
INFO - main:134 - __________________sub-00006 ses-03 __________________
INFO - main:135 - file exists! -- starting transformation: 
INFO - main:162 - number of spikes within experiment: 4644
INFO - main:183 - * start_df: [4174978, 4189418, 4223003, 4237443, 4550824, 6110353, 7610407, 8965490]
INFO - main:184 - * stop_df: [4176977, 4191417, 4225001, 4239441, 5619096, 7178625, 8678679, 10033763]
INFO - main:185 - * total of 8 runs
INFO - main:200 - * adjusted start_df: [4551744, 6111273, 7611327, 8966410]
INFO - main:201 - * adjusted stop_df: [5619097, 7178627, 8678681, 10033764]
INFO - main:202 - * total of 4 runs
INFO - main:229 - __________________ :+: FINISHED :+: __________________
INFO - main:134 - __________________sub-00006 ses-04 __________________
INFO - main:135 - file exists! -- starting transformation: 
INFO - main:162 - number of spikes within experiment: 8780
INFO - main:183 - * start_df: [2521959, 2536399, 2570135, 2584575, 2743032, 3954364, 4946094, 6169900, 10071577, 11060852]
INFO - main:184 - * stop_df: [2523958, 2538398, 2572134, 2586574, 3627307, 4838639, 5830369, 9939280, 10900652, 11889927]
INFO - main:185 - * total of 10 runs
INFO - main:200 - * adjusted start_df: [2743952, 3955284, 4947014, 6170819, 10072497, 11061772]
INFO - main:201 - * adjusted stop_df: [3627308, 4838640, 5830370, 9939281, 10900653, 11889928]
INFO - main:202 - * total of 6 runs
INFO - main:229 - __________________ :+: FINISHED :+: __________________
INFO - main:134 - __________________sub-00006 ses-05 __________________
INFO - main:135 - file exists! -- starting transformation: 
INFO - main:162 - number of spikes within experiment: 4644
INFO - main:183 - * start_df: [343837, 358276, 391966, 406406, 630832, 2174107, 3548142, 5023621]
INFO - main:184 - * stop_df: [345835, 360275, 393965, 408405, 1699104, 3242379, 4616414, 6091894]
INFO - main:185 - * total of 8 runs
INFO - main:200 - * adjusted start_df: [631752, 2175027, 3549062, 5024541]
INFO - main:201 - * adjusted stop_df: [1699105, 3242380, 4616416, 6091895]
INFO - main:202 - * total of 4 runs
INFO - main:229 - __________________ :+: FINISHED :+: __________________
INFO - main:134 - __________________sub-00006 ses-06 __________________
INFO - main:135 - file exists! -- starting transformation: 
INFO - main:162 - number of spikes within experiment: 704
INFO - main:183 - * start_df: [1651795, 1666234, 1699957, 1714397, 2173367]
INFO - main:184 - * stop_df: [1653793, 1668233, 1701956, 1716396, 2818443]
INFO - main:185 - * total of 5 runs
INFO - main:200 - * adjusted start_df: [2174287]
INFO - main:201 - * adjusted stop_df: [2818445]
INFO - main:202 - * total of 1 runs
INFO - main:229 - __________________ :+: FINISHED :+: __________________
INFO - main:134 - __________________sub-00006 ses-08 __________________
INFO - main:135 - file exists! -- starting transformation: 
INFO - main:162 - number of spikes within experiment: 4644
INFO - main:183 - * start_df: [581737, 596176, 629885, 644324, 779948, 2215609, 3635858, 4964521]
INFO - main:184 - * stop_df: [583735, 598175, 631883, 646323, 1848221, 3283883, 4704131, 6032794]
INFO - main:185 - * total of 8 runs
INFO - main:200 - * adjusted start_df: [780868, 2216529, 3636778, 4965441]
INFO - main:201 - * adjusted stop_df: [1848222, 3283884, 4704133, 6032795]
INFO - main:202 - * total of 4 runs
INFO - main:229 - __________________ :+: FINISHED :+: __________________
INFO - main:134 - __________________sub-00006 ses-09 __________________
INFO - main:135 - file exists! -- starting transformation: 
INFO - main:162 - number of spikes within experiment: 4644
INFO - main:183 - * start_df: [2114156, 2128596, 2162415, 2176855, 2419790, 3757063, 5280872, 8365040]
INFO - main:184 - * stop_df: [2116155, 2130595, 2164414, 2178854, 3488063, 4825336, 6349145, 9433313]
INFO - main:185 - * total of 8 runs
INFO - main:200 - * adjusted start_df: [2420710, 3757983, 5281792, 8365960]
INFO - main:201 - * adjusted stop_df: [3488064, 4825337, 6349146, 9433314]
INFO - main:202 - * total of 4 runs
INFO - main:229 - __________________ :+: FINISHED :+: __________________
INFO - main:134 - __________________sub-00006 ses-10 __________________
INFO - main:135 - file exists! -- starting transformation: 
INFO - main:162 - number of spikes within experiment: 5325
INFO - main:183 - * start_df: [1304450, 2790536, 4222113, 5789407]
INFO - main:184 - * stop_df: [1054878, 2372724, 3858810, 5290386, 6434482]
INFO - main:185 - * total of 4 runs
INFO - main:200 - * adjusted start_df: [1305370, 2791456, 4223033, 5790327]
INFO - main:201 - * adjusted stop_df: [1054880, 2372726, 3858811, 5290388, 6434483]
INFO - main:202 - * total of 4 runs
ERROR - main:209 - start and stop datapoints don't match
INFO - main:134 - __________________sub-00006 ses-11 __________________
INFO - main:135 - file exists! -- starting transformation: 
INFO - main:162 - number of spikes within experiment: 5344
INFO - main:183 - * start_df: [3296961, 3311401, 3345162, 3359602, 3485406, 4759623, 6025259, 7422136, 8795114]
INFO - main:184 - * stop_df: [3298960, 3313400, 3347161, 3361601, 4553680, 5827896, 7093532, 8490409, 9440189]
INFO - main:185 - * total of 9 runs
INFO - main:200 - * adjusted start_df: [3486326, 4760543, 6026179, 7423056, 8796034]
INFO - main:201 - * adjusted stop_df: [4553681, 5827898, 7093533, 8490410, 9440190]
INFO - main:202 - * total of 5 runs
INFO - main:229 - __________________ :+: FINISHED :+: __________________
INFO - main:134 - __________________sub-00006 ses-12 __________________
INFO - main:135 - file exists! -- starting transformation: 
INFO - main:162 - number of spikes within experiment: 4644
INFO - main:183 - * start_df: [928722, 943162, 976803, 991243, 1096702, 2814349, 4209246, 5628518]
INFO - main:184 - * stop_df: [930720, 945160, 978802, 993242, 2164977, 3882623, 5277520, 6696792]
INFO - main:185 - * total of 8 runs
INFO - main:200 - * adjusted start_df: [1097622, 2815269, 4210166, 5629438]
INFO - main:201 - * adjusted stop_df: [2164978, 3882625, 5277521, 6696793]
INFO - main:202 - * total of 4 runs
INFO - main:229 - __________________ :+: FINISHED :+: __________________
INFO - main:134 - __________________sub-00006 ses-14 __________________
INFO - main:135 - file exists! -- starting transformation: 
INFO - main:162 - number of spikes within experiment: 5164
INFO - main:183 - * start_df: [1827655, 1842095, 1875706, 1890146, 2164439, 4075803, 5623644, 7125000]
INFO - main:184 - * stop_df: [1829654, 1844094, 1877704, 1892144, 3352313, 5263676, 6811517, 8312873]
INFO - main:185 - * total of 8 runs
INFO - main:200 - * adjusted start_df: [2165359, 4076723, 5624564, 7125920]
INFO - main:201 - * adjusted stop_df: [3352314, 5263677, 6811519, 8312874]
INFO - main:202 - * total of 4 runs
INFO - main:229 - __________________ :+: FINISHED :+: __________________
INFO - main:134 - __________________sub-00006 ses-14 __________________
INFO - main:135 - file exists! -- starting transformation: 
INFO - main:162 - number of spikes within experiment: 4644
INFO - main:183 - * start_df: [3189874, 3204314, 3237851, 3252291, 3480552, 5293271, 6722329, 8302073]
INFO - main:184 - * stop_df: [3191873, 3206313, 3239850, 3254290, 4548826, 6361545, 7790603, 9370346]
INFO - main:185 - * total of 8 runs
INFO - main:200 - * adjusted start_df: [3481472, 5294191, 6723249, 8302993]
INFO - main:201 - * adjusted stop_df: [4548827, 6361547, 7790604, 9370348]
INFO - main:202 - * total of 4 runs
INFO - main:229 - __________________ :+: FINISHED :+: __________________
INFO - main:134 - __________________sub-00006 ses-15 __________________
INFO - main:135 - file exists! -- starting transformation: 
INFO - main:162 - number of spikes within experiment: 5344
INFO - main:183 - * start_df: [2399471, 2413911, 2447541, 2461981, 3108273, 5063785, 6781896, 8459880, 9928782]
INFO - main:184 - * stop_df: [2401472, 2415912, 2449542, 2463982, 4176527, 6132039, 7850149, 9528133, 10573847]
INFO - main:185 - * total of 9 runs
INFO - main:200 - * adjusted start_df: [2399472, 2413912, 2447542, 2461982, 3108274, 5063786, 6781897, 8459881, 9928783]
INFO - main:201 - * adjusted stop_df: [2401472, 2415912, 2449542, 2463982, 4176527, 6132039, 7850149, 9528133, 10573847]
INFO - main:202 - * total of 9 runs
INFO - main:217 - runs shorter than 300 sec: sub-00006 ses-15 [0, 1, 2, 3] - run number in python order
INFO - main:229 - __________________ :+: FINISHED :+: __________________
INFO - main:134 - __________________sub-00006 ses-16 __________________
INFO - main:135 - file exists! -- starting transformation: 
INFO - main:162 - number of spikes within experiment: 1490
INFO - main:183 - * start_df: [795576, 810016, 843659, 858098, 1871190]
INFO - main:184 - * stop_df: [797577, 812017, 845660, 860099, 3239357]
INFO - main:185 - * total of 5 runs
INFO - main:200 - * adjusted start_df: [795577, 810017, 843660, 858099, 1871191]
INFO - main:201 - * adjusted stop_df: [797577, 812017, 845660, 860099, 3239357]
INFO - main:202 - * total of 5 runs
INFO - main:217 - runs shorter than 300 sec: sub-00006 ses-16 [0, 1, 2, 3] - run number in python order
INFO - main:229 - __________________ :+: FINISHED :+: __________________
INFO - main:134 - __________________sub-00006 ses-17 __________________
INFO - main:135 - file exists! -- starting transformation: 
INFO - main:162 - number of spikes within experiment: 5750
INFO - main:183 - * start_df: [3082477, 3096916, 3130618, 3145058, 3703414, 4156521, 4361277, 4662734, 6235308, 7765833, 8457427, 10055980]
INFO - main:184 - * stop_df: [3084478, 3098917, 3132619, 3147059, 3752333, 4233040, 4475515, 5850585, 7423159, 8069587, 9645277, 11243829]
INFO - main:185 - * total of 12 runs
INFO - main:200 - * adjusted start_df: [3082478, 3096917, 3130619, 3145059, 3703415, 4156522, 4361278, 4662735, 6235309, 7765834, 8457428, 10055981]
INFO - main:201 - * adjusted stop_df: [3084478, 3098917, 3132619, 3147059, 3752333, 4233040, 4475515, 5850585, 7423159, 8069587, 9645278, 11243831]
INFO - main:202 - * total of 12 runs
INFO - main:217 - runs shorter than 300 sec: sub-00006 ses-17 [0, 1, 2, 3, 4, 5, 6, 9] - run number in python order
INFO - main:229 - __________________ :+: FINISHED :+: __________________
INFO - main:134 - __________________sub-00006 ses-18 __________________
INFO - main:135 - file exists! -- starting transformation: 
INFO - main:162 - number of spikes within experiment: 5948
INFO - main:183 - * start_df: [1056736, 1071176, 1104931, 1119371, 2502820, 4200405, 5919613, 7565786]
INFO - main:184 - * stop_df: [1058736, 1073177, 1106932, 1121372, 3871027, 5568611, 7287821, 8933995]
INFO - main:185 - * total of 8 runs
INFO - main:200 - * adjusted start_df: [1056737, 1071177, 1104932, 1119372, 2502821, 4200406, 5919614, 7565787]
INFO - main:201 - * adjusted stop_df: [1058737, 1073177, 1106932, 1121372, 3871027, 5568611, 7287822, 8933995]
INFO - main:202 - * total of 8 runs
INFO - main:217 - runs shorter than 300 sec: sub-00006 ses-18 [0, 1, 2, 3] - run number in python order
INFO - main:229 - __________________ :+: FINISHED :+: __________________
INFO - main:134 - __________________sub-00006 ses-19 __________________
INFO - main:135 - file exists! -- starting transformation: 
INFO - main:162 - number of spikes within experiment: 5948
INFO - main:183 - * start_df: [1202594, 1217034, 1250610, 1265050, 1908573, 3623437, 5223720, 6929283]
INFO - main:184 - * stop_df: [1204595, 1219035, 1252610, 1267050, 3276782, 4991645, 6591928, 8297493]
INFO - main:185 - * total of 8 runs
INFO - main:200 - * adjusted start_df: [1202595, 1217035, 1250611, 1265051, 1908574, 3623438, 5223721, 6929284]
INFO - main:201 - * adjusted stop_df: [1204595, 1219035, 1252611, 1267051, 3276782, 4991646, 6591929, 8297493]
INFO - main:202 - * total of 8 runs
INFO - main:217 - runs shorter than 300 sec: sub-00006 ses-19 [0, 1, 2, 3] - run number in python order
INFO - main:229 - __________________ :+: FINISHED :+: __________________
INFO - main:134 - __________________sub-00006 ses-20 __________________
INFO - main:135 - file exists! -- starting transformation: 
INFO - main:162 - number of spikes within experiment: 9480
INFO - main:183 - * start_df: [1502272, 1516712, 1550450, 1564890, 1838514, 2797985, 3755586, 4883658, 6079712, 9924650, 10836011]
INFO - main:184 - * stop_df: [1504273, 1518713, 1552451, 1566891, 2722793, 3682266, 4639868, 5528740, 9849122, 10753734, 11665094]
INFO - main:185 - * total of 11 runs
INFO - main:200 - * adjusted start_df: [1502273, 1516713, 1550451, 1564891, 1838515, 2797986, 3755587, 4883659, 6079713, 9924651, 10836012]
INFO - main:201 - * adjusted stop_df: [1504273, 1518713, 1552451, 1566891, 2722793, 3682266, 4639868, 5528740, 9849122, 10753734, 11665094]
INFO - main:202 - * total of 11 runs
INFO - main:217 - runs shorter than 300 sec: sub-00006 ses-20 [0, 1, 2, 3] - run number in python order
INFO - main:229 - __________________ :+: FINISHED :+: __________________
