INFO - main:111 - ['sub-00008', 'sub-00009', 'sub-00010']
INFO - main:134 - __________________sub-00008 ses-01 __________________
INFO - main:135 - file exists! -- starting transformation: 
ERROR - main:146 - no MR trigger channel - this was the early days. re run and use the *trigger channel*
ERROR - main:147 - /dartfs-hpc/rc/lab/C/CANlab/labdata/data/WASABI/biopac/1080_wasabi/acq/physio02_sort/sub-00008/ses-01/sub-00008_ses-01_task-bodymapST1+pinel+taskT1_recording-ppg-eda_physio.acq
INFO - main:134 - __________________sub-00008 ses-04 __________________
INFO - main:135 - file exists! -- starting transformation: 
ERROR - main:146 - no MR trigger channel - this was the early days. re run and use the *trigger channel*
ERROR - main:147 - /dartfs-hpc/rc/lab/C/CANlab/labdata/data/WASABI/biopac/1080_wasabi/acq/physio02_sort/sub-00008/ses-04/sub-00008_ses-04_task-bodymapST2_recording-ppg-eda_physio.acq
INFO - main:134 - __________________sub-00008 ses-05 __________________
INFO - main:135 - file exists! -- starting transformation: 
ERROR - main:146 - no MR trigger channel - this was the early days. re run and use the *trigger channel*
ERROR - main:147 - /dartfs-hpc/rc/lab/C/CANlab/labdata/data/WASABI/biopac/1080_wasabi/acq/physio02_sort/sub-00008/ses-05/sub-00008_ses-05_task-bodymapST1_recording-ppg-eda_physio.acq
INFO - main:134 - __________________sub-00008 ses-06 __________________
INFO - main:135 - file exists! -- starting transformation: 
ERROR - main:146 - no MR trigger channel - this was the early days. re run and use the *trigger channel*
ERROR - main:147 - /dartfs-hpc/rc/lab/C/CANlab/labdata/data/WASABI/biopac/1080_wasabi/acq/physio02_sort/sub-00008/ses-06/sub-00008_ses-06_task-bodymapST2_recording-ppg-eda_physio.acq
INFO - main:134 - __________________sub-00008 ses-07 __________________
INFO - main:135 - file exists! -- starting transformation: 
ERROR - main:146 - no MR trigger channel - this was the early days. re run and use the *trigger channel*
ERROR - main:147 - /dartfs-hpc/rc/lab/C/CANlab/labdata/data/WASABI/biopac/1080_wasabi/acq/physio02_sort/sub-00008/ses-07/sub-00008_ses-07_task-bodymapST1_recording-ppg-eda_physio.acq
INFO - main:134 - __________________sub-00008 ses-08 __________________
INFO - main:135 - file exists! -- starting transformation: 
ERROR - main:146 - no MR trigger channel - this was the early days. re run and use the *trigger channel*
ERROR - main:147 - /dartfs-hpc/rc/lab/C/CANlab/labdata/data/WASABI/biopac/1080_wasabi/acq/physio02_sort/sub-00008/ses-08/sub-00008_ses-08_task-bodymapST2_recording-ppg-eda_physio.acq
INFO - main:134 - __________________sub-00008 ses-09 __________________
INFO - main:135 - file exists! -- starting transformation: 
ERROR - main:146 - no MR trigger channel - this was the early days. re run and use the *trigger channel*
ERROR - main:147 - /dartfs-hpc/rc/lab/C/CANlab/labdata/data/WASABI/biopac/1080_wasabi/acq/physio02_sort/sub-00008/ses-09/sub-00008_ses-09_task-bodymapST1+pinel+taskT1_recording-ppg-eda_physio.acq
INFO - main:134 - __________________sub-00008 ses-09 __________________
INFO - main:135 - file exists! -- starting transformation: 
ERROR - main:146 - no MR trigger channel - this was the early days. re run and use the *trigger channel*
ERROR - main:147 - /dartfs-hpc/rc/lab/C/CANlab/labdata/data/WASABI/biopac/1080_wasabi/acq/physio02_sort/sub-00008/ses-09/sub-00008_ses-09_task-bodymapST1_recording-ppg-eda_physio.acq
INFO - main:134 - __________________sub-00008 ses-10 __________________
INFO - main:135 - file exists! -- starting transformation: 
ERROR - main:146 - no MR trigger channel - this was the early days. re run and use the *trigger channel*
ERROR - main:147 - /dartfs-hpc/rc/lab/C/CANlab/labdata/data/WASABI/biopac/1080_wasabi/acq/physio02_sort/sub-00008/ses-10/sub-00008_ses-10_task-bodymapST2_recording-ppg-eda_physio.acq
INFO - main:134 - __________________sub-00008 ses-11 __________________
INFO - main:135 - file exists! -- starting transformation: 
ERROR - main:146 - no MR trigger channel - this was the early days. re run and use the *trigger channel*
ERROR - main:147 - /dartfs-hpc/rc/lab/C/CANlab/labdata/data/WASABI/biopac/1080_wasabi/acq/physio02_sort/sub-00008/ses-11/sub-00008_ses-11_task-bodymapST1+pinel+taskT1_recording-ppg-eda_physio.acq
INFO - main:134 - __________________sub-00008 ses-12 __________________
INFO - main:135 - file exists! -- starting transformation: 
ERROR - main:146 - no MR trigger channel - this was the early days. re run and use the *trigger channel*
ERROR - main:147 - /dartfs-hpc/rc/lab/C/CANlab/labdata/data/WASABI/biopac/1080_wasabi/acq/physio02_sort/sub-00008/ses-12/sub-00008_ses-12_task-bodymapST2_recording-ppg-eda_physio.acq
INFO - main:134 - __________________sub-00009 ses-01 __________________
INFO - main:135 - file exists! -- starting transformation: 
ERROR - main:146 - no MR trigger channel - this was the early days. re run and use the *trigger channel*
ERROR - main:147 - /dartfs-hpc/rc/lab/C/CANlab/labdata/data/WASABI/biopac/1080_wasabi/acq/physio02_sort/sub-00009/ses-01/sub-00009_ses-01_task-bodymapST1 and pinel_recording-ppg-eda_physio.acq
INFO - main:134 - __________________sub-00009 ses-02 __________________
INFO - main:135 - file exists! -- starting transformation: 
ERROR - main:146 - no MR trigger channel - this was the early days. re run and use the *trigger channel*
ERROR - main:147 - /dartfs-hpc/rc/lab/C/CANlab/labdata/data/WASABI/biopac/1080_wasabi/acq/physio02_sort/sub-00009/ses-02/sub-00009_ses-02_task-bodymapST1_recording-ppg-eda_physio.acq
INFO - main:134 - __________________sub-00009 ses-03 __________________
INFO - main:135 - file exists! -- starting transformation: 
ERROR - main:146 - no MR trigger channel - this was the early days. re run and use the *trigger channel*
ERROR - main:147 - /dartfs-hpc/rc/lab/C/CANlab/labdata/data/WASABI/biopac/1080_wasabi/acq/physio02_sort/sub-00009/ses-03/sub-00009_ses-03_task-bodymapST2_recording-ppg-eda_physio.acq
INFO - main:134 - __________________sub-00009 ses-04 __________________
INFO - main:135 - file exists! -- starting transformation: 
ERROR - main:146 - no MR trigger channel - this was the early days. re run and use the *trigger channel*
ERROR - main:147 - /dartfs-hpc/rc/lab/C/CANlab/labdata/data/WASABI/biopac/1080_wasabi/acq/physio02_sort/sub-00009/ses-04/sub-00009_ses-04_task-bodymapST1_recording-ppg-eda_physio.acq
INFO - main:134 - __________________sub-00009 ses-05 __________________
INFO - main:135 - file exists! -- starting transformation: 
ERROR - main:146 - no MR trigger channel - this was the early days. re run and use the *trigger channel*
ERROR - main:147 - /dartfs-hpc/rc/lab/C/CANlab/labdata/data/WASABI/biopac/1080_wasabi/acq/physio02_sort/sub-00009/ses-05/sub-00009_ses-05_task-bodymapST2 (re-ran run 3)_recording-ppg-eda_physio.acq
INFO - main:134 - __________________sub-00009 ses-06 __________________
INFO - main:135 - file exists! -- starting transformation: 
ERROR - main:146 - no MR trigger channel - this was the early days. re run and use the *trigger channel*
ERROR - main:147 - /dartfs-hpc/rc/lab/C/CANlab/labdata/data/WASABI/biopac/1080_wasabi/acq/physio02_sort/sub-00009/ses-06/sub-00009_ses-06_task-bodymapST2_recording-ppg-eda_physio.acq
INFO - main:134 - __________________sub-00009 ses-07 __________________
INFO - main:135 - file exists! -- starting transformation: 
ERROR - main:146 - no MR trigger channel - this was the early days. re run and use the *trigger channel*
ERROR - main:147 - /dartfs-hpc/rc/lab/C/CANlab/labdata/data/WASABI/biopac/1080_wasabi/acq/physio02_sort/sub-00009/ses-07/sub-00009_ses-07_task-bodymapST2_recording-ppg-eda_physio.acq
INFO - main:134 - __________________sub-00009 ses-08 __________________
INFO - main:135 - file exists! -- starting transformation: 
ERROR - main:146 - no MR trigger channel - this was the early days. re run and use the *trigger channel*
ERROR - main:147 - /dartfs-hpc/rc/lab/C/CANlab/labdata/data/WASABI/biopac/1080_wasabi/acq/physio02_sort/sub-00009/ses-08/sub-00009_ses-08_task-bodymapST1_recording-ppg-eda_physio.acq
INFO - main:134 - __________________sub-00009 ses-09 __________________
INFO - main:135 - file exists! -- starting transformation: 
ERROR - main:146 - no MR trigger channel - this was the early days. re run and use the *trigger channel*
ERROR - main:147 - /dartfs-hpc/rc/lab/C/CANlab/labdata/data/WASABI/biopac/1080_wasabi/acq/physio02_sort/sub-00009/ses-09/sub-00009_ses-09_task-bodymapST1-pinel_recording-ppg-eda_physio.acq
INFO - main:134 - __________________sub-00009 ses-10 __________________
INFO - main:135 - file exists! -- starting transformation: 
ERROR - main:146 - no MR trigger channel - this was the early days. re run and use the *trigger channel*
ERROR - main:147 - /dartfs-hpc/rc/lab/C/CANlab/labdata/data/WASABI/biopac/1080_wasabi/acq/physio02_sort/sub-00009/ses-10/sub-00009_ses-10_task-bodymapST2-pinel_recording-ppg-eda_physio.acq
INFO - main:134 - __________________sub-00009 ses-11 __________________
INFO - main:135 - file exists! -- starting transformation: 
ERROR - main:146 - no MR trigger channel - this was the early days. re run and use the *trigger channel*
ERROR - main:147 - /dartfs-hpc/rc/lab/C/CANlab/labdata/data/WASABI/biopac/1080_wasabi/acq/physio02_sort/sub-00009/ses-11/sub-00009_ses-11_task-bodymapST1-pinel-hyperalignment-bodymapST2_recording-ppg-eda_physio.acq
