INFO - main:111 - ['sub-00008']
INFO - main:134 - __________________sub-00008 ses-01 __________________
INFO - main:135 - file exists! -- starting transformation: 
INFO - main:162 - number of spikes within experiment: 5187
INFO - main:183 - * start_df: [3854936, 3869376, 3902939, 3917379, 4155889, 5440342, 6422674, 8740742, 8755182, 8788809, 8803249, 8874562]
INFO - main:184 - * stop_df: [3856934, 3871374, 3904938, 3919378, 5040163, 6324617, 7306949, 8742741, 8757181, 8790807, 8805247]
INFO - main:185 - * total of 12 runs
INFO - main:200 - * adjusted start_df: [4156809, 5441262, 6423594, 8875482]
INFO - main:201 - * adjusted stop_df: [5040165, 6324618, 7306950]
INFO - main:202 - * total of 4 runs
ERROR - main:209 - start and stop datapoints don't match
INFO - main:134 - __________________sub-00008 ses-02 __________________
INFO - main:135 - file exists! -- starting transformation: 
INFO - main:162 - number of spikes within experiment: 1604
INFO - main:183 - * start_df: [1865578, 1880018, 1913601, 1928041, 2255111, 3557062]
INFO - main:184 - * stop_df: [1867577, 1882017, 1915600, 1930040, 3084186, 4202138]
INFO - main:185 - * total of 6 runs
INFO - main:200 - * adjusted start_df: [2256031, 3557982]
INFO - main:201 - * adjusted stop_df: [3084188, 4202139]
INFO - main:202 - * total of 2 runs
INFO - main:229 - __________________ :+: FINISHED :+: __________________
INFO - main:134 - __________________sub-00008 ses-03 __________________
INFO - main:135 - file exists! -- starting transformation: 
INFO - main:162 - number of spikes within experiment: 5344
INFO - main:183 - * start_df: [4239758, 4254198, 4287791, 4302231, 4607170, 6212324, 7841216, 9336833, 12024606]
INFO - main:184 - * stop_df: [4241756, 4256196, 4289790, 4304229, 5675444, 7280597, 8909490, 10405106, 12669681]
INFO - main:185 - * total of 9 runs
INFO - main:200 - * adjusted start_df: [4608090, 6213244, 7842136, 9337753, 12025526]
INFO - main:201 - * adjusted stop_df: [5675445, 7280599, 8909491, 10405108, 12669682]
INFO - main:202 - * total of 5 runs
INFO - main:229 - __________________ :+: FINISHED :+: __________________
INFO - main:134 - __________________sub-00008 ses-04 __________________
INFO - main:135 - file exists! -- starting transformation: 
INFO - main:162 - number of spikes within experiment: 4644
INFO - main:183 - * start_df: [1000391, 1014831, 1048483, 1062923, 1365748, 2967736, 4448938, 5865107]
INFO - main:184 - * stop_df: [1002390, 1016830, 1050482, 1064922, 2434021, 4036009, 5517211, 6933380]
INFO - main:185 - * total of 8 runs
INFO - main:200 - * adjusted start_df: [1366668, 2968656, 4449858, 5866027]
INFO - main:201 - * adjusted stop_df: [2434023, 4036011, 5517212, 6933382]
INFO - main:202 - * total of 4 runs
INFO - main:229 - __________________ :+: FINISHED :+: __________________
INFO - main:134 - __________________sub-00008 ses-05 __________________
INFO - main:135 - file exists! -- starting transformation: 
INFO - main:162 - number of spikes within experiment: 5344
INFO - main:183 - * start_df: [2365416, 2379856, 2413575, 2428015, 2706137, 4558293, 6073309, 8035593, 9624325]
INFO - main:184 - * stop_df: [2367415, 2381855, 2415573, 2430013, 3774412, 5626567, 7141582, 9103867, 10269400]
INFO - main:185 - * total of 9 runs
INFO - main:200 - * adjusted start_df: [2707057, 4559213, 6074229, 8036513, 9625245]
INFO - main:201 - * adjusted stop_df: [3774413, 5626569, 7141584, 9103868, 10269402]
INFO - main:202 - * total of 5 runs
INFO - main:229 - __________________ :+: FINISHED :+: __________________
INFO - main:134 - __________________sub-00008 ses-06 __________________
INFO - main:135 - file exists! -- starting transformation: 
INFO - main:162 - number of spikes within experiment: 4644
INFO - main:183 - * start_df: [5225023, 5239463, 5273041, 5287481, 5542665, 7294994, 8783869, 10082062]
INFO - main:184 - * stop_df: [5227022, 5241462, 5275039, 5289479, 6610939, 8363268, 9852143, 11150336]
INFO - main:185 - * total of 8 runs
INFO - main:200 - * adjusted start_df: [5543585, 7295914, 8784789, 10082982]
INFO - main:201 - * adjusted stop_df: [6610940, 8363269, 9852144, 11150337]
INFO - main:202 - * total of 4 runs
INFO - main:229 - __________________ :+: FINISHED :+: __________________
INFO - main:134 - __________________sub-00008 ses-07 __________________
INFO - main:135 - file exists! -- starting transformation: 
INFO - main:162 - number of spikes within experiment: 5344
INFO - main:183 - * start_df: [2472345, 2486785, 2520451, 2534891, 2815892, 4280495, 5752501, 7340313, 9310385]
INFO - main:184 - * stop_df: [2474344, 2488784, 2522449, 2536889, 3884166, 5348769, 6820775, 8408587, 9955460]
INFO - main:185 - * total of 9 runs
INFO - main:200 - * adjusted start_df: [2816812, 4281415, 5753421, 7341233, 9311305]
INFO - main:201 - * adjusted stop_df: [3884168, 5348770, 6820776, 8408588, 9955462]
INFO - main:202 - * total of 5 runs
INFO - main:229 - __________________ :+: FINISHED :+: __________________
INFO - main:134 - __________________sub-00008 ses-08 __________________
INFO - main:135 - file exists! -- starting transformation: 
INFO - main:162 - number of spikes within experiment: 4644
INFO - main:183 - * start_df: [1262923, 1277362, 1310985, 1325425, 1623288, 3003077, 4383664, 5816024]
INFO - main:184 - * stop_df: [1264921, 1279361, 1312984, 1327424, 2691561, 4071350, 5451937, 6884297]
INFO - main:185 - * total of 8 runs
INFO - main:200 - * adjusted start_df: [1277363, 1624208, 3003997, 4384584, 5816944]
INFO - main:201 - * adjusted stop_df: [1279363, 2691562, 4071351, 5451938, 6884298]
INFO - main:202 - * total of 5 runs
INFO - main:217 - runs shorter than 300 sec: sub-00008 ses-08 [0] - run number in python order
INFO - main:229 - __________________ :+: FINISHED :+: __________________
INFO - main:134 - __________________sub-00008 ses-09 __________________
INFO - main:135 - file exists! -- starting transformation: 
INFO - main:162 - number of spikes within experiment: 5424
INFO - main:183 - * start_df: [1678243, 1692683, 1726340, 1740780, 1973457, 3437238, 4956821, 7030936, 7702493, 9694983]
INFO - main:184 - * stop_df: [1680242, 1694682, 1728338, 1742778, 3041731, 4505512, 6025094, 7105615, 8770767, 10340058]
INFO - main:185 - * total of 10 runs
INFO - main:200 - * adjusted start_df: [1974377, 3438158, 4957741, 7031856, 7703413, 9695903]
INFO - main:201 - * adjusted stop_df: [3041732, 4505513, 6025096, 7105616, 8770768, 10340060]
INFO - main:202 - * total of 6 runs
INFO - main:217 - runs shorter than 300 sec: sub-00008 ses-09 [3] - run number in python order
INFO - main:229 - __________________ :+: FINISHED :+: __________________
INFO - main:134 - __________________sub-00008 ses-10 __________________
INFO - main:135 - file exists! -- starting transformation: 
INFO - main:162 - number of spikes within experiment: 5276
INFO - main:183 - * start_df: [800791, 815231, 848920, 863360, 1029406, 2491711, 3894147, 5197483, 6501807]
INFO - main:184 - * stop_df: [802790, 817230, 850919, 865359, 1611922, 3559984, 4962420, 6265756, 7570080]
INFO - main:185 - * total of 9 runs
INFO - main:200 - * adjusted start_df: [1030326, 2492631, 3895067, 5198403, 6502727]
INFO - main:201 - * adjusted stop_df: [1611923, 3559985, 4962421, 6265757, 7570082]
INFO - main:202 - * total of 5 runs
INFO - main:217 - runs shorter than 300 sec: sub-00008 ses-10 [0] - run number in python order
INFO - main:229 - __________________ :+: FINISHED :+: __________________
INFO - main:134 - __________________sub-00008 ses-11 __________________
INFO - main:135 - file exists! -- starting transformation: 
INFO - main:162 - number of spikes within experiment: 4644
INFO - main:183 - * start_df: [2132558, 2146998, 2180742, 2195182, 2661958, 4324859, 5960399, 7409407]
INFO - main:184 - * stop_df: [2134557, 2148997, 2182741, 2197181, 3730232, 5393133, 7028673, 8477680]
INFO - main:185 - * total of 8 runs
INFO - main:200 - * adjusted start_df: [2662878, 4325779, 5961319, 7410327]
INFO - main:201 - * adjusted stop_df: [3730234, 5393134, 7028674, 8477682]
INFO - main:202 - * total of 4 runs
INFO - main:229 - __________________ :+: FINISHED :+: __________________
INFO - main:134 - __________________sub-00008 ses-12 __________________
INFO - main:135 - file exists! -- starting transformation: 
INFO - main:162 - number of spikes within experiment: 5344
INFO - main:183 - * start_df: [1106734, 1121174, 1154826, 1169266, 1430365, 2859222, 4421378, 5794020, 7193881]
INFO - main:184 - * stop_df: [1108732, 1123172, 1156825, 1171265, 2498639, 3927495, 5489651, 6862293, 7838956]
INFO - main:185 - * total of 9 runs
INFO - main:200 - * adjusted start_df: [1431285, 2860142, 4422298, 5794940, 7194801]
INFO - main:201 - * adjusted stop_df: [2498640, 3927496, 5489653, 6862294, 7838958]
INFO - main:202 - * total of 5 runs
INFO - main:229 - __________________ :+: FINISHED :+: __________________
INFO - main:134 - __________________sub-00008 ses-13 __________________
INFO - main:135 - file exists! -- starting transformation: 
INFO - main:162 - number of spikes within experiment: 4644
INFO - main:183 - * start_df: [567878, 582318, 616156, 630596, 713878, 2087123, 3398518, 4746248]
INFO - main:184 - * stop_df: [569877, 584317, 618154, 632594, 1782151, 3155396, 4466791, 5814521]
INFO - main:185 - * total of 8 runs
INFO - main:200 - * adjusted start_df: [714798, 2088043, 3399438, 4747168]
INFO - main:201 - * adjusted stop_df: [1782153, 3155398, 4466792, 5814523]
INFO - main:202 - * total of 4 runs
INFO - main:229 - __________________ :+: FINISHED :+: __________________
INFO - main:134 - __________________sub-00008 ses-14 __________________
INFO - main:135 - file exists! -- starting transformation: 
INFO - main:162 - number of spikes within experiment: 5948
INFO - main:183 - * start_df: [1874134, 1888574, 1922231, 1936671, 3235334, 5026386, 6877423, 8773455]
INFO - main:184 - * stop_df: [1876133, 1890573, 1924229, 1938669, 4603526, 6394578, 8245615, 10141646]
INFO - main:185 - * total of 8 runs
INFO - main:200 - * adjusted start_df: [3236254, 5027306, 6878343, 8774375]
INFO - main:201 - * adjusted stop_df: [4603527, 6394579, 8245616, 10141648]
INFO - main:202 - * total of 4 runs
INFO - main:229 - __________________ :+: FINISHED :+: __________________
INFO - main:134 - __________________sub-00008 ses-15 __________________
INFO - main:135 - file exists! -- starting transformation: 
INFO - main:162 - number of spikes within experiment: 6060
INFO - main:183 - * start_df: [1964546, 1978986, 2013161, 2027601, 2980991, 4328202, 5973764, 7613089, 9386909]
INFO - main:184 - * stop_df: [1966544, 1980984, 2015160, 2029600, 3085109, 5696395, 7341957, 8981282, 10755101]
INFO - main:185 - * total of 9 runs
INFO - main:200 - * adjusted start_df: [2981911, 4329122, 5974684, 7614009, 9387829]
INFO - main:201 - * adjusted stop_df: [3085110, 5696396, 7341958, 8981283, 10755102]
INFO - main:202 - * total of 5 runs
INFO - main:217 - runs shorter than 300 sec: sub-00008 ses-15 [0] - run number in python order
INFO - main:229 - __________________ :+: FINISHED :+: __________________
INFO - main:134 - __________________sub-00008 ses-16 __________________
INFO - main:135 - file exists! -- starting transformation: 
INFO - main:162 - number of spikes within experiment: 5164
INFO - main:183 - * start_df: [1685135, 1699575, 1733234, 1747674, 2893542, 4477280, 5991566, 7567986]
INFO - main:184 - * stop_df: [1687134, 1701574, 1735232, 1749672, 4081416, 5665153, 7179439, 8755859]
INFO - main:185 - * total of 8 runs
INFO - main:200 - * adjusted start_df: [2894462, 4478200, 5992486, 7568906]
INFO - main:201 - * adjusted stop_df: [4081417, 5665155, 7179441, 8755861]
INFO - main:202 - * total of 4 runs
INFO - main:229 - __________________ :+: FINISHED :+: __________________
INFO - main:134 - __________________sub-00008 ses-17 __________________
INFO - main:135 - file exists! -- starting transformation: 
INFO - main:162 - number of spikes within experiment: 5160
INFO - main:183 - * start_df: [618104, 2076680, 3596938, 4971068]
INFO - main:184 - * stop_df: [1805978, 3264554, 4784811, 6158941]
INFO - main:185 - * total of 4 runs
INFO - main:200 - * adjusted start_df: [619024, 2077600, 3597858, 4971988]
INFO - main:201 - * adjusted stop_df: [1805979, 3264555, 4784813, 6158942]
INFO - main:202 - * total of 4 runs
INFO - main:229 - __________________ :+: FINISHED :+: __________________
INFO - main:134 - __________________sub-00008 ses-18 __________________
INFO - main:135 - file exists! -- starting transformation: 
INFO - main:162 - number of spikes within experiment: 12544
INFO - main:183 - * start_df: [222338, 236778, 270350, 284790, 931408, 2615762, 4315108, 6022241, 8415604, 9295284, 13206969, 14148790]
INFO - main:184 - * stop_df: [224337, 238778, 272350, 286790, 2299574, 3983928, 5683273, 7390406, 9060668, 13064588, 14036027, 14977847]
INFO - main:185 - * total of 12 runs
INFO - main:200 - * adjusted start_df: [931409, 2615763, 4316028, 6022242, 8415605, 9296204, 13207889, 14149710]
INFO - main:201 - * adjusted stop_df: [2299574, 3983928, 5683273, 7390407, 9060668, 13064588, 14036028, 14977849]
INFO - main:202 - * total of 8 runs
INFO - main:229 - __________________ :+: FINISHED :+: __________________
INFO - main:134 - __________________sub-00008 ses-19 __________________
INFO - main:135 - file exists! -- starting transformation: 
INFO - main:162 - number of spikes within experiment: 9528
INFO - main:183 - * start_df: [1033063, 1047503, 1081235, 1095674, 1662162, 3438132, 5161565, 7038905, 9141797, 10148157, 11205487, 12236300]
INFO - main:184 - * stop_df: [1035064, 1049504, 1083235, 1097675, 3030328, 4806298, 6529731, 8407071, 10026054, 11032413, 12089743, 12881364]
INFO - main:185 - * total of 12 runs
INFO - main:200 - * adjusted start_df: [1033064, 1047504, 1081236, 1095675, 1662163, 3438133, 5161566, 7038906, 9142717, 10149077, 11206407, 12236301]
INFO - main:201 - * adjusted stop_df: [1035064, 1049504, 1083236, 1097675, 3030328, 4806298, 6529731, 8407072, 10026055, 11032415, 12089745, 12881364]
INFO - main:202 - * total of 12 runs
INFO - main:217 - runs shorter than 300 sec: sub-00008 ses-19 [0, 1, 2, 3] - run number in python order
INFO - main:229 - __________________ :+: FINISHED :+: __________________
